****                   ADMIXTURE Version 1.3.0                  ****
****                    Copyright 2008-2015                     ****
****           David Alexander, Suyash Shringarpure,            ****
****                John  Novembre, Ken Lange                   ****
****                                                            ****
****                 Please cite our paper!                     ****
****   Information at www.genetics.ucla.edu/software/admixture  ****

Cross-validation will be performed.  Folds=10.
Random seed: 43
Point estimation method: Block relaxation algorithm
Convergence acceleration algorithm: QuasiNewton, 3 secant conditions
Point estimation will terminate when objective function delta < 0.0001
Estimation of standard errors disabled; will compute point estimates only.
Size of G: 19x7379
Performing five EM steps to prime main algorithm
1 (EM) 	Elapsed: 0.075	Loglikelihood: -105389	(delta): 53780.9
2 (EM) 	Elapsed: 0.072	Loglikelihood: -97491.2	(delta): 7898.19
3 (EM) 	Elapsed: 0.074	Loglikelihood: -92776.2	(delta): 4714.96
4 (EM) 	Elapsed: 0.068	Loglikelihood: -88669.5	(delta): 4106.74
5 (EM) 	Elapsed: 0.07	Loglikelihood: -84858.8	(delta): 3810.65
Initial loglikelihood: -84858.8
Starting main algorithm
1 (QN/Block) 	Elapsed: 0.365	Loglikelihood: -71503.6	(delta): 13355.2
2 (QN/Block) 	Elapsed: 0.372	Loglikelihood: -71089.2	(delta): 414.372
3 (QN/Block) 	Elapsed: 0.334	Loglikelihood: -71053.1	(delta): 36.1149
4 (QN/Block) 	Elapsed: 0.378	Loglikelihood: -71039.9	(delta): 13.1738
5 (QN/Block) 	Elapsed: 0.331	Loglikelihood: -71029.8	(delta): 10.1706
6 (QN/Block) 	Elapsed: 0.382	Loglikelihood: -71026.6	(delta): 3.19182
7 (QN/Block) 	Elapsed: 0.39	Loglikelihood: -71026.4	(delta): 0.195967
8 (QN/Block) 	Elapsed: 0.342	Loglikelihood: -71026.4	(delta): 0.00543561
9 (QN/Block) 	Elapsed: 0.344	Loglikelihood: -71026.4	(delta): 1.71449e-05
Summary: 
Converged in 9 iterations (3.654 sec)
Loglikelihood: -71026.378240
Fst divergences between estimated populations: 
	Pop0	Pop1	Pop2	Pop3	Pop4	Pop5	Pop6	Pop7	Pop8	Pop9	Pop10	Pop11	Pop12	Pop13	Pop14	Pop15	Pop16	
Pop0	
Pop1	0.430	
Pop2	0.444	0.433	
Pop3	0.458	0.494	0.480	
Pop4	0.408	0.408	0.424	0.441	
Pop5	0.420	0.436	0.439	0.436	0.412	
Pop6	0.479	0.492	0.471	0.499	0.421	0.406	
Pop7	0.421	0.479	0.485	0.367	0.433	0.430	0.498	
Pop8	0.420	0.443	0.432	0.475	0.371	0.437	0.463	0.472	
Pop9	0.452	0.494	0.434	0.476	0.429	0.426	0.487	0.459	0.470	
Pop10	0.434	0.468	0.410	0.430	0.426	0.453	0.475	0.456	0.449	0.455	
Pop11	0.393	0.457	0.450	0.422	0.405	0.416	0.469	0.403	0.441	0.452	0.436	
Pop12	0.403	0.423	0.422	0.434	0.435	0.417	0.488	0.418	0.454	0.441	0.440	0.446	
Pop13	0.407	0.438	0.430	0.424	0.379	0.386	0.443	0.413	0.408	0.410	0.420	0.365	0.434	
Pop14	0.388	0.418	0.400	0.455	0.394	0.406	0.454	0.437	0.448	0.412	0.445	0.430	0.395	0.403	
Pop15	0.459	0.467	0.443	0.491	0.456	0.461	0.486	0.469	0.430	0.487	0.478	0.474	0.467	0.443	0.451	
Pop16	0.440	0.436	0.414	0.438	0.401	0.421	0.460	0.445	0.417	0.452	0.395	0.392	0.442	0.369	0.425	0.434	
Pop17	0.448	0.471	0.423	0.494	0.440	0.418	0.488	0.499	0.447	0.354	0.449	0.456	0.468	0.421	0.409	0.473	0.450	
CV error (K=18): 0.34787
Writing output files.
