****                   ADMIXTURE Version 1.3.0                  ****
****                    Copyright 2008-2015                     ****
****           David Alexander, Suyash Shringarpure,            ****
****                John  Novembre, Ken Lange                   ****
****                                                            ****
****                 Please cite our paper!                     ****
****   Information at www.genetics.ucla.edu/software/admixture  ****

Cross-validation will be performed.  Folds=10.
Random seed: 43
Point estimation method: Block relaxation algorithm
Convergence acceleration algorithm: QuasiNewton, 3 secant conditions
Point estimation will terminate when objective function delta < 0.0001
Estimation of standard errors disabled; will compute point estimates only.
Size of G: 19x7379
Performing five EM steps to prime main algorithm
1 (EM) 	Elapsed: 0.036	Loglikelihood: -105925	(delta): 55128.5
2 (EM) 	Elapsed: 0.035	Loglikelihood: -98472.1	(delta): 7452.95
3 (EM) 	Elapsed: 0.035	Loglikelihood: -94297.2	(delta): 4174.91
4 (EM) 	Elapsed: 0.034	Loglikelihood: -90855.5	(delta): 3441.71
5 (EM) 	Elapsed: 0.034	Loglikelihood: -87786.1	(delta): 3069.45
Initial loglikelihood: -87786.1
Starting main algorithm
1 (QN/Block) 	Elapsed: 0.244	Loglikelihood: -63859.6	(delta): 23926.5
2 (QN/Block) 	Elapsed: 0.223	Loglikelihood: -56964.4	(delta): 6895.18
3 (QN/Block) 	Elapsed: 0.243	Loglikelihood: -55192.1	(delta): 1772.31
4 (QN/Block) 	Elapsed: 0.229	Loglikelihood: -54546.7	(delta): 645.413
5 (QN/Block) 	Elapsed: 0.232	Loglikelihood: -54152.2	(delta): 394.467
6 (QN/Block) 	Elapsed: 0.225	Loglikelihood: -53683.1	(delta): 469.125
7 (QN/Block) 	Elapsed: 0.22	Loglikelihood: -53620.2	(delta): 62.9087
8 (QN/Block) 	Elapsed: 0.226	Loglikelihood: -53600.2	(delta): 19.9694
9 (QN/Block) 	Elapsed: 0.255	Loglikelihood: -53596.2	(delta): 3.95977
10 (QN/Block) 	Elapsed: 0.225	Loglikelihood: -53595.8	(delta): 0.44764
11 (QN/Block) 	Elapsed: 0.223	Loglikelihood: -53595.8	(delta): 0.00431242
12 (QN/Block) 	Elapsed: 0.218	Loglikelihood: -53595.8	(delta): 1.44163e-06
Summary: 
Converged in 12 iterations (2.988 sec)
Loglikelihood: -53595.785603
Fst divergences between estimated populations: 
	Pop0	Pop1	Pop2	Pop3	Pop4	Pop5	Pop6	Pop7	Pop8	Pop9	Pop10	
Pop0	
Pop1	0.414	
Pop2	0.435	0.490	
Pop3	0.371	0.418	0.440	
Pop4	0.527	0.572	0.607	0.529	
Pop5	0.483	0.528	0.509	0.483	0.654	
Pop6	0.424	0.474	0.496	0.417	0.588	0.539	
Pop7	0.381	0.436	0.457	0.365	0.549	0.511	0.430	
Pop8	0.479	0.533	0.511	0.475	0.654	0.590	0.535	0.504	
Pop9	0.510	0.570	0.571	0.494	0.682	0.630	0.568	0.523	0.623	
Pop10	0.492	0.551	0.563	0.455	0.672	0.625	0.551	0.507	0.586	0.641	
Pop11	0.451	0.506	0.477	0.451	0.624	0.423	0.505	0.482	0.553	0.603	0.579	
CV error (K=12): 1.76631
Writing output files.
