****                   ADMIXTURE Version 1.3.0                  ****
****                    Copyright 2008-2015                     ****
****           David Alexander, Suyash Shringarpure,            ****
****                John  Novembre, Ken Lange                   ****
****                                                            ****
****                 Please cite our paper!                     ****
****   Information at www.genetics.ucla.edu/software/admixture  ****

Cross-validation will be performed.  Folds=10.
Random seed: 43
Point estimation method: Block relaxation algorithm
Convergence acceleration algorithm: QuasiNewton, 3 secant conditions
Point estimation will terminate when objective function delta < 0.0001
Estimation of standard errors disabled; will compute point estimates only.
Size of G: 19x7379
Performing five EM steps to prime main algorithm
1 (EM) 	Elapsed: 0.05	Loglikelihood: -105670	(delta): 54135.1
2 (EM) 	Elapsed: 0.049	Loglikelihood: -98137.1	(delta): 7533.25
3 (EM) 	Elapsed: 0.054	Loglikelihood: -93879.9	(delta): 4257.18
4 (EM) 	Elapsed: 0.062	Loglikelihood: -90320.9	(delta): 3558.94
5 (EM) 	Elapsed: 0.051	Loglikelihood: -87133.7	(delta): 3187.23
Initial loglikelihood: -87133.7
Starting main algorithm
1 (QN/Block) 	Elapsed: 0.346	Loglikelihood: -67582.1	(delta): 19551.6
2 (QN/Block) 	Elapsed: 0.288	Loglikelihood: -63232.6	(delta): 4349.45
3 (QN/Block) 	Elapsed: 0.31	Loglikelihood: -62349.1	(delta): 883.519
4 (QN/Block) 	Elapsed: 0.283	Loglikelihood: -61715.5	(delta): 633.663
5 (QN/Block) 	Elapsed: 0.303	Loglikelihood: -61299.9	(delta): 415.601
6 (QN/Block) 	Elapsed: 0.296	Loglikelihood: -60964.9	(delta): 334.987
7 (QN/Block) 	Elapsed: 0.297	Loglikelihood: -60899.3	(delta): 65.5578
8 (QN/Block) 	Elapsed: 0.343	Loglikelihood: -60867.6	(delta): 31.77
9 (QN/Block) 	Elapsed: 0.293	Loglikelihood: -60845.9	(delta): 21.6448
10 (QN/Block) 	Elapsed: 0.303	Loglikelihood: -60840.7	(delta): 5.16888
11 (QN/Block) 	Elapsed: 0.295	Loglikelihood: -60850.4	(delta): -9.6267
12 (QN/Block) 	Elapsed: 0.29	Loglikelihood: -60842	(delta): 8.38316
13 (QN/Block) 	Elapsed: 0.325	Loglikelihood: -60836.6	(delta): 5.39213
14 (QN/Block) 	Elapsed: 0.288	Loglikelihood: -60821.1	(delta): 15.5263
15 (QN/Block) 	Elapsed: 0.303	Loglikelihood: -60804.2	(delta): 16.9021
16 (QN/Block) 	Elapsed: 0.314	Loglikelihood: -60801.1	(delta): 3.0834
17 (QN/Block) 	Elapsed: 0.308	Loglikelihood: -60800.3	(delta): 0.757106
18 (QN/Block) 	Elapsed: 0.288	Loglikelihood: -60802.3	(delta): -1.933
19 (QN/Block) 	Elapsed: 0.274	Loglikelihood: -60794	(delta): 8.20433
20 (QN/Block) 	Elapsed: 0.301	Loglikelihood: -60797.5	(delta): -3.41288
21 (QN/Block) 	Elapsed: 0.274	Loglikelihood: -60795.8	(delta): 1.64444
22 (QN/Block) 	Elapsed: 0.276	Loglikelihood: -60797.7	(delta): -1.85267
23 (QN/Block) 	Elapsed: 0.282	Loglikelihood: -60800.5	(delta): -2.85792
24 (QN/Block) 	Elapsed: 0.277	Loglikelihood: -60796.4	(delta): 4.12533
25 (QN/Block) 	Elapsed: 0.273	Loglikelihood: -60793.6	(delta): 2.77125
26 (QN/Block) 	Elapsed: 0.28	Loglikelihood: -60788.3	(delta): 5.36527
27 (QN/Block) 	Elapsed: 0.288	Loglikelihood: -60781.4	(delta): 6.85589
28 (QN/Block) 	Elapsed: 0.283	Loglikelihood: -60779.6	(delta): 1.84901
29 (QN/Block) 	Elapsed: 0.283	Loglikelihood: -60773.7	(delta): 5.88168
30 (QN/Block) 	Elapsed: 0.287	Loglikelihood: -60770.7	(delta): 3.02019
31 (QN/Block) 	Elapsed: 0.284	Loglikelihood: -60766.6	(delta): 4.02269
32 (QN/Block) 	Elapsed: 0.272	Loglikelihood: -60764.7	(delta): 1.90319
33 (QN/Block) 	Elapsed: 0.282	Loglikelihood: -60765.3	(delta): -0.568859
34 (QN/Block) 	Elapsed: 0.301	Loglikelihood: -60764.8	(delta): 0.456769
35 (QN/Block) 	Elapsed: 0.278	Loglikelihood: -60767.5	(delta): -2.62904
36 (QN/Block) 	Elapsed: 0.279	Loglikelihood: -60767	(delta): 0.48622
37 (QN/Block) 	Elapsed: 0.27	Loglikelihood: -60765	(delta): 1.98774
38 (QN/Block) 	Elapsed: 0.278	Loglikelihood: -60765.1	(delta): -0.134495
39 (QN/Block) 	Elapsed: 0.281	Loglikelihood: -60767.1	(delta): -1.92676
40 (QN/Block) 	Elapsed: 0.291	Loglikelihood: -60773.9	(delta): -6.86977
41 (QN/Block) 	Elapsed: 0.282	Loglikelihood: -60773.6	(delta): 0.327465
42 (QN/Block) 	Elapsed: 0.27	Loglikelihood: -60770	(delta): 3.56841
43 (QN/Block) 	Elapsed: 0.27	Loglikelihood: -60773.9	(delta): -3.89623
44 (QN/Block) 	Elapsed: 0.272	Loglikelihood: -60769.8	(delta): 4.08302
45 (QN/Block) 	Elapsed: 0.291	Loglikelihood: -60775.6	(delta): -5.78756
46 (QN/Block) 	Elapsed: 0.269	Loglikelihood: -60773.7	(delta): 1.90511
47 (QN/Block) 	Elapsed: 0.28	Loglikelihood: -60777.6	(delta): -3.91464
48 (QN/Block) 	Elapsed: 0.28	Loglikelihood: -60776.5	(delta): 1.16527
49 (QN/Block) 	Elapsed: 0.271	Loglikelihood: -60762.6	(delta): 13.8687
50 (QN/Block) 	Elapsed: 0.272	Loglikelihood: -60742.7	(delta): 19.8985
51 (QN/Block) 	Elapsed: 0.309	Loglikelihood: -60738.8	(delta): 3.95202
52 (QN/Block) 	Elapsed: 0.328	Loglikelihood: -60749.3	(delta): -10.5173
53 (QN/Block) 	Elapsed: 0.296	Loglikelihood: -60741.5	(delta): 7.76326
54 (QN/Block) 	Elapsed: 0.305	Loglikelihood: -60740.2	(delta): 1.28708
55 (QN/Block) 	Elapsed: 0.278	Loglikelihood: -60738.6	(delta): 1.65467
56 (QN/Block) 	Elapsed: 0.288	Loglikelihood: -60737	(delta): 1.56623
57 (QN/Block) 	Elapsed: 0.292	Loglikelihood: -60733.9	(delta): 3.14942
58 (QN/Block) 	Elapsed: 0.285	Loglikelihood: -60736.1	(delta): -2.28836
59 (QN/Block) 	Elapsed: 0.279	Loglikelihood: -60734.6	(delta): 1.54486
60 (QN/Block) 	Elapsed: 0.28	Loglikelihood: -60732.6	(delta): 1.9847
61 (QN/Block) 	Elapsed: 0.273	Loglikelihood: -60731.7	(delta): 0.89762
62 (QN/Block) 	Elapsed: 0.283	Loglikelihood: -60732.4	(delta): -0.703384
63 (QN/Block) 	Elapsed: 0.279	Loglikelihood: -60732.8	(delta): -0.39632
64 (QN/Block) 	Elapsed: 0.275	Loglikelihood: -60731.9	(delta): 0.930704
65 (QN/Block) 	Elapsed: 0.315	Loglikelihood: -60733.1	(delta): -1.18468
66 (QN/Block) 	Elapsed: 0.537	Loglikelihood: -60731	(delta): 2.03063
67 (QN/Block) 	Elapsed: 0.276	Loglikelihood: -60734.5	(delta): -3.41963
68 (QN/Block) 	Elapsed: 0.271	Loglikelihood: -60730	(delta): 4.44137
69 (QN/Block) 	Elapsed: 0.285	Loglikelihood: -60730	(delta): 0.0582787
70 (QN/Block) 	Elapsed: 0.282	Loglikelihood: -60729	(delta): 0.94394
71 (QN/Block) 	Elapsed: 0.274	Loglikelihood: -60723.9	(delta): 5.12588
72 (QN/Block) 	Elapsed: 0.279	Loglikelihood: -60720.6	(delta): 3.25802
73 (QN/Block) 	Elapsed: 0.294	Loglikelihood: -60718.9	(delta): 1.69199
74 (QN/Block) 	Elapsed: 0.287	Loglikelihood: -60718.7	(delta): 0.206572
75 (QN/Block) 	Elapsed: 0.274	Loglikelihood: -60720.7	(delta): -1.99261
76 (QN/Block) 	Elapsed: 0.287	Loglikelihood: -60718.2	(delta): 2.48091
77 (QN/Block) 	Elapsed: 0.279	Loglikelihood: -60717.4	(delta): 0.798767
78 (QN/Block) 	Elapsed: 0.291	Loglikelihood: -60716.8	(delta): 0.628689
79 (QN/Block) 	Elapsed: 0.273	Loglikelihood: -60715.5	(delta): 1.33565
80 (QN/Block) 	Elapsed: 0.278	Loglikelihood: -60720.8	(delta): -5.35845
81 (QN/Block) 	Elapsed: 0.278	Loglikelihood: -60722.8	(delta): -1.98606
82 (QN/Block) 	Elapsed: 0.282	Loglikelihood: -60723.4	(delta): -0.619238
83 (QN/Block) 	Elapsed: 0.278	Loglikelihood: -60721.7	(delta): 1.7539
84 (QN/Block) 	Elapsed: 0.315	Loglikelihood: -60721.2	(delta): 0.445113
85 (QN/Block) 	Elapsed: 0.276	Loglikelihood: -60720.7	(delta): 0.557957
86 (QN/Block) 	Elapsed: 0.28	Loglikelihood: -60723.2	(delta): -2.54187
87 (QN/Block) 	Elapsed: 0.279	Loglikelihood: -60722.2	(delta): 1.00279
88 (QN/Block) 	Elapsed: 0.285	Loglikelihood: -60720.8	(delta): 1.41961
89 (QN/Block) 	Elapsed: 0.276	Loglikelihood: -60718.9	(delta): 1.94432
90 (QN/Block) 	Elapsed: 0.3	Loglikelihood: -60717.6	(delta): 1.25638
91 (QN/Block) 	Elapsed: 0.277	Loglikelihood: -60716.2	(delta): 1.37361
92 (QN/Block) 	Elapsed: 0.277	Loglikelihood: -60722.9	(delta): -6.66285
93 (QN/Block) 	Elapsed: 0.271	Loglikelihood: -60730.9	(delta): -8.04164
94 (QN/Block) 	Elapsed: 0.275	Loglikelihood: -60722.5	(delta): 8.41013
95 (QN/Block) 	Elapsed: 0.271	Loglikelihood: -60721.9	(delta): 0.658396
96 (QN/Block) 	Elapsed: 0.283	Loglikelihood: -60718.7	(delta): 3.1482
97 (QN/Block) 	Elapsed: 0.278	Loglikelihood: -60722.6	(delta): -3.91689
98 (QN/Block) 	Elapsed: 0.275	Loglikelihood: -60717	(delta): 5.59682
99 (QN/Block) 	Elapsed: 0.283	Loglikelihood: -60716.4	(delta): 0.596686
100 (QN/Block) 	Elapsed: 0.28	Loglikelihood: -60726.8	(delta): -10.3234
101 (QN/Block) 	Elapsed: 0.288	Loglikelihood: -60723.9	(delta): 2.88361
102 (QN/Block) 	Elapsed: 0.284	Loglikelihood: -60719.6	(delta): 4.26346
103 (QN/Block) 	Elapsed: 0.281	Loglikelihood: -60719.7	(delta): -0.0365391
104 (QN/Block) 	Elapsed: 0.323	Loglikelihood: -60721.5	(delta): -1.86192
105 (QN/Block) 	Elapsed: 0.301	Loglikelihood: -60723.8	(delta): -2.30885
106 (QN/Block) 	Elapsed: 0.282	Loglikelihood: -60723.9	(delta): -0.0694256
107 (QN/Block) 	Elapsed: 0.279	Loglikelihood: -60720.8	(delta): 3.09487
108 (QN/Block) 	Elapsed: 0.277	Loglikelihood: -60720.2	(delta): 0.560991
109 (QN/Block) 	Elapsed: 0.297	Loglikelihood: -60720.6	(delta): -0.345206
110 (QN/Block) 	Elapsed: 0.279	Loglikelihood: -60720.8	(delta): -0.250556
111 (QN/Block) 	Elapsed: 0.326	Loglikelihood: -60738	(delta): -17.1516
112 (QN/Block) 	Elapsed: 0.282	Loglikelihood: -60722.6	(delta): 15.4137
113 (QN/Block) 	Elapsed: 0.306	Loglikelihood: -60727.5	(delta): -4.95798
114 (QN/Block) 	Elapsed: 0.334	Loglikelihood: -60728.4	(delta): -0.895564
115 (QN/Block) 	Elapsed: 0.27	Loglikelihood: -60726.2	(delta): 2.23192
116 (QN/Block) 	Elapsed: 0.309	Loglikelihood: -60725.8	(delta): 0.401859
117 (QN/Block) 	Elapsed: 0.29	Loglikelihood: -60731.6	(delta): -5.81322
118 (QN/Block) 	Elapsed: 0.309	Loglikelihood: -60730.9	(delta): 0.742458
119 (QN/Block) 	Elapsed: 0.267	Loglikelihood: -60728.2	(delta): 2.64194
120 (QN/Block) 	Elapsed: 0.291	Loglikelihood: -60727.9	(delta): 0.281887
121 (QN/Block) 	Elapsed: 0.289	Loglikelihood: -60731	(delta): -3.04693
122 (QN/Block) 	Elapsed: 0.304	Loglikelihood: -60734.9	(delta): -3.92574
123 (QN/Block) 	Elapsed: 0.758	Loglikelihood: -60731.5	(delta): 3.43947
124 (QN/Block) 	Elapsed: 0.502	Loglikelihood: -60729.7	(delta): 1.7735
125 (QN/Block) 	Elapsed: 0.436	Loglikelihood: -60728.4	(delta): 1.35068
126 (QN/Block) 	Elapsed: 0.498	Loglikelihood: -60731.4	(delta): -3.06963
127 (QN/Block) 	Elapsed: 0.308	Loglikelihood: -60737.6	(delta): -6.20872
128 (QN/Block) 	Elapsed: 0.285	Loglikelihood: -60735.8	(delta): 1.86267
129 (QN/Block) 	Elapsed: 0.392	Loglikelihood: -60732.1	(delta): 3.67249
130 (QN/Block) 	Elapsed: 0.343	Loglikelihood: -60737.8	(delta): -5.71514
131 (QN/Block) 	Elapsed: 0.383	Loglikelihood: -60729.5	(delta): 8.3419
132 (QN/Block) 	Elapsed: 0.361	Loglikelihood: -60729.5	(delta): -0.0340396
133 (QN/Block) 	Elapsed: 0.278	Loglikelihood: -60727.2	(delta): 2.3357
134 (QN/Block) 	Elapsed: 0.281	Loglikelihood: -60725.8	(delta): 1.3553
135 (QN/Block) 	Elapsed: 0.308	Loglikelihood: -60723.9	(delta): 1.93604
136 (QN/Block) 	Elapsed: 0.288	Loglikelihood: -60719.7	(delta): 4.14767
137 (QN/Block) 	Elapsed: 0.429	Loglikelihood: -60717.3	(delta): 2.47547
138 (QN/Block) 	Elapsed: 0.315	Loglikelihood: -60724	(delta): -6.69831
139 (QN/Block) 	Elapsed: 0.32	Loglikelihood: -60732.1	(delta): -8.13781
140 (QN/Block) 	Elapsed: 0.274	Loglikelihood: -60726.3	(delta): 5.77746
141 (QN/Block) 	Elapsed: 0.317	Loglikelihood: -60727.7	(delta): -1.39201
142 (QN/Block) 	Elapsed: 0.271	Loglikelihood: -60727.6	(delta): 0.107687
143 (QN/Block) 	Elapsed: 0.28	Loglikelihood: -60726.4	(delta): 1.1499
144 (QN/Block) 	Elapsed: 0.277	Loglikelihood: -60725.6	(delta): 0.81038
145 (QN/Block) 	Elapsed: 0.313	Loglikelihood: -60724.4	(delta): 1.18863
146 (QN/Block) 	Elapsed: 0.31	Loglikelihood: -60722.9	(delta): 1.56142
147 (QN/Block) 	Elapsed: 0.542	Loglikelihood: -60728.1	(delta): -5.23107
148 (QN/Block) 	Elapsed: 0.551	Loglikelihood: -60726.9	(delta): 1.21235
149 (QN/Block) 	Elapsed: 0.554	Loglikelihood: -60732	(delta): -5.13551
150 (QN/Block) 	Elapsed: 0.455	Loglikelihood: -60727	(delta): 5.00998
151 (QN/Block) 	Elapsed: 0.29	Loglikelihood: -60726.5	(delta): 0.480697
152 (QN/Block) 	Elapsed: 0.312	Loglikelihood: -60724.5	(delta): 2.04631
153 (QN/Block) 	Elapsed: 0.313	Loglikelihood: -60723.2	(delta): 1.27315
154 (QN/Block) 	Elapsed: 0.269	Loglikelihood: -60727.2	(delta): -3.93393
155 (QN/Block) 	Elapsed: 0.271	Loglikelihood: -60725	(delta): 2.1695
156 (QN/Block) 	Elapsed: 0.279	Loglikelihood: -60722.7	(delta): 2.28913
157 (QN/Block) 	Elapsed: 0.374	Loglikelihood: -60726.5	(delta): -3.75398
158 (QN/Block) 	Elapsed: 0.286	Loglikelihood: -60725	(delta): 1.4618
159 (QN/Block) 	Elapsed: 0.273	Loglikelihood: -60722.2	(delta): 2.81119
160 (QN/Block) 	Elapsed: 0.338	Loglikelihood: -60724.1	(delta): -1.94391
161 (QN/Block) 	Elapsed: 0.328	Loglikelihood: -60722.2	(delta): 1.94071
162 (QN/Block) 	Elapsed: 0.293	Loglikelihood: -60720.4	(delta): 1.74557
163 (QN/Block) 	Elapsed: 0.27	Loglikelihood: -60718.3	(delta): 2.11418
164 (QN/Block) 	Elapsed: 0.28	Loglikelihood: -60715.3	(delta): 2.98223
165 (QN/Block) 	Elapsed: 0.288	Loglikelihood: -60713.9	(delta): 1.46005
166 (QN/Block) 	Elapsed: 0.429	Loglikelihood: -60720.9	(delta): -6.97535
167 (QN/Block) 	Elapsed: 0.304	Loglikelihood: -60719.2	(delta): 1.65508
168 (QN/Block) 	Elapsed: 0.316	Loglikelihood: -60719.1	(delta): 0.0918962
169 (QN/Block) 	Elapsed: 0.279	Loglikelihood: -60724.7	(delta): -5.60917
170 (QN/Block) 	Elapsed: 0.283	Loglikelihood: -60721.9	(delta): 2.8717
171 (QN/Block) 	Elapsed: 0.272	Loglikelihood: -60720.4	(delta): 1.4489
172 (QN/Block) 	Elapsed: 0.277	Loglikelihood: -60718.8	(delta): 1.65137
173 (QN/Block) 	Elapsed: 0.27	Loglikelihood: -60725.8	(delta): -7.03992
174 (QN/Block) 	Elapsed: 0.271	Loglikelihood: -60725.5	(delta): 0.295965
175 (QN/Block) 	Elapsed: 0.269	Loglikelihood: -60724.1	(delta): 1.44699
176 (QN/Block) 	Elapsed: 0.279	Loglikelihood: -60720.7	(delta): 3.30511
177 (QN/Block) 	Elapsed: 0.277	Loglikelihood: -60728.1	(delta): -7.36704
178 (QN/Block) 	Elapsed: 0.273	Loglikelihood: -60729.8	(delta): -1.69719
179 (QN/Block) 	Elapsed: 0.325	Loglikelihood: -60727.7	(delta): 2.15627
180 (QN/Block) 	Elapsed: 0.296	Loglikelihood: -60771.3	(delta): -43.6509
181 (QN/Block) 	Elapsed: 0.275	Loglikelihood: -60765.8	(delta): 5.55277
182 (QN/Block) 	Elapsed: 0.271	Loglikelihood: -60704.2	(delta): 61.5602
183 (QN/Block) 	Elapsed: 0.282	Loglikelihood: -60698.9	(delta): 5.28359
184 (QN/Block) 	Elapsed: 0.278	Loglikelihood: -60695.5	(delta): 3.3738
185 (QN/Block) 	Elapsed: 0.269	Loglikelihood: -60691.5	(delta): 4.00427
186 (QN/Block) 	Elapsed: 0.337	Loglikelihood: -60690.1	(delta): 1.43222
187 (QN/Block) 	Elapsed: 0.302	Loglikelihood: -60689.6	(delta): 0.482835
188 (QN/Block) 	Elapsed: 0.335	Loglikelihood: -60687.6	(delta): 1.96954
189 (QN/Block) 	Elapsed: 0.276	Loglikelihood: -60695.1	(delta): -7.49132
190 (QN/Block) 	Elapsed: 0.365	Loglikelihood: -60693.3	(delta): 1.84458
191 (QN/Block) 	Elapsed: 0.284	Loglikelihood: -60691.4	(delta): 1.89163
192 (QN/Block) 	Elapsed: 0.277	Loglikelihood: -60693.8	(delta): -2.43412
193 (QN/Block) 	Elapsed: 0.334	Loglikelihood: -60695.1	(delta): -1.28702
194 (QN/Block) 	Elapsed: 0.313	Loglikelihood: -60695.2	(delta): -0.120143
195 (QN/Block) 	Elapsed: 0.277	Loglikelihood: -60693.3	(delta): 1.9074
196 (QN/Block) 	Elapsed: 0.324	Loglikelihood: -60690.1	(delta): 3.27081
197 (QN/Block) 	Elapsed: 0.284	Loglikelihood: -60687.5	(delta): 2.5631
198 (QN/Block) 	Elapsed: 0.474	Loglikelihood: -60686.9	(delta): 0.563803
199 (QN/Block) 	Elapsed: 0.278	Loglikelihood: -60685.7	(delta): 1.27266
200 (QN/Block) 	Elapsed: 0.47	Loglikelihood: -60685.2	(delta): 0.449308
201 (QN/Block) 	Elapsed: 0.281	Loglikelihood: -60691.2	(delta): -5.98713
202 (QN/Block) 	Elapsed: 0.327	Loglikelihood: -60689.5	(delta): 1.70064
203 (QN/Block) 	Elapsed: 0.319	Loglikelihood: -60688.3	(delta): 1.20344
204 (QN/Block) 	Elapsed: 0.418	Loglikelihood: -60688.8	(delta): -0.519515
205 (QN/Block) 	Elapsed: 0.279	Loglikelihood: -60687.7	(delta): 1.16653
206 (QN/Block) 	Elapsed: 0.312	Loglikelihood: -60686.4	(delta): 1.20485
207 (QN/Block) 	Elapsed: 0.276	Loglikelihood: -60692.2	(delta): -5.72317
208 (QN/Block) 	Elapsed: 0.292	Loglikelihood: -60689.3	(delta): 2.84763
209 (QN/Block) 	Elapsed: 0.325	Loglikelihood: -60686.9	(delta): 2.39211
210 (QN/Block) 	Elapsed: 0.299	Loglikelihood: -60685.8	(delta): 1.10418
211 (QN/Block) 	Elapsed: 0.278	Loglikelihood: -60681.2	(delta): 4.65433
212 (QN/Block) 	Elapsed: 0.276	Loglikelihood: -60679.9	(delta): 1.2771
213 (QN/Block) 	Elapsed: 0.27	Loglikelihood: -60678.9	(delta): 0.967797
214 (QN/Block) 	Elapsed: 0.346	Loglikelihood: -60683.4	(delta): -4.50652
215 (QN/Block) 	Elapsed: 0.324	Loglikelihood: -60681.5	(delta): 1.95379
216 (QN/Block) 	Elapsed: 0.337	Loglikelihood: -60682.3	(delta): -0.783316
217 (QN/Block) 	Elapsed: 0.326	Loglikelihood: -60681.6	(delta): 0.692288
218 (QN/Block) 	Elapsed: 0.388	Loglikelihood: -60681	(delta): 0.568696
219 (QN/Block) 	Elapsed: 0.33	Loglikelihood: -60682	(delta): -1.0083
220 (QN/Block) 	Elapsed: 0.295	Loglikelihood: -60680.2	(delta): 1.84853
221 (QN/Block) 	Elapsed: 0.32	Loglikelihood: -60679.4	(delta): 0.775936
222 (QN/Block) 	Elapsed: 0.315	Loglikelihood: -60679.4	(delta): -0.0565447
223 (QN/Block) 	Elapsed: 0.337	Loglikelihood: -60679	(delta): 0.462465
224 (QN/Block) 	Elapsed: 0.306	Loglikelihood: -60680.7	(delta): -1.74118
225 (QN/Block) 	Elapsed: 0.269	Loglikelihood: -60681.5	(delta): -0.753546
226 (QN/Block) 	Elapsed: 0.273	Loglikelihood: -60686.4	(delta): -4.94364
227 (QN/Block) 	Elapsed: 0.274	Loglikelihood: -60680.5	(delta): 5.94622
228 (QN/Block) 	Elapsed: 0.271	Loglikelihood: -60678.5	(delta): 1.98084
229 (QN/Block) 	Elapsed: 0.307	Loglikelihood: -60680.1	(delta): -1.56747
230 (QN/Block) 	Elapsed: 0.322	Loglikelihood: -60680.7	(delta): -0.622918
231 (QN/Block) 	Elapsed: 0.368	Loglikelihood: -60680.1	(delta): 0.57995
232 (QN/Block) 	Elapsed: 0.337	Loglikelihood: -60689.1	(delta): -9.03887
233 (QN/Block) 	Elapsed: 0.313	Loglikelihood: -60688.3	(delta): 0.79879
234 (QN/Block) 	Elapsed: 0.324	Loglikelihood: -60690.1	(delta): -1.79642
235 (QN/Block) 	Elapsed: 0.325	Loglikelihood: -60696.3	(delta): -6.16751
236 (QN/Block) 	Elapsed: 0.345	Loglikelihood: -60698.8	(delta): -2.50705
237 (QN/Block) 	Elapsed: 0.488	Loglikelihood: -60695.4	(delta): 3.4119
238 (QN/Block) 	Elapsed: 0.56	Loglikelihood: -60694.3	(delta): 1.14586
239 (QN/Block) 	Elapsed: 0.457	Loglikelihood: -60689.1	(delta): 5.1349
240 (QN/Block) 	Elapsed: 0.464	Loglikelihood: -60692.3	(delta): -3.206
241 (QN/Block) 	Elapsed: 0.439	Loglikelihood: -60691.2	(delta): 1.08423
242 (QN/Block) 	Elapsed: 0.286	Loglikelihood: -60689.9	(delta): 1.34857
243 (QN/Block) 	Elapsed: 0.645	Loglikelihood: -60692.2	(delta): -2.31251
244 (QN/Block) 	Elapsed: 0.368	Loglikelihood: -60692.5	(delta): -0.24986
245 (QN/Block) 	Elapsed: 0.277	Loglikelihood: -60701.3	(delta): -8.84479
246 (QN/Block) 	Elapsed: 0.269	Loglikelihood: -60700.8	(delta): 0.523913
247 (QN/Block) 	Elapsed: 0.268	Loglikelihood: -60697.4	(delta): 3.37672
248 (QN/Block) 	Elapsed: 0.27	Loglikelihood: -60701.5	(delta): -4.14662
249 (QN/Block) 	Elapsed: 0.279	Loglikelihood: -60697.8	(delta): 3.75063
250 (QN/Block) 	Elapsed: 0.27	Loglikelihood: -60697.3	(delta): 0.469185
251 (QN/Block) 	Elapsed: 0.275	Loglikelihood: -60711.1	(delta): -13.742
252 (QN/Block) 	Elapsed: 0.283	Loglikelihood: -60706.9	(delta): 4.1234
253 (QN/Block) 	Elapsed: 0.268	Loglikelihood: -60699	(delta): 7.91672
254 (QN/Block) 	Elapsed: 0.276	Loglikelihood: -60695.5	(delta): 3.49321
255 (QN/Block) 	Elapsed: 0.269	Loglikelihood: -60699.9	(delta): -4.32055
256 (QN/Block) 	Elapsed: 0.277	Loglikelihood: -60695.7	(delta): 4.19224
257 (QN/Block) 	Elapsed: 0.278	Loglikelihood: -60693.9	(delta): 1.79338
258 (QN/Block) 	Elapsed: 0.302	Loglikelihood: -60682.4	(delta): 11.4591
259 (QN/Block) 	Elapsed: 0.335	Loglikelihood: -60680.8	(delta): 1.59992
260 (QN/Block) 	Elapsed: 0.324	Loglikelihood: -60680	(delta): 0.842528
261 (QN/Block) 	Elapsed: 0.282	Loglikelihood: -60678.5	(delta): 1.41907
262 (QN/Block) 	Elapsed: 0.271	Loglikelihood: -60678	(delta): 0.571311
263 (QN/Block) 	Elapsed: 0.411	Loglikelihood: -60677.6	(delta): 0.423035
264 (QN/Block) 	Elapsed: 0.296	Loglikelihood: -60684.2	(delta): -6.68108
265 (QN/Block) 	Elapsed: 0.291	Loglikelihood: -60683.6	(delta): 0.648095
266 (QN/Block) 	Elapsed: 0.296	Loglikelihood: -60681.7	(delta): 1.8508
267 (QN/Block) 	Elapsed: 0.294	Loglikelihood: -60680.9	(delta): 0.811693
268 (QN/Block) 	Elapsed: 0.286	Loglikelihood: -60681.4	(delta): -0.475049
269 (QN/Block) 	Elapsed: 0.302	Loglikelihood: -60681.5	(delta): -0.0535565
270 (QN/Block) 	Elapsed: 0.277	Loglikelihood: -60680.3	(delta): 1.13638
271 (QN/Block) 	Elapsed: 0.3	Loglikelihood: -60705.1	(delta): -24.8185
272 (QN/Block) 	Elapsed: 0.279	Loglikelihood: -60716.1	(delta): -10.9739
273 (QN/Block) 	Elapsed: 0.302	Loglikelihood: -60705.7	(delta): 10.3916
274 (QN/Block) 	Elapsed: 0.283	Loglikelihood: -60668.3	(delta): 37.4655
275 (QN/Block) 	Elapsed: 0.282	Loglikelihood: -60656.2	(delta): 12.0359
276 (QN/Block) 	Elapsed: 0.275	Loglikelihood: -60644.8	(delta): 11.3863
277 (QN/Block) 	Elapsed: 0.291	Loglikelihood: -60650.6	(delta): -5.74809
278 (QN/Block) 	Elapsed: 0.308	Loglikelihood: -60639.1	(delta): 11.4332
279 (QN/Block) 	Elapsed: 0.272	Loglikelihood: -60654.6	(delta): -15.4529
280 (QN/Block) 	Elapsed: 0.301	Loglikelihood: -60641.8	(delta): 12.7858
281 (QN/Block) 	Elapsed: 0.308	Loglikelihood: -60637.2	(delta): 4.65819
282 (QN/Block) 	Elapsed: 0.287	Loglikelihood: -60636.4	(delta): 0.762366
283 (QN/Block) 	Elapsed: 0.314	Loglikelihood: -60632.5	(delta): 3.897
284 (QN/Block) 	Elapsed: 0.29	Loglikelihood: -60625.8	(delta): 6.74015
285 (QN/Block) 	Elapsed: 0.276	Loglikelihood: -60624.4	(delta): 1.38436
286 (QN/Block) 	Elapsed: 0.288	Loglikelihood: -60628.5	(delta): -4.14348
287 (QN/Block) 	Elapsed: 0.296	Loglikelihood: -60623.6	(delta): 4.87279
288 (QN/Block) 	Elapsed: 0.281	Loglikelihood: -60623.1	(delta): 0.523852
289 (QN/Block) 	Elapsed: 0.289	Loglikelihood: -60619.6	(delta): 3.53042
290 (QN/Block) 	Elapsed: 0.302	Loglikelihood: -60614.1	(delta): 5.49444
291 (QN/Block) 	Elapsed: 0.314	Loglikelihood: -60612.4	(delta): 1.69598
292 (QN/Block) 	Elapsed: 0.285	Loglikelihood: -60611.3	(delta): 1.12952
293 (QN/Block) 	Elapsed: 0.427	Loglikelihood: -60612.5	(delta): -1.22446
294 (QN/Block) 	Elapsed: 0.371	Loglikelihood: -60612.5	(delta): 0.00740363
295 (QN/Block) 	Elapsed: 0.298	Loglikelihood: -60610.7	(delta): 1.75543
296 (QN/Block) 	Elapsed: 0.271	Loglikelihood: -60611.1	(delta): -0.36036
297 (QN/Block) 	Elapsed: 0.297	Loglikelihood: -60610.4	(delta): 0.674875
298 (QN/Block) 	Elapsed: 0.272	Loglikelihood: -60610.8	(delta): -0.36239
299 (QN/Block) 	Elapsed: 0.281	Loglikelihood: -60609.8	(delta): 0.950759
300 (QN/Block) 	Elapsed: 0.284	Loglikelihood: -60606.6	(delta): 3.2326
301 (QN/Block) 	Elapsed: 0.285	Loglikelihood: -60604.9	(delta): 1.64263
302 (QN/Block) 	Elapsed: 0.282	Loglikelihood: -60604.8	(delta): 0.121118
303 (QN/Block) 	Elapsed: 0.287	Loglikelihood: -60605.8	(delta): -0.971626
304 (QN/Block) 	Elapsed: 0.276	Loglikelihood: -60605.5	(delta): 0.281005
305 (QN/Block) 	Elapsed: 0.281	Loglikelihood: -60604.6	(delta): 0.873111
306 (QN/Block) 	Elapsed: 0.271	Loglikelihood: -60615.8	(delta): -11.1725
307 (QN/Block) 	Elapsed: 0.285	Loglikelihood: -60612.3	(delta): 3.52224
308 (QN/Block) 	Elapsed: 0.278	Loglikelihood: -60611.5	(delta): 0.802215
309 (QN/Block) 	Elapsed: 0.288	Loglikelihood: -60609.4	(delta): 2.10943
310 (QN/Block) 	Elapsed: 0.273	Loglikelihood: -60608.9	(delta): 0.45661
311 (QN/Block) 	Elapsed: 0.276	Loglikelihood: -60606.2	(delta): 2.71363
312 (QN/Block) 	Elapsed: 0.285	Loglikelihood: -60605.3	(delta): 0.919277
313 (QN/Block) 	Elapsed: 0.283	Loglikelihood: -60603.3	(delta): 1.96846
314 (QN/Block) 	Elapsed: 0.292	Loglikelihood: -60603	(delta): 0.296015
315 (QN/Block) 	Elapsed: 0.279	Loglikelihood: -60606.9	(delta): -3.85458
316 (QN/Block) 	Elapsed: 0.294	Loglikelihood: -60605.2	(delta): 1.68248
317 (QN/Block) 	Elapsed: 0.284	Loglikelihood: -60604.3	(delta): 0.913644
318 (QN/Block) 	Elapsed: 0.288	Loglikelihood: -60604.7	(delta): -0.40038
319 (QN/Block) 	Elapsed: 0.283	Loglikelihood: -60603.7	(delta): 0.966837
320 (QN/Block) 	Elapsed: 0.281	Loglikelihood: -60603.3	(delta): 0.373117
321 (QN/Block) 	Elapsed: 0.279	Loglikelihood: -60601.6	(delta): 1.70598
322 (QN/Block) 	Elapsed: 0.279	Loglikelihood: -60600.6	(delta): 1.06299
323 (QN/Block) 	Elapsed: 0.273	Loglikelihood: -60600.1	(delta): 0.44978
324 (QN/Block) 	Elapsed: 0.275	Loglikelihood: -60599.4	(delta): 0.704637
325 (QN/Block) 	Elapsed: 0.276	Loglikelihood: -60598.1	(delta): 1.28324
326 (QN/Block) 	Elapsed: 0.272	Loglikelihood: -60599.3	(delta): -1.12934
327 (QN/Block) 	Elapsed: 0.282	Loglikelihood: -60598.3	(delta): 0.959631
328 (QN/Block) 	Elapsed: 0.274	Loglikelihood: -60598.3	(delta): 0.0454099
329 (QN/Block) 	Elapsed: 0.272	Loglikelihood: -60597.9	(delta): 0.370808
330 (QN/Block) 	Elapsed: 0.27	Loglikelihood: -60599.3	(delta): -1.37885
331 (QN/Block) 	Elapsed: 0.275	Loglikelihood: -60598.4	(delta): 0.856771
332 (QN/Block) 	Elapsed: 0.277	Loglikelihood: -60598.4	(delta): 0.0677346
333 (QN/Block) 	Elapsed: 0.28	Loglikelihood: -60598	(delta): 0.321434
334 (QN/Block) 	Elapsed: 0.275	Loglikelihood: -60604.2	(delta): -6.20114
335 (QN/Block) 	Elapsed: 0.271	Loglikelihood: -60604.2	(delta): 0.0100371
336 (QN/Block) 	Elapsed: 0.281	Loglikelihood: -60604	(delta): 0.176057
337 (QN/Block) 	Elapsed: 0.27	Loglikelihood: -60605.2	(delta): -1.16063
338 (QN/Block) 	Elapsed: 0.275	Loglikelihood: -60604.4	(delta): 0.757982
339 (QN/Block) 	Elapsed: 0.274	Loglikelihood: -60604.4	(delta): 0.0245772
340 (QN/Block) 	Elapsed: 0.279	Loglikelihood: -60604.2	(delta): 0.264143
341 (QN/Block) 	Elapsed: 0.279	Loglikelihood: -60604.3	(delta): -0.106181
342 (QN/Block) 	Elapsed: 0.277	Loglikelihood: -60604.7	(delta): -0.446179
343 (QN/Block) 	Elapsed: 0.28	Loglikelihood: -60604.5	(delta): 0.224504
344 (QN/Block) 	Elapsed: 0.279	Loglikelihood: -60604.2	(delta): 0.269233
345 (QN/Block) 	Elapsed: 0.286	Loglikelihood: -60604.6	(delta): -0.366002
346 (QN/Block) 	Elapsed: 0.28	Loglikelihood: -60604.9	(delta): -0.302577
347 (QN/Block) 	Elapsed: 0.276	Loglikelihood: -60604.4	(delta): 0.520536
348 (QN/Block) 	Elapsed: 0.285	Loglikelihood: -60604.2	(delta): 0.180941
349 (QN/Block) 	Elapsed: 0.271	Loglikelihood: -60605.2	(delta): -1.05788
350 (QN/Block) 	Elapsed: 0.277	Loglikelihood: -60604.6	(delta): 0.661293
351 (QN/Block) 	Elapsed: 0.282	Loglikelihood: -60603.5	(delta): 1.10634
352 (QN/Block) 	Elapsed: 0.275	Loglikelihood: -60603.4	(delta): 0.051552
353 (QN/Block) 	Elapsed: 0.271	Loglikelihood: -60603.9	(delta): -0.468911
354 (QN/Block) 	Elapsed: 0.281	Loglikelihood: -60603.8	(delta): 0.117551
355 (QN/Block) 	Elapsed: 0.271	Loglikelihood: -60603.6	(delta): 0.16332
356 (QN/Block) 	Elapsed: 0.274	Loglikelihood: -60603.7	(delta): -0.135799
357 (QN/Block) 	Elapsed: 0.271	Loglikelihood: -60603.7	(delta): 0.00679583
358 (QN/Block) 	Elapsed: 0.279	Loglikelihood: -60603.6	(delta): 0.13189
359 (QN/Block) 	Elapsed: 0.284	Loglikelihood: -60603.1	(delta): 0.481583
360 (QN/Block) 	Elapsed: 0.281	Loglikelihood: -60603.1	(delta): 0.0418296
361 (QN/Block) 	Elapsed: 0.28	Loglikelihood: -60603.2	(delta): -0.115139
362 (QN/Block) 	Elapsed: 0.272	Loglikelihood: -60604	(delta): -0.833849
363 (QN/Block) 	Elapsed: 0.279	Loglikelihood: -60603.5	(delta): 0.555626
364 (QN/Block) 	Elapsed: 0.274	Loglikelihood: -60602.9	(delta): 0.556275
365 (QN/Block) 	Elapsed: 0.308	Loglikelihood: -60603.4	(delta): -0.446649
366 (QN/Block) 	Elapsed: 0.448	Loglikelihood: -60604.1	(delta): -0.771349
367 (QN/Block) 	Elapsed: 0.339	Loglikelihood: -60603.6	(delta): 0.504433
368 (QN/Block) 	Elapsed: 0.321	Loglikelihood: -60603.4	(delta): 0.225245
369 (QN/Block) 	Elapsed: 0.353	Loglikelihood: -60603.1	(delta): 0.291367
370 (QN/Block) 	Elapsed: 0.393	Loglikelihood: -60602.1	(delta): 1.01871
371 (QN/Block) 	Elapsed: 0.326	Loglikelihood: -60609	(delta): -6.85464
372 (QN/Block) 	Elapsed: 0.276	Loglikelihood: -60607	(delta): 1.98428
373 (QN/Block) 	Elapsed: 0.283	Loglikelihood: -60605	(delta): 1.97373
374 (QN/Block) 	Elapsed: 0.275	Loglikelihood: -60604.3	(delta): 0.671061
375 (QN/Block) 	Elapsed: 0.287	Loglikelihood: -60604.3	(delta): -0.0118856
376 (QN/Block) 	Elapsed: 0.28	Loglikelihood: -60603.6	(delta): 0.728465
377 (QN/Block) 	Elapsed: 0.281	Loglikelihood: -60601.2	(delta): 2.42063
378 (QN/Block) 	Elapsed: 0.286	Loglikelihood: -60601.5	(delta): -0.284058
379 (QN/Block) 	Elapsed: 0.291	Loglikelihood: -60599.3	(delta): 2.15345
380 (QN/Block) 	Elapsed: 0.289	Loglikelihood: -60598.6	(delta): 0.710831
381 (QN/Block) 	Elapsed: 0.281	Loglikelihood: -60598.1	(delta): 0.499688
382 (QN/Block) 	Elapsed: 0.341	Loglikelihood: -60597	(delta): 1.07515
383 (QN/Block) 	Elapsed: 0.295	Loglikelihood: -60597.3	(delta): -0.248161
384 (QN/Block) 	Elapsed: 0.271	Loglikelihood: -60597	(delta): 0.321673
385 (QN/Block) 	Elapsed: 0.281	Loglikelihood: -60598.7	(delta): -1.77623
386 (QN/Block) 	Elapsed: 0.278	Loglikelihood: -60598.1	(delta): 0.615031
387 (QN/Block) 	Elapsed: 0.27	Loglikelihood: -60599.3	(delta): -1.16584
388 (QN/Block) 	Elapsed: 0.267	Loglikelihood: -60599.2	(delta): 0.091163
389 (QN/Block) 	Elapsed: 0.272	Loglikelihood: -60597.3	(delta): 1.9283
390 (QN/Block) 	Elapsed: 0.269	Loglikelihood: -60597.8	(delta): -0.52266
391 (QN/Block) 	Elapsed: 0.275	Loglikelihood: -60596.8	(delta): 0.979594
392 (QN/Block) 	Elapsed: 0.269	Loglikelihood: -60596.9	(delta): -0.0476376
393 (QN/Block) 	Elapsed: 0.332	Loglikelihood: -60596.8	(delta): 0.0479631
394 (QN/Block) 	Elapsed: 0.276	Loglikelihood: -60597.1	(delta): -0.312381
395 (QN/Block) 	Elapsed: 0.268	Loglikelihood: -60597.1	(delta): -0.0265494
396 (QN/Block) 	Elapsed: 0.276	Loglikelihood: -60597.2	(delta): -0.0227827
397 (QN/Block) 	Elapsed: 0.317	Loglikelihood: -60597.9	(delta): -0.711203
398 (QN/Block) 	Elapsed: 0.294	Loglikelihood: -60597.9	(delta): 0.00375513
399 (QN/Block) 	Elapsed: 0.276	Loglikelihood: -60597.9	(delta): 0.000609609
400 (QN/Block) 	Elapsed: 0.269	Loglikelihood: -60597.8	(delta): 0.0979687
401 (QN/Block) 	Elapsed: 0.271	Loglikelihood: -60597.8	(delta): 0.0039965
402 (QN/Block) 	Elapsed: 0.277	Loglikelihood: -60598.4	(delta): -0.646245
403 (QN/Block) 	Elapsed: 0.275	Loglikelihood: -60597.4	(delta): 1.01926
404 (QN/Block) 	Elapsed: 0.275	Loglikelihood: -60597	(delta): 0.434913
405 (QN/Block) 	Elapsed: 0.302	Loglikelihood: -60596.7	(delta): 0.234386
406 (QN/Block) 	Elapsed: 0.31	Loglikelihood: -60597.4	(delta): -0.644417
407 (QN/Block) 	Elapsed: 0.295	Loglikelihood: -60597.3	(delta): 0.0637133
408 (QN/Block) 	Elapsed: 0.271	Loglikelihood: -60596.9	(delta): 0.435144
409 (QN/Block) 	Elapsed: 0.275	Loglikelihood: -60597.5	(delta): -0.642699
410 (QN/Block) 	Elapsed: 0.268	Loglikelihood: -60597.1	(delta): 0.387074
411 (QN/Block) 	Elapsed: 0.269	Loglikelihood: -60597.8	(delta): -0.66742
412 (QN/Block) 	Elapsed: 0.302	Loglikelihood: -60597.2	(delta): 0.609406
413 (QN/Block) 	Elapsed: 0.299	Loglikelihood: -60596.8	(delta): 0.372904
414 (QN/Block) 	Elapsed: 0.278	Loglikelihood: -60596.8	(delta): 0.0354943
415 (QN/Block) 	Elapsed: 0.293	Loglikelihood: -60596.8	(delta): -0.0554153
416 (QN/Block) 	Elapsed: 0.277	Loglikelihood: -60592.7	(delta): 4.13436
417 (QN/Block) 	Elapsed: 0.27	Loglikelihood: -60592.7	(delta): 3.43114e-05
Summary: 
Converged in 417 iterations (127.433 sec)
Loglikelihood: -60592.705472
Fst divergences between estimated populations: 
	Pop0	Pop1	Pop2	Pop3	Pop4	Pop5	Pop6	Pop7	Pop8	Pop9	Pop10	Pop11	Pop12	Pop13	
Pop0	
Pop1	0.522	
Pop2	0.526	0.485	
Pop3	0.560	0.555	0.502	
Pop4	0.514	0.502	0.495	0.543	
Pop5	0.519	0.508	0.478	0.536	0.516	
Pop6	0.591	0.568	0.537	0.587	0.531	0.560	
Pop7	0.494	0.511	0.470	0.517	0.478	0.469	0.547	
Pop8	0.495	0.484	0.449	0.496	0.451	0.472	0.487	0.452	
Pop9	0.531	0.516	0.474	0.532	0.478	0.493	0.538	0.433	0.463	
Pop10	0.523	0.533	0.507	0.553	0.516	0.492	0.551	0.383	0.478	0.483	
Pop11	0.548	0.532	0.514	0.513	0.506	0.514	0.556	0.493	0.478	0.496	0.529	
Pop12	0.530	0.516	0.499	0.545	0.503	0.510	0.553	0.497	0.470	0.487	0.504	0.507	
Pop13	0.510	0.476	0.431	0.522	0.456	0.479	0.520	0.462	0.423	0.461	0.495	0.479	0.489	
Pop14	0.534	0.509	0.479	0.540	0.482	0.491	0.531	0.484	0.451	0.492	0.517	0.522	0.517	0.470	
CV error (K=15): 0.78889
Writing output files.
