****                   ADMIXTURE Version 1.3.0                  ****
****                    Copyright 2008-2015                     ****
****           David Alexander, Suyash Shringarpure,            ****
****                John  Novembre, Ken Lange                   ****
****                                                            ****
****                 Please cite our paper!                     ****
****   Information at www.genetics.ucla.edu/software/admixture  ****

Cross-validation will be performed.  Folds=10.
Random seed: 43
Point estimation method: Block relaxation algorithm
Convergence acceleration algorithm: QuasiNewton, 3 secant conditions
Point estimation will terminate when objective function delta < 0.0001
Estimation of standard errors disabled; will compute point estimates only.
Size of G: 19x7379
Performing five EM steps to prime main algorithm
1 (EM) 	Elapsed: 0.067	Loglikelihood: -105212	(delta): 54305.8
2 (EM) 	Elapsed: 0.057	Loglikelihood: -97136	(delta): 8075.91
3 (EM) 	Elapsed: 0.058	Loglikelihood: -92285.1	(delta): 4850.9
4 (EM) 	Elapsed: 0.061	Loglikelihood: -88107.9	(delta): 4177.23
5 (EM) 	Elapsed: 0.058	Loglikelihood: -84299.2	(delta): 3808.71
Initial loglikelihood: -84299.2
Starting main algorithm
1 (QN/Block) 	Elapsed: 0.298	Loglikelihood: -69943.3	(delta): 14355.9
2 (QN/Block) 	Elapsed: 0.308	Loglikelihood: -69038	(delta): 905.292
3 (QN/Block) 	Elapsed: 0.569	Loglikelihood: -68840.9	(delta): 197.089
4 (QN/Block) 	Elapsed: 0.334	Loglikelihood: -68788.9	(delta): 52.0185
5 (QN/Block) 	Elapsed: 0.302	Loglikelihood: -68763.8	(delta): 25.1282
6 (QN/Block) 	Elapsed: 0.307	Loglikelihood: -68761.4	(delta): 2.32366
7 (QN/Block) 	Elapsed: 0.302	Loglikelihood: -68761.4	(delta): 0.0691632
8 (QN/Block) 	Elapsed: 0.297	Loglikelihood: -68761.4	(delta): 0.019864
9 (QN/Block) 	Elapsed: 0.295	Loglikelihood: -68761.3	(delta): 0.00622604
10 (QN/Block) 	Elapsed: 0.295	Loglikelihood: -68761.3	(delta): 0.000495558
11 (QN/Block) 	Elapsed: 0.294	Loglikelihood: -68761.3	(delta): 9.78164e-06
Summary: 
Converged in 11 iterations (3.96 sec)
Loglikelihood: -68761.347482
Fst divergences between estimated populations: 
	Pop0	Pop1	Pop2	Pop3	Pop4	Pop5	Pop6	Pop7	Pop8	Pop9	Pop10	Pop11	Pop12	Pop13	Pop14	Pop15	
Pop0	
Pop1	0.435	
Pop2	0.477	0.466	
Pop3	0.481	0.469	0.425	
Pop4	0.426	0.429	0.468	0.493	
Pop5	0.412	0.394	0.462	0.444	0.440	
Pop6	0.477	0.382	0.475	0.493	0.456	0.443	
Pop7	0.446	0.439	0.445	0.476	0.414	0.425	0.471	
Pop8	0.488	0.496	0.532	0.527	0.504	0.487	0.547	0.535	
Pop9	0.453	0.429	0.462	0.464	0.469	0.420	0.460	0.455	0.506	
Pop10	0.485	0.477	0.501	0.486	0.498	0.457	0.501	0.489	0.533	0.478	
Pop11	0.443	0.459	0.486	0.496	0.473	0.447	0.507	0.509	0.430	0.475	0.503	
Pop12	0.451	0.466	0.476	0.466	0.484	0.452	0.510	0.476	0.506	0.460	0.483	0.473	
Pop13	0.442	0.454	0.473	0.469	0.476	0.399	0.456	0.464	0.503	0.418	0.462	0.474	0.458	
Pop14	0.455	0.459	0.467	0.479	0.420	0.461	0.477	0.434	0.546	0.482	0.495	0.478	0.457	0.446	
Pop15	0.418	0.443	0.456	0.461	0.455	0.419	0.462	0.446	0.502	0.431	0.476	0.463	0.460	0.421	0.460	
Pop16	0.470	0.435	0.463	0.471	0.452	0.455	0.467	0.436	0.544	0.441	0.464	0.511	0.490	0.481	0.448	0.465	
CV error (K=17): 0.39652
Writing output files.
