****                   ADMIXTURE Version 1.3.0                  ****
****                    Copyright 2008-2015                     ****
****           David Alexander, Suyash Shringarpure,            ****
****                John  Novembre, Ken Lange                   ****
****                                                            ****
****                 Please cite our paper!                     ****
****   Information at www.genetics.ucla.edu/software/admixture  ****

Cross-validation will be performed.  Folds=10.
Random seed: 43
Point estimation method: Block relaxation algorithm
Convergence acceleration algorithm: QuasiNewton, 3 secant conditions
Point estimation will terminate when objective function delta < 0.0001
Estimation of standard errors disabled; will compute point estimates only.
Size of G: 19x7379
Performing five EM steps to prime main algorithm
1 (EM) 	Elapsed: 0.071	Loglikelihood: -105436	(delta): 53308.2
2 (EM) 	Elapsed: 0.073	Loglikelihood: -97706	(delta): 7729.97
3 (EM) 	Elapsed: 0.083	Loglikelihood: -93167.5	(delta): 4538.49
4 (EM) 	Elapsed: 0.083	Loglikelihood: -89186.5	(delta): 3981.08
5 (EM) 	Elapsed: 0.081	Loglikelihood: -85476.5	(delta): 3709.93
Initial loglikelihood: -85476.5
Starting main algorithm
1 (QN/Block) 	Elapsed: 0.339	Loglikelihood: -74171.3	(delta): 11305.3
2 (QN/Block) 	Elapsed: 0.321	Loglikelihood: -74012.6	(delta): 158.661
3 (QN/Block) 	Elapsed: 0.387	Loglikelihood: -73984.4	(delta): 28.2199
4 (QN/Block) 	Elapsed: 0.433	Loglikelihood: -73971.2	(delta): 13.2221
5 (QN/Block) 	Elapsed: 0.364	Loglikelihood: -73965.5	(delta): 5.63925
6 (QN/Block) 	Elapsed: 0.331	Loglikelihood: -73964.9	(delta): 0.6818
7 (QN/Block) 	Elapsed: 0.389	Loglikelihood: -73964.9	(delta): 0.00198949
8 (QN/Block) 	Elapsed: 0.345	Loglikelihood: -73964.9	(delta): 1.92891e-06
Summary: 
Converged in 8 iterations (3.362 sec)
Loglikelihood: -73964.852452
Fst divergences between estimated populations: 
	Pop0	Pop1	Pop2	Pop3	Pop4	Pop5	Pop6	Pop7	Pop8	Pop9	Pop10	Pop11	Pop12	Pop13	Pop14	Pop15	Pop16	Pop17	
Pop0	
Pop1	0.365	
Pop2	0.366	0.379	
Pop3	0.410	0.396	0.415	
Pop4	0.413	0.404	0.466	0.467	
Pop5	0.328	0.361	0.377	0.357	0.438	
Pop6	0.456	0.428	0.451	0.394	0.482	0.431	
Pop7	0.424	0.382	0.349	0.410	0.466	0.399	0.462	
Pop8	0.442	0.398	0.438	0.381	0.486	0.398	0.477	0.445	
Pop9	0.429	0.393	0.435	0.419	0.441	0.415	0.402	0.412	0.482	
Pop10	0.434	0.411	0.480	0.452	0.331	0.441	0.494	0.454	0.457	0.449	
Pop11	0.406	0.348	0.406	0.432	0.393	0.420	0.456	0.386	0.454	0.412	0.419	
Pop12	0.358	0.355	0.400	0.401	0.459	0.334	0.428	0.416	0.432	0.422	0.453	0.424	
Pop13	0.388	0.347	0.404	0.394	0.456	0.390	0.439	0.410	0.445	0.415	0.463	0.351	0.397	
Pop14	0.423	0.402	0.412	0.399	0.448	0.399	0.376	0.428	0.450	0.396	0.453	0.428	0.424	0.425	
Pop15	0.462	0.375	0.469	0.482	0.476	0.471	0.508	0.472	0.482	0.484	0.520	0.362	0.477	0.385	0.510	
Pop16	0.414	0.411	0.429	0.432	0.484	0.397	0.478	0.445	0.482	0.454	0.498	0.436	0.428	0.391	0.469	0.499	
Pop17	0.417	0.396	0.428	0.392	0.462	0.378	0.444	0.445	0.417	0.442	0.469	0.408	0.419	0.397	0.381	0.474	0.443	
Pop18	0.399	0.374	0.410	0.396	0.461	0.386	0.458	0.426	0.437	0.412	0.464	0.418	0.372	0.407	0.430	0.486	0.463	0.404	
CV error (K=19): 0.35563
Writing output files.
