****                   ADMIXTURE Version 1.3.0                  ****
****                    Copyright 2008-2015                     ****
****           David Alexander, Suyash Shringarpure,            ****
****                John  Novembre, Ken Lange                   ****
****                                                            ****
****                 Please cite our paper!                     ****
****   Information at www.genetics.ucla.edu/software/admixture  ****

Cross-validation will be performed.  Folds=10.
Random seed: 43
Point estimation method: Block relaxation algorithm
Convergence acceleration algorithm: QuasiNewton, 3 secant conditions
Point estimation will terminate when objective function delta < 0.0001
Estimation of standard errors disabled; will compute point estimates only.
Size of G: 19x7379
Performing five EM steps to prime main algorithm
1 (EM) 	Elapsed: 0.094	Loglikelihood: -105902	(delta): 52932.1
2 (EM) 	Elapsed: 0.085	Loglikelihood: -98442.7	(delta): 7459.51
3 (EM) 	Elapsed: 0.077	Loglikelihood: -94078.9	(delta): 4363.84
4 (EM) 	Elapsed: 0.072	Loglikelihood: -90138	(delta): 3940.88
5 (EM) 	Elapsed: 0.074	Loglikelihood: -86297.5	(delta): 3840.51
Initial loglikelihood: -86297.5
Starting main algorithm
1 (QN/Block) 	Elapsed: 0.334	Loglikelihood: -75172.2	(delta): 11125.3
2 (QN/Block) 	Elapsed: 0.425	Loglikelihood: -75169.1	(delta): 3.087
3 (QN/Block) 	Elapsed: 0.362	Loglikelihood: -75169.1	(delta): 8.16154e-06
Summary: 
Converged in 3 iterations (1.564 sec)
Loglikelihood: -75169.066693
Fst divergences between estimated populations: 
	Pop0	Pop1	Pop2	Pop3	Pop4	Pop5	Pop6	Pop7	Pop8	Pop9	Pop10	Pop11	Pop12	Pop13	Pop14	Pop15	Pop16	Pop17	Pop18	
Pop0	
Pop1	0.402	
Pop2	0.346	0.375	
Pop3	0.448	0.361	0.409	
Pop4	0.441	0.447	0.366	0.461	
Pop5	0.402	0.358	0.371	0.372	0.396	
Pop6	0.405	0.388	0.381	0.432	0.457	0.355	
Pop7	0.398	0.407	0.398	0.399	0.463	0.366	0.370	
Pop8	0.421	0.404	0.398	0.438	0.431	0.382	0.366	0.413	
Pop9	0.367	0.369	0.341	0.366	0.420	0.361	0.398	0.372	0.421	
Pop10	0.415	0.388	0.412	0.416	0.450	0.356	0.382	0.380	0.430	0.408	
Pop11	0.378	0.377	0.382	0.328	0.461	0.391	0.405	0.349	0.400	0.358	0.430	
Pop12	0.408	0.403	0.366	0.454	0.449	0.430	0.393	0.405	0.443	0.358	0.438	0.404	
Pop13	0.466	0.398	0.443	0.410	0.487	0.431	0.395	0.463	0.418	0.426	0.439	0.432	0.432	
Pop14	0.385	0.389	0.395	0.467	0.465	0.409	0.386	0.452	0.432	0.438	0.455	0.432	0.447	0.451	
Pop15	0.467	0.432	0.428	0.462	0.456	0.457	0.419	0.460	0.463	0.438	0.464	0.462	0.442	0.489	0.479	
Pop16	0.386	0.385	0.388	0.415	0.399	0.378	0.358	0.421	0.358	0.376	0.388	0.407	0.402	0.366	0.401	0.399	
Pop17	0.395	0.355	0.377	0.365	0.444	0.361	0.355	0.327	0.406	0.369	0.391	0.332	0.380	0.419	0.419	0.425	0.389	
Pop18	0.396	0.356	0.380	0.376	0.417	0.363	0.367	0.373	0.386	0.365	0.358	0.353	0.375	0.415	0.403	0.409	0.350	0.320	
Pop19	0.380	0.360	0.332	0.401	0.412	0.359	0.341	0.348	0.368	0.337	0.375	0.372	0.360	0.421	0.397	0.412	0.361	0.362	0.357	
CV error (K=20): 0.36639
Writing output files.
