****                   ADMIXTURE Version 1.3.0                  ****
****                    Copyright 2008-2015                     ****
****           David Alexander, Suyash Shringarpure,            ****
****                John  Novembre, Ken Lange                   ****
****                                                            ****
****                 Please cite our paper!                     ****
****   Information at www.genetics.ucla.edu/software/admixture  ****

Cross-validation will be performed.  Folds=10.
Random seed: 43
Point estimation method: Block relaxation algorithm
Convergence acceleration algorithm: QuasiNewton, 3 secant conditions
Point estimation will terminate when objective function delta < 0.0001
Estimation of standard errors disabled; will compute point estimates only.
Size of G: 19x7379
Performing five EM steps to prime main algorithm
1 (EM) 	Elapsed: 0.008	Loglikelihood: -108803	(delta): 63884.1
2 (EM) 	Elapsed: 0.01	Loglikelihood: -103198	(delta): 5604.59
3 (EM) 	Elapsed: 0.008	Loglikelihood: -100734	(delta): 2464.24
4 (EM) 	Elapsed: 0.008	Loglikelihood: -99038.6	(delta): 1695.19
5 (EM) 	Elapsed: 0.008	Loglikelihood: -97741	(delta): 1297.61
Initial loglikelihood: -97741
Starting main algorithm
1 (QN/Block) 	Elapsed: 0.073	Loglikelihood: -90980.3	(delta): 6760.72
2 (QN/Block) 	Elapsed: 0.072	Loglikelihood: -88404.9	(delta): 2575.35
3 (QN/Block) 	Elapsed: 0.077	Loglikelihood: -86992	(delta): 1412.93
4 (QN/Block) 	Elapsed: 0.075	Loglikelihood: -86302	(delta): 690.001
5 (QN/Block) 	Elapsed: 0.074	Loglikelihood: -86105	(delta): 197.05
6 (QN/Block) 	Elapsed: 0.075	Loglikelihood: -86059.8	(delta): 45.1935
7 (QN/Block) 	Elapsed: 0.077	Loglikelihood: -86028.7	(delta): 31.0336
8 (QN/Block) 	Elapsed: 0.074	Loglikelihood: -85999.1	(delta): 29.6623
9 (QN/Block) 	Elapsed: 0.083	Loglikelihood: -85977.4	(delta): 21.6614
10 (QN/Block) 	Elapsed: 0.083	Loglikelihood: -85939.9	(delta): 37.5292
11 (QN/Block) 	Elapsed: 0.074	Loglikelihood: -85926	(delta): 13.8314
12 (QN/Block) 	Elapsed: 0.083	Loglikelihood: -85913.7	(delta): 12.3849
13 (QN/Block) 	Elapsed: 0.075	Loglikelihood: -85908.4	(delta): 5.2925
14 (QN/Block) 	Elapsed: 0.076	Loglikelihood: -85906.4	(delta): 1.91245
15 (QN/Block) 	Elapsed: 0.079	Loglikelihood: -85906.4	(delta): 0.0146486
16 (QN/Block) 	Elapsed: 0.076	Loglikelihood: -85906.4	(delta): 0.00139192
17 (QN/Block) 	Elapsed: 0.076	Loglikelihood: -85906.4	(delta): 2.52503e-06
Summary: 
Converged in 17 iterations (1.388 sec)
Loglikelihood: -85906.433894
Fst divergences between estimated populations: 
	Pop0	Pop1	Pop2	
Pop0	
Pop1	0.208	
Pop2	0.183	0.266	
Pop3	0.202	0.292	0.269	
CV error (K=4): 2.17195
Writing output files.
