****                   ADMIXTURE Version 1.3.0                  ****
****                    Copyright 2008-2015                     ****
****           David Alexander, Suyash Shringarpure,            ****
****                John  Novembre, Ken Lange                   ****
****                                                            ****
****                 Please cite our paper!                     ****
****   Information at www.genetics.ucla.edu/software/admixture  ****

Cross-validation will be performed.  Folds=10.
Random seed: 43
Point estimation method: Block relaxation algorithm
Convergence acceleration algorithm: QuasiNewton, 3 secant conditions
Point estimation will terminate when objective function delta < 0.0001
Estimation of standard errors disabled; will compute point estimates only.
Size of G: 19x7379
Performing five EM steps to prime main algorithm
1 (EM) 	Elapsed: 0.011	Loglikelihood: -109003	(delta): 59401.6
2 (EM) 	Elapsed: 0.011	Loglikelihood: -103337	(delta): 5665.57
3 (EM) 	Elapsed: 0.014	Loglikelihood: -100709	(delta): 2628.11
4 (EM) 	Elapsed: 0.013	Loglikelihood: -98737.7	(delta): 1971.65
5 (EM) 	Elapsed: 0.012	Loglikelihood: -97124.7	(delta): 1612.98
Initial loglikelihood: -97124.7
Starting main algorithm
1 (QN/Block) 	Elapsed: 0.09	Loglikelihood: -88694.9	(delta): 8429.8
2 (QN/Block) 	Elapsed: 0.083	Loglikelihood: -85286.3	(delta): 3408.58
3 (QN/Block) 	Elapsed: 0.088	Loglikelihood: -83158.6	(delta): 2127.71
4 (QN/Block) 	Elapsed: 0.088	Loglikelihood: -81935.9	(delta): 1222.7
5 (QN/Block) 	Elapsed: 0.088	Loglikelihood: -81327.3	(delta): 608.673
6 (QN/Block) 	Elapsed: 0.089	Loglikelihood: -81220.2	(delta): 107.063
7 (QN/Block) 	Elapsed: 0.09	Loglikelihood: -81153.8	(delta): 66.4112
8 (QN/Block) 	Elapsed: 0.088	Loglikelihood: -81113.1	(delta): 40.6933
9 (QN/Block) 	Elapsed: 0.089	Loglikelihood: -81095.6	(delta): 17.5059
10 (QN/Block) 	Elapsed: 0.086	Loglikelihood: -81084.6	(delta): 10.994
11 (QN/Block) 	Elapsed: 0.084	Loglikelihood: -81064.1	(delta): 20.5022
12 (QN/Block) 	Elapsed: 0.088	Loglikelihood: -80982	(delta): 82.1131
13 (QN/Block) 	Elapsed: 0.101	Loglikelihood: -80928.7	(delta): 53.2342
14 (QN/Block) 	Elapsed: 0.094	Loglikelihood: -80894.8	(delta): 33.922
15 (QN/Block) 	Elapsed: 0.094	Loglikelihood: -80887.4	(delta): 7.45697
16 (QN/Block) 	Elapsed: 0.089	Loglikelihood: -80883.7	(delta): 3.63286
17 (QN/Block) 	Elapsed: 0.088	Loglikelihood: -80881.8	(delta): 1.97489
18 (QN/Block) 	Elapsed: 0.089	Loglikelihood: -80881.3	(delta): 0.410396
19 (QN/Block) 	Elapsed: 0.092	Loglikelihood: -80881.2	(delta): 0.188652
20 (QN/Block) 	Elapsed: 0.088	Loglikelihood: -80880.9	(delta): 0.230442
21 (QN/Block) 	Elapsed: 0.085	Loglikelihood: -80880.7	(delta): 0.271814
22 (QN/Block) 	Elapsed: 0.088	Loglikelihood: -80880.3	(delta): 0.392092
23 (QN/Block) 	Elapsed: 0.086	Loglikelihood: -80879.5	(delta): 0.772338
24 (QN/Block) 	Elapsed: 0.085	Loglikelihood: -80877.4	(delta): 2.08198
25 (QN/Block) 	Elapsed: 0.084	Loglikelihood: -80872.3	(delta): 5.09831
26 (QN/Block) 	Elapsed: 0.084	Loglikelihood: -80866.6	(delta): 5.69673
27 (QN/Block) 	Elapsed: 0.086	Loglikelihood: -80848.4	(delta): 18.1838
28 (QN/Block) 	Elapsed: 0.091	Loglikelihood: -80823.7	(delta): 24.6948
29 (QN/Block) 	Elapsed: 0.084	Loglikelihood: -80817.5	(delta): 6.219
30 (QN/Block) 	Elapsed: 0.087	Loglikelihood: -80813.1	(delta): 4.45629
31 (QN/Block) 	Elapsed: 0.085	Loglikelihood: -80797.9	(delta): 15.2083
32 (QN/Block) 	Elapsed: 0.091	Loglikelihood: -80784.3	(delta): 13.5196
33 (QN/Block) 	Elapsed: 0.092	Loglikelihood: -80784.1	(delta): 0.223988
34 (QN/Block) 	Elapsed: 0.084	Loglikelihood: -80784.1	(delta): 0.00988274
35 (QN/Block) 	Elapsed: 0.085	Loglikelihood: -80784.1	(delta): 0.000340982
36 (QN/Block) 	Elapsed: 0.085	Loglikelihood: -80784.1	(delta): 2.5243e-05
Summary: 
Converged in 36 iterations (3.309 sec)
Loglikelihood: -80784.096478
Fst divergences between estimated populations: 
	Pop0	Pop1	Pop2	Pop3	
Pop0	
Pop1	0.206	
Pop2	0.256	0.254	
Pop3	0.214	0.209	0.258	
Pop4	0.288	0.292	0.307	0.296	
CV error (K=5): 2.60144
Writing output files.
