****                   ADMIXTURE Version 1.3.0                  ****
****                    Copyright 2008-2015                     ****
****           David Alexander, Suyash Shringarpure,            ****
****                John  Novembre, Ken Lange                   ****
****                                                            ****
****                 Please cite our paper!                     ****
****   Information at www.genetics.ucla.edu/software/admixture  ****

Cross-validation will be performed.  Folds=10.
Random seed: 43
Point estimation method: Block relaxation algorithm
Convergence acceleration algorithm: QuasiNewton, 3 secant conditions
Point estimation will terminate when objective function delta < 0.0001
Estimation of standard errors disabled; will compute point estimates only.
Size of G: 19x7379
Performing five EM steps to prime main algorithm
1 (EM) 	Elapsed: 0.014	Loglikelihood: -108326	(delta): 57892.9
2 (EM) 	Elapsed: 0.015	Loglikelihood: -102400	(delta): 5925.35
3 (EM) 	Elapsed: 0.013	Loglikelihood: -99595.1	(delta): 2805.03
4 (EM) 	Elapsed: 0.016	Loglikelihood: -97472.6	(delta): 2122.52
5 (EM) 	Elapsed: 0.014	Loglikelihood: -95719.9	(delta): 1752.75
Initial loglikelihood: -95719.9
Starting main algorithm
1 (QN/Block) 	Elapsed: 0.101	Loglikelihood: -85512	(delta): 10207.9
2 (QN/Block) 	Elapsed: 0.096	Loglikelihood: -81365.5	(delta): 4146.51
3 (QN/Block) 	Elapsed: 0.109	Loglikelihood: -78195	(delta): 3170.44
4 (QN/Block) 	Elapsed: 0.113	Loglikelihood: -76834.8	(delta): 1360.23
5 (QN/Block) 	Elapsed: 0.106	Loglikelihood: -76306.3	(delta): 528.531
6 (QN/Block) 	Elapsed: 0.102	Loglikelihood: -76048.8	(delta): 257.454
7 (QN/Block) 	Elapsed: 0.098	Loglikelihood: -75883.3	(delta): 165.486
8 (QN/Block) 	Elapsed: 0.101	Loglikelihood: -75779.5	(delta): 103.773
9 (QN/Block) 	Elapsed: 0.099	Loglikelihood: -75698.4	(delta): 81.1738
10 (QN/Block) 	Elapsed: 0.1	Loglikelihood: -75522.2	(delta): 176.142
11 (QN/Block) 	Elapsed: 0.101	Loglikelihood: -75447.9	(delta): 74.3287
12 (QN/Block) 	Elapsed: 0.103	Loglikelihood: -75436.4	(delta): 11.4793
13 (QN/Block) 	Elapsed: 0.104	Loglikelihood: -75433.3	(delta): 3.11695
14 (QN/Block) 	Elapsed: 0.105	Loglikelihood: -75421	(delta): 12.273
15 (QN/Block) 	Elapsed: 0.101	Loglikelihood: -75414.3	(delta): 6.73818
16 (QN/Block) 	Elapsed: 0.102	Loglikelihood: -75412.9	(delta): 1.41634
17 (QN/Block) 	Elapsed: 0.105	Loglikelihood: -75412.9	(delta): 0.0219851
18 (QN/Block) 	Elapsed: 0.104	Loglikelihood: -75412.9	(delta): 6.154e-08
Summary: 
Converged in 18 iterations (1.969 sec)
Loglikelihood: -75412.853521
Fst divergences between estimated populations: 
	Pop0	Pop1	Pop2	Pop3	Pop4	
Pop0	
Pop1	0.249	
Pop2	0.308	0.265	
Pop3	0.380	0.334	0.343	
Pop4	0.325	0.295	0.338	0.407	
Pop5	0.249	0.212	0.263	0.321	0.294	
CV error (K=6): 2.74852
Writing output files.
