****                   ADMIXTURE Version 1.3.0                  ****
****                    Copyright 2008-2015                     ****
****           David Alexander, Suyash Shringarpure,            ****
****                John  Novembre, Ken Lange                   ****
****                                                            ****
****                 Please cite our paper!                     ****
****   Information at www.genetics.ucla.edu/software/admixture  ****

Cross-validation will be performed.  Folds=10.
Random seed: 43
Point estimation method: Block relaxation algorithm
Convergence acceleration algorithm: QuasiNewton, 3 secant conditions
Point estimation will terminate when objective function delta < 0.0001
Estimation of standard errors disabled; will compute point estimates only.
Size of G: 19x7379
Performing five EM steps to prime main algorithm
1 (EM) 	Elapsed: 0.017	Loglikelihood: -107801	(delta): 57006.9
2 (EM) 	Elapsed: 0.016	Loglikelihood: -101386	(delta): 6415.27
3 (EM) 	Elapsed: 0.016	Loglikelihood: -98187	(delta): 3198.84
4 (EM) 	Elapsed: 0.016	Loglikelihood: -95685.1	(delta): 2501.9
5 (EM) 	Elapsed: 0.016	Loglikelihood: -93552.5	(delta): 2132.62
Initial loglikelihood: -93552.5
Starting main algorithm
1 (QN/Block) 	Elapsed: 0.111	Loglikelihood: -80182.4	(delta): 13370.1
2 (QN/Block) 	Elapsed: 0.108	Loglikelihood: -74658.6	(delta): 5523.73
3 (QN/Block) 	Elapsed: 0.119	Loglikelihood: -72429.4	(delta): 2229.28
4 (QN/Block) 	Elapsed: 0.126	Loglikelihood: -71528.9	(delta): 900.484
5 (QN/Block) 	Elapsed: 0.123	Loglikelihood: -71292.1	(delta): 236.738
6 (QN/Block) 	Elapsed: 0.125	Loglikelihood: -71233.1	(delta): 59.0495
7 (QN/Block) 	Elapsed: 0.112	Loglikelihood: -71223.3	(delta): 9.83915
8 (QN/Block) 	Elapsed: 0.115	Loglikelihood: -71219.9	(delta): 3.34618
9 (QN/Block) 	Elapsed: 0.12	Loglikelihood: -71218.9	(delta): 1.00999
10 (QN/Block) 	Elapsed: 0.116	Loglikelihood: -71218.9	(delta): 0.00602109
11 (QN/Block) 	Elapsed: 0.111	Loglikelihood: -71218.9	(delta): 0.00305335
12 (QN/Block) 	Elapsed: 0.171	Loglikelihood: -71218.9	(delta): 0.00164545
13 (QN/Block) 	Elapsed: 0.123	Loglikelihood: -71218.9	(delta): 0.000185715
14 (QN/Block) 	Elapsed: 0.128	Loglikelihood: -71218.9	(delta): 1.41436e-05
Summary: 
Converged in 14 iterations (1.838 sec)
Loglikelihood: -71218.891842
Fst divergences between estimated populations: 
	Pop0	Pop1	Pop2	Pop3	Pop4	Pop5	
Pop0	
Pop1	0.241	
Pop2	0.350	0.310	
Pop3	0.497	0.453	0.568	
Pop4	0.348	0.303	0.417	0.568	
Pop5	0.281	0.250	0.345	0.491	0.353	
Pop6	0.331	0.287	0.412	0.567	0.412	0.336	
CV error (K=7): 2.74105
Writing output files.
