****                   ADMIXTURE Version 1.3.0                  ****
****                    Copyright 2008-2015                     ****
****           David Alexander, Suyash Shringarpure,            ****
****                John  Novembre, Ken Lange                   ****
****                                                            ****
****                 Please cite our paper!                     ****
****   Information at www.genetics.ucla.edu/software/admixture  ****

Cross-validation will be performed.  Folds=10.
Random seed: 43
Point estimation method: Block relaxation algorithm
Convergence acceleration algorithm: QuasiNewton, 3 secant conditions
Point estimation will terminate when objective function delta < 0.0001
Estimation of standard errors disabled; will compute point estimates only.
Size of G: 19x7379
Performing five EM steps to prime main algorithm
1 (EM) 	Elapsed: 0.022	Loglikelihood: -107659	(delta): 56216.3
2 (EM) 	Elapsed: 0.019	Loglikelihood: -101087	(delta): 6572.3
3 (EM) 	Elapsed: 0.021	Loglikelihood: -97640.7	(delta): 3446.13
4 (EM) 	Elapsed: 0.02	Loglikelihood: -94880.7	(delta): 2760.02
5 (EM) 	Elapsed: 0.019	Loglikelihood: -92517.1	(delta): 2363.56
Initial loglikelihood: -92517.1
Starting main algorithm
1 (QN/Block) 	Elapsed: 0.133	Loglikelihood: -78827.7	(delta): 13689.4
2 (QN/Block) 	Elapsed: 0.128	Loglikelihood: -73789.1	(delta): 5038.66
3 (QN/Block) 	Elapsed: 0.144	Loglikelihood: -71133.7	(delta): 2655.38
4 (QN/Block) 	Elapsed: 0.133	Loglikelihood: -69712.1	(delta): 1421.55
5 (QN/Block) 	Elapsed: 0.13	Loglikelihood: -68991.5	(delta): 720.609
6 (QN/Block) 	Elapsed: 0.136	Loglikelihood: -68763.9	(delta): 227.65
7 (QN/Block) 	Elapsed: 0.13	Loglikelihood: -68734.1	(delta): 29.7531
8 (QN/Block) 	Elapsed: 0.145	Loglikelihood: -68720.7	(delta): 13.4284
9 (QN/Block) 	Elapsed: 0.136	Loglikelihood: -68714.8	(delta): 5.92613
10 (QN/Block) 	Elapsed: 0.132	Loglikelihood: -68706.4	(delta): 8.36398
11 (QN/Block) 	Elapsed: 0.132	Loglikelihood: -68705.4	(delta): 1.00738
12 (QN/Block) 	Elapsed: 0.142	Loglikelihood: -68705.4	(delta): 0.0212318
13 (QN/Block) 	Elapsed: 0.131	Loglikelihood: -68705.4	(delta): 0.00317017
14 (QN/Block) 	Elapsed: 0.136	Loglikelihood: -68705.4	(delta): 5.49646e-05
Summary: 
Converged in 14 iterations (2.036 sec)
Loglikelihood: -68705.383752
Fst divergences between estimated populations: 
	Pop0	Pop1	Pop2	Pop3	Pop4	Pop5	Pop6	
Pop0	
Pop1	0.496	
Pop2	0.382	0.536	
Pop3	0.344	0.505	0.382	
Pop4	0.271	0.421	0.306	0.273	
Pop5	0.413	0.581	0.441	0.410	0.340	
Pop6	0.299	0.482	0.361	0.330	0.255	0.389	
Pop7	0.462	0.660	0.513	0.498	0.415	0.559	0.465	
CV error (K=8): 2.41646
Writing output files.
