****                   ADMIXTURE Version 1.3.0                  ****
****                    Copyright 2008-2015                     ****
****           David Alexander, Suyash Shringarpure,            ****
****                John  Novembre, Ken Lange                   ****
****                                                            ****
****                 Please cite our paper!                     ****
****   Information at www.genetics.ucla.edu/software/admixture  ****

Cross-validation will be performed.  Folds=10.
Random seed: 43
Point estimation method: Block relaxation algorithm
Convergence acceleration algorithm: QuasiNewton, 3 secant conditions
Point estimation will terminate when objective function delta < 0.0001
Estimation of standard errors disabled; will compute point estimates only.
Size of G: 19x7379
Performing five EM steps to prime main algorithm
1 (EM) 	Elapsed: 0.026	Loglikelihood: -107430	(delta): 55303.9
2 (EM) 	Elapsed: 0.024	Loglikelihood: -100840	(delta): 6589.6
3 (EM) 	Elapsed: 0.023	Loglikelihood: -97324.8	(delta): 3515.49
4 (EM) 	Elapsed: 0.024	Loglikelihood: -94409.7	(delta): 2915.08
5 (EM) 	Elapsed: 0.025	Loglikelihood: -91844.8	(delta): 2564.94
Initial loglikelihood: -91844.8
Starting main algorithm
1 (QN/Block) 	Elapsed: 0.153	Loglikelihood: -75403.2	(delta): 16441.5
2 (QN/Block) 	Elapsed: 0.146	Loglikelihood: -67422.1	(delta): 7981.13
3 (QN/Block) 	Elapsed: 0.161	Loglikelihood: -64125.8	(delta): 3296.35
4 (QN/Block) 	Elapsed: 0.152	Loglikelihood: -62629.4	(delta): 1496.39
5 (QN/Block) 	Elapsed: 0.158	Loglikelihood: -62085.4	(delta): 543.932
6 (QN/Block) 	Elapsed: 0.157	Loglikelihood: -61937.4	(delta): 148.069
7 (QN/Block) 	Elapsed: 0.163	Loglikelihood: -61920.6	(delta): 16.7279
8 (QN/Block) 	Elapsed: 0.153	Loglikelihood: -61918.5	(delta): 2.11134
9 (QN/Block) 	Elapsed: 0.156	Loglikelihood: -61917.6	(delta): 0.948009
10 (QN/Block) 	Elapsed: 0.155	Loglikelihood: -61917.3	(delta): 0.268513
11 (QN/Block) 	Elapsed: 0.16	Loglikelihood: -61917.3	(delta): 0.000587708
12 (QN/Block) 	Elapsed: 0.157	Loglikelihood: -61917.3	(delta): 7.27596e-11
Summary: 
Converged in 12 iterations (2.038 sec)
Loglikelihood: -61917.310998
Fst divergences between estimated populations: 
	Pop0	Pop1	Pop2	Pop3	Pop4	Pop5	Pop6	Pop7	
Pop0	
Pop1	0.405	
Pop2	0.390	0.420	
Pop3	0.320	0.339	0.340	
Pop4	0.371	0.438	0.437	0.350	
Pop5	0.396	0.425	0.431	0.346	0.445	
Pop6	0.464	0.498	0.488	0.414	0.499	0.508	
Pop7	0.367	0.398	0.401	0.315	0.407	0.406	0.465	
Pop8	0.471	0.501	0.501	0.409	0.503	0.514	0.573	0.479	
CV error (K=9): 2.41302
Writing output files.
