PLINK v2.00a3.6 AVX2 (14 Aug 2022)
Options in effect:
  --allow-extra-chr 0
  --double-id
  --make-bed
  --out exi_subset.js
  --vcf exi_subset.js.vcf

Hostname: Samanthas-MBP
Working directory: /Users/sam/UBC/PhDThesis/GBS/admixture/exi_JS
Start time: Tue Aug 30 20:34:09 2022

Random number seed: 1661906049
16384 MiB RAM detected; reserving 8192 MiB for main workspace.
Using up to 4 compute threads.
--vcf: 11067 variants scanned.
--vcf: exi_subset.js-temporary.pgen + exi_subset.js-temporary.pvar.zst +
exi_subset.js-temporary.psam written.
51 samples (0 females, 0 males, 51 ambiguous; 51 founders) loaded from
exi_subset.js-temporary.psam.
11067 variants loaded from exi_subset.js-temporary.pvar.zst.
Note: No phenotype data present.
Writing exi_subset.js.fam ... done.
Writing exi_subset.js.bim ... done.
Writing exi_subset.js.bed ... done.

End time: Tue Aug 30 20:34:09 2022
