****                   ADMIXTURE Version 1.3.0                  ****
****                    Copyright 2008-2015                     ****
****           David Alexander, Suyash Shringarpure,            ****
****                John  Novembre, Ken Lange                   ****
****                                                            ****
****                 Please cite our paper!                     ****
****   Information at www.genetics.ucla.edu/software/admixture  ****

Cross-validation will be performed.  Folds=10.
Random seed: 43
Point estimation method: Block relaxation algorithm
Convergence acceleration algorithm: QuasiNewton, 3 secant conditions
Point estimation will terminate when objective function delta < 0.0001
Estimation of standard errors disabled; will compute point estimates only.
Size of G: 51x11067
Performing five EM steps to prime main algorithm
1 (EM) 	Elapsed: 0.112	Loglikelihood: -402120	(delta): 306467
2 (EM) 	Elapsed: 0.111	Loglikelihood: -387401	(delta): 14718.9
3 (EM) 	Elapsed: 0.112	Loglikelihood: -380732	(delta): 6669.43
4 (EM) 	Elapsed: 0.113	Loglikelihood: -374428	(delta): 6304.26
5 (EM) 	Elapsed: 0.11	Loglikelihood: -367578	(delta): 6850.18
Initial loglikelihood: -367578
Starting main algorithm
1 (QN/Block) 	Elapsed: 0.382	Loglikelihood: -262202	(delta): 105375
2 (QN/Block) 	Elapsed: 0.386	Loglikelihood: -225893	(delta): 36309.7
3 (QN/Block) 	Elapsed: 0.418	Loglikelihood: -214959	(delta): 10933.3
4 (QN/Block) 	Elapsed: 0.424	Loglikelihood: -210307	(delta): 4652.27
5 (QN/Block) 	Elapsed: 0.44	Loglikelihood: -207917	(delta): 2389.75
6 (QN/Block) 	Elapsed: 0.418	Loglikelihood: -206517	(delta): 1400.28
7 (QN/Block) 	Elapsed: 0.395	Loglikelihood: -206103	(delta): 414.258
8 (QN/Block) 	Elapsed: 0.401	Loglikelihood: -206040	(delta): 63.2828
9 (QN/Block) 	Elapsed: 0.399	Loglikelihood: -206026	(delta): 14.0763
10 (QN/Block) 	Elapsed: 0.411	Loglikelihood: -206019	(delta): 7.06322
11 (QN/Block) 	Elapsed: 0.394	Loglikelihood: -206003	(delta): 15.2563
12 (QN/Block) 	Elapsed: 0.414	Loglikelihood: -205984	(delta): 19.612
13 (QN/Block) 	Elapsed: 0.392	Loglikelihood: -205973	(delta): 10.1982
14 (QN/Block) 	Elapsed: 0.41	Loglikelihood: -205963	(delta): 10.7403
15 (QN/Block) 	Elapsed: 0.393	Loglikelihood: -205927	(delta): 36.1328
16 (QN/Block) 	Elapsed: 0.391	Loglikelihood: -205897	(delta): 29.3029
17 (QN/Block) 	Elapsed: 0.392	Loglikelihood: -205882	(delta): 15.4445
18 (QN/Block) 	Elapsed: 0.412	Loglikelihood: -205880	(delta): 1.6397
19 (QN/Block) 	Elapsed: 0.414	Loglikelihood: -205879	(delta): 0.939374
20 (QN/Block) 	Elapsed: 0.399	Loglikelihood: -205879	(delta): 0.198708
21 (QN/Block) 	Elapsed: 0.415	Loglikelihood: -205879	(delta): 0.0148217
22 (QN/Block) 	Elapsed: 0.395	Loglikelihood: -205879	(delta): 0.0226246
23 (QN/Block) 	Elapsed: 0.393	Loglikelihood: -205879	(delta): 0.0110032
24 (QN/Block) 	Elapsed: 0.391	Loglikelihood: -205879	(delta): 0.00317382
25 (QN/Block) 	Elapsed: 0.392	Loglikelihood: -205879	(delta): 0.000720602
26 (QN/Block) 	Elapsed: 0.392	Loglikelihood: -205879	(delta): 0.000987481
27 (QN/Block) 	Elapsed: 0.393	Loglikelihood: -205879	(delta): 2.52092e-05
Summary: 
Converged in 27 iterations (11.667 sec)
Loglikelihood: -205878.982986
Fst divergences between estimated populations: 
	Pop0	Pop1	Pop2	Pop3	Pop4	Pop5	Pop6	Pop7	Pop8	
Pop0	
Pop1	0.474	
Pop2	0.399	0.464	
Pop3	0.492	0.452	0.488	
Pop4	0.495	0.464	0.491	0.418	
Pop5	0.518	0.671	0.561	0.714	0.722	
Pop6	0.230	0.528	0.437	0.534	0.538	0.516	
Pop7	0.202	0.469	0.409	0.502	0.502	0.476	0.198	
Pop8	0.468	0.430	0.461	0.403	0.428	0.688	0.517	0.482	
Pop9	0.327	0.365	0.353	0.381	0.389	0.508	0.351	0.309	0.371	
CV error (K=10): 0.30659
Writing output files.
