****                   ADMIXTURE Version 1.3.0                  ****
****                    Copyright 2008-2015                     ****
****           David Alexander, Suyash Shringarpure,            ****
****                John  Novembre, Ken Lange                   ****
****                                                            ****
****                 Please cite our paper!                     ****
****   Information at www.genetics.ucla.edu/software/admixture  ****

Cross-validation will be performed.  Folds=10.
Random seed: 43
Point estimation method: Block relaxation algorithm
Convergence acceleration algorithm: QuasiNewton, 3 secant conditions
Point estimation will terminate when objective function delta < 0.0001
Estimation of standard errors disabled; will compute point estimates only.
Size of G: 51x11067
Performing five EM steps to prime main algorithm
1 (EM) 	Elapsed: 0.145	Loglikelihood: -399377	(delta): 304065
2 (EM) 	Elapsed: 0.141	Loglikelihood: -382412	(delta): 16965.5
3 (EM) 	Elapsed: 0.144	Loglikelihood: -373169	(delta): 9242.88
4 (EM) 	Elapsed: 0.142	Loglikelihood: -363852	(delta): 9316.46
5 (EM) 	Elapsed: 0.143	Loglikelihood: -353773	(delta): 10078.8
Initial loglikelihood: -353773
Starting main algorithm
1 (QN/Block) 	Elapsed: 0.512	Loglikelihood: -243632	(delta): 110142
2 (QN/Block) 	Elapsed: 0.504	Loglikelihood: -214833	(delta): 28799.2
3 (QN/Block) 	Elapsed: 0.547	Loglikelihood: -205294	(delta): 9538.86
4 (QN/Block) 	Elapsed: 0.549	Loglikelihood: -201122	(delta): 4171.63
5 (QN/Block) 	Elapsed: 0.547	Loglikelihood: -198801	(delta): 2321.47
6 (QN/Block) 	Elapsed: 0.518	Loglikelihood: -197561	(delta): 1239.38
7 (QN/Block) 	Elapsed: 0.527	Loglikelihood: -196934	(delta): 627.551
8 (QN/Block) 	Elapsed: 0.511	Loglikelihood: -196813	(delta): 121.213
9 (QN/Block) 	Elapsed: 0.523	Loglikelihood: -196771	(delta): 41.1357
10 (QN/Block) 	Elapsed: 0.539	Loglikelihood: -196757	(delta): 14.4477
11 (QN/Block) 	Elapsed: 0.511	Loglikelihood: -196798	(delta): -41.1295
12 (QN/Block) 	Elapsed: 0.532	Loglikelihood: -196795	(delta): 3.42583
13 (QN/Block) 	Elapsed: 0.537	Loglikelihood: -196794	(delta): 0.940217
14 (QN/Block) 	Elapsed: 0.537	Loglikelihood: -196785	(delta): 8.2633
15 (QN/Block) 	Elapsed: 0.533	Loglikelihood: -196785	(delta): 0.860226
16 (QN/Block) 	Elapsed: 0.532	Loglikelihood: -196777	(delta): 7.1702
17 (QN/Block) 	Elapsed: 0.532	Loglikelihood: -196813	(delta): -35.5836
18 (QN/Block) 	Elapsed: 0.512	Loglikelihood: -196811	(delta): 1.7853
19 (QN/Block) 	Elapsed: 0.532	Loglikelihood: -196814	(delta): -2.6036
20 (QN/Block) 	Elapsed: 0.513	Loglikelihood: -196810	(delta): 3.86722
21 (QN/Block) 	Elapsed: 0.51	Loglikelihood: -196803	(delta): 6.88906
22 (QN/Block) 	Elapsed: 0.512	Loglikelihood: -196836	(delta): -32.6612
23 (QN/Block) 	Elapsed: 0.514	Loglikelihood: -196824	(delta): 11.6497
24 (QN/Block) 	Elapsed: 0.511	Loglikelihood: -196826	(delta): -1.452
25 (QN/Block) 	Elapsed: 0.532	Loglikelihood: -196822	(delta): 3.91552
26 (QN/Block) 	Elapsed: 0.529	Loglikelihood: -196822	(delta): -0.561401
27 (QN/Block) 	Elapsed: 0.531	Loglikelihood: -196825	(delta): -2.39847
28 (QN/Block) 	Elapsed: 0.534	Loglikelihood: -196832	(delta): -7.49376
29 (QN/Block) 	Elapsed: 0.532	Loglikelihood: -196832	(delta): -0.215778
30 (QN/Block) 	Elapsed: 0.512	Loglikelihood: -196829	(delta): 3.37076
31 (QN/Block) 	Elapsed: 0.515	Loglikelihood: -196830	(delta): -1.1975
32 (QN/Block) 	Elapsed: 0.513	Loglikelihood: -196829	(delta): 0.941124
33 (QN/Block) 	Elapsed: 0.531	Loglikelihood: -196828	(delta): 1.04174
34 (QN/Block) 	Elapsed: 0.532	Loglikelihood: -196827	(delta): 1.35327
35 (QN/Block) 	Elapsed: 0.512	Loglikelihood: -196826	(delta): 0.718343
36 (QN/Block) 	Elapsed: 0.512	Loglikelihood: -196826	(delta): 0.274786
37 (QN/Block) 	Elapsed: 0.509	Loglikelihood: -196826	(delta): 0.0327385
38 (QN/Block) 	Elapsed: 0.532	Loglikelihood: -196826	(delta): -0.00765709
39 (QN/Block) 	Elapsed: 0.51	Loglikelihood: -196831	(delta): -4.81356
40 (QN/Block) 	Elapsed: 0.512	Loglikelihood: -196829	(delta): 1.83783
41 (QN/Block) 	Elapsed: 0.515	Loglikelihood: -196828	(delta): 0.520447
42 (QN/Block) 	Elapsed: 0.532	Loglikelihood: -196828	(delta): 0.726992
43 (QN/Block) 	Elapsed: 0.509	Loglikelihood: -196827	(delta): 0.826229
44 (QN/Block) 	Elapsed: 0.511	Loglikelihood: -196828	(delta): -0.835935
45 (QN/Block) 	Elapsed: 0.532	Loglikelihood: -196828	(delta): 1.13037e-05
Summary: 
Converged in 45 iterations (24.676 sec)
Loglikelihood: -196827.532780
Fst divergences between estimated populations: 
	Pop0	Pop1	Pop2	Pop3	Pop4	Pop5	Pop6	Pop7	Pop8	Pop9	Pop10	
Pop0	
Pop1	0.454	
Pop2	0.551	0.517	
Pop3	0.392	0.312	0.390	
Pop4	0.531	0.507	0.428	0.386	
Pop5	0.446	0.164	0.487	0.307	0.476	
Pop6	0.520	0.476	0.465	0.370	0.454	0.471	
Pop7	0.450	0.329	0.486	0.308	0.487	0.335	0.473	
Pop8	0.409	0.422	0.488	0.363	0.464	0.399	0.461	0.380	
Pop9	0.589	0.512	0.531	0.448	0.534	0.483	0.539	0.517	0.540	
Pop10	0.556	0.517	0.433	0.398	0.451	0.487	0.465	0.500	0.494	0.548	
Pop11	0.669	0.513	0.756	0.553	0.742	0.550	0.710	0.449	0.611	0.754	0.763	
CV error (K=12): 0.34831
Writing output files.
