****                   ADMIXTURE Version 1.3.0                  ****
****                    Copyright 2008-2015                     ****
****           David Alexander, Suyash Shringarpure,            ****
****                John  Novembre, Ken Lange                   ****
****                                                            ****
****                 Please cite our paper!                     ****
****   Information at www.genetics.ucla.edu/software/admixture  ****

Cross-validation will be performed.  Folds=10.
Random seed: 43
Point estimation method: Block relaxation algorithm
Convergence acceleration algorithm: QuasiNewton, 3 secant conditions
Point estimation will terminate when objective function delta < 0.0001
Estimation of standard errors disabled; will compute point estimates only.
Size of G: 51x11067
Performing five EM steps to prime main algorithm
1 (EM) 	Elapsed: 0.036	Loglikelihood: -406129	(delta): 351024
2 (EM) 	Elapsed: 0.034	Loglikelihood: -391566	(delta): 14563.2
3 (EM) 	Elapsed: 0.035	Loglikelihood: -384898	(delta): 6667.57
4 (EM) 	Elapsed: 0.035	Loglikelihood: -379023	(delta): 5874.85
5 (EM) 	Elapsed: 0.034	Loglikelihood: -372824	(delta): 6199.62
Initial loglikelihood: -372824
Starting main algorithm
1 (QN/Block) 	Elapsed: 0.15	Loglikelihood: -305529	(delta): 67294.7
2 (QN/Block) 	Elapsed: 0.152	Loglikelihood: -284617	(delta): 20912
3 (QN/Block) 	Elapsed: 0.162	Loglikelihood: -277238	(delta): 7378.76
4 (QN/Block) 	Elapsed: 0.161	Loglikelihood: -273145	(delta): 4093.18
5 (QN/Block) 	Elapsed: 0.163	Loglikelihood: -271361	(delta): 1784.11
6 (QN/Block) 	Elapsed: 0.163	Loglikelihood: -270820	(delta): 540.916
7 (QN/Block) 	Elapsed: 0.171	Loglikelihood: -270411	(delta): 408.877
8 (QN/Block) 	Elapsed: 0.205	Loglikelihood: -270265	(delta): 146.191
9 (QN/Block) 	Elapsed: 0.16	Loglikelihood: -270212	(delta): 52.9773
10 (QN/Block) 	Elapsed: 0.164	Loglikelihood: -270102	(delta): 109.478
11 (QN/Block) 	Elapsed: 0.168	Loglikelihood: -270061	(delta): 41.7171
12 (QN/Block) 	Elapsed: 0.168	Loglikelihood: -270050	(delta): 10.3362
13 (QN/Block) 	Elapsed: 0.164	Loglikelihood: -270046	(delta): 4.10846
14 (QN/Block) 	Elapsed: 0.16	Loglikelihood: -270045	(delta): 1.61766
15 (QN/Block) 	Elapsed: 0.158	Loglikelihood: -270044	(delta): 0.315339
16 (QN/Block) 	Elapsed: 0.159	Loglikelihood: -270042	(delta): 2.36893
17 (QN/Block) 	Elapsed: 0.16	Loglikelihood: -270040	(delta): 1.97645
18 (QN/Block) 	Elapsed: 0.172	Loglikelihood: -270040	(delta): 0.282864
19 (QN/Block) 	Elapsed: 0.161	Loglikelihood: -270040	(delta): 0.0547759
20 (QN/Block) 	Elapsed: 0.161	Loglikelihood: -270040	(delta): 0.00157424
21 (QN/Block) 	Elapsed: 0.159	Loglikelihood: -270040	(delta): 0.000101197
22 (QN/Block) 	Elapsed: 0.16	Loglikelihood: -270040	(delta): 1.07335e-06
Summary: 
Converged in 22 iterations (3.927 sec)
Loglikelihood: -270039.608461
Fst divergences between estimated populations: 
	Pop0	Pop1	Pop2	
Pop0	
Pop1	0.401	
Pop2	0.380	0.563	
Pop3	0.299	0.457	0.214	
CV error (K=4): 0.34973
Writing output files.
