****                   ADMIXTURE Version 1.3.0                  ****
****                    Copyright 2008-2015                     ****
****           David Alexander, Suyash Shringarpure,            ****
****                John  Novembre, Ken Lange                   ****
****                                                            ****
****                 Please cite our paper!                     ****
****   Information at www.genetics.ucla.edu/software/admixture  ****

Cross-validation will be performed.  Folds=10.
Random seed: 43
Point estimation method: Block relaxation algorithm
Convergence acceleration algorithm: QuasiNewton, 3 secant conditions
Point estimation will terminate when objective function delta < 0.0001
Estimation of standard errors disabled; will compute point estimates only.
Size of G: 51x11067
Performing five EM steps to prime main algorithm
1 (EM) 	Elapsed: 0.071	Loglikelihood: -403633	(delta): 318193
2 (EM) 	Elapsed: 0.072	Loglikelihood: -388896	(delta): 14736.5
3 (EM) 	Elapsed: 0.068	Loglikelihood: -382399	(delta): 6496.85
4 (EM) 	Elapsed: 0.068	Loglikelihood: -376644	(delta): 5754.93
5 (EM) 	Elapsed: 0.067	Loglikelihood: -370523	(delta): 6121.02
Initial loglikelihood: -370523
Starting main algorithm
1 (QN/Block) 	Elapsed: 0.243	Loglikelihood: -268710	(delta): 101813
2 (QN/Block) 	Elapsed: 0.242	Loglikelihood: -247173	(delta): 21537.4
3 (QN/Block) 	Elapsed: 0.274	Loglikelihood: -240920	(delta): 6253.32
4 (QN/Block) 	Elapsed: 0.255	Loglikelihood: -237549	(delta): 3371.16
5 (QN/Block) 	Elapsed: 0.271	Loglikelihood: -235895	(delta): 1653.73
6 (QN/Block) 	Elapsed: 0.252	Loglikelihood: -235069	(delta): 825.549
7 (QN/Block) 	Elapsed: 0.269	Loglikelihood: -234708	(delta): 361.004
8 (QN/Block) 	Elapsed: 0.254	Loglikelihood: -234570	(delta): 137.861
9 (QN/Block) 	Elapsed: 0.253	Loglikelihood: -234485	(delta): 85.1654
10 (QN/Block) 	Elapsed: 0.27	Loglikelihood: -234406	(delta): 79.4485
11 (QN/Block) 	Elapsed: 0.252	Loglikelihood: -234314	(delta): 92.2909
12 (QN/Block) 	Elapsed: 0.252	Loglikelihood: -234272	(delta): 41.3285
13 (QN/Block) 	Elapsed: 0.252	Loglikelihood: -234237	(delta): 35.5962
14 (QN/Block) 	Elapsed: 0.253	Loglikelihood: -234194	(delta): 42.5908
15 (QN/Block) 	Elapsed: 0.252	Loglikelihood: -234132	(delta): 62.0285
16 (QN/Block) 	Elapsed: 0.253	Loglikelihood: -234118	(delta): 13.9666
17 (QN/Block) 	Elapsed: 0.253	Loglikelihood: -234106	(delta): 11.9125
18 (QN/Block) 	Elapsed: 0.253	Loglikelihood: -234101	(delta): 5.18478
19 (QN/Block) 	Elapsed: 0.255	Loglikelihood: -234099	(delta): 1.86866
20 (QN/Block) 	Elapsed: 0.256	Loglikelihood: -234098	(delta): 1.20027
21 (QN/Block) 	Elapsed: 0.254	Loglikelihood: -234096	(delta): 2.34911
22 (QN/Block) 	Elapsed: 0.252	Loglikelihood: -234092	(delta): 3.552
23 (QN/Block) 	Elapsed: 0.262	Loglikelihood: -234059	(delta): 33.1764
24 (QN/Block) 	Elapsed: 0.27	Loglikelihood: -234038	(delta): 20.5134
25 (QN/Block) 	Elapsed: 0.253	Loglikelihood: -234035	(delta): 3.52001
26 (QN/Block) 	Elapsed: 0.252	Loglikelihood: -234034	(delta): 0.955982
27 (QN/Block) 	Elapsed: 0.254	Loglikelihood: -234034	(delta): 0.153288
28 (QN/Block) 	Elapsed: 0.256	Loglikelihood: -234034	(delta): 0.00441239
29 (QN/Block) 	Elapsed: 0.253	Loglikelihood: -234034	(delta): 0.00741258
30 (QN/Block) 	Elapsed: 0.251	Loglikelihood: -234034	(delta): 0.000148017
31 (QN/Block) 	Elapsed: 0.253	Loglikelihood: -234034	(delta): 1.76554e-05
Summary: 
Converged in 31 iterations (8.507 sec)
Loglikelihood: -234033.671049
Fst divergences between estimated populations: 
	Pop0	Pop1	Pop2	Pop3	Pop4	Pop5	
Pop0	
Pop1	0.603	
Pop2	0.421	0.444	
Pop3	0.313	0.485	0.297	
Pop4	0.324	0.646	0.449	0.317	
Pop5	0.385	0.675	0.490	0.378	0.343	
Pop6	0.419	0.477	0.164	0.308	0.424	0.466	
CV error (K=7): 0.33251
Writing output files.
