****                   ADMIXTURE Version 1.3.0                  ****
****                    Copyright 2008-2015                     ****
****           David Alexander, Suyash Shringarpure,            ****
****                John  Novembre, Ken Lange                   ****
****                                                            ****
****                 Please cite our paper!                     ****
****   Information at www.genetics.ucla.edu/software/admixture  ****

Cross-validation will be performed.  Folds=10.
Random seed: 43
Point estimation method: Block relaxation algorithm
Convergence acceleration algorithm: QuasiNewton, 3 secant conditions
Point estimation will terminate when objective function delta < 0.0001
Estimation of standard errors disabled; will compute point estimates only.
Size of G: 51x11067
Performing five EM steps to prime main algorithm
1 (EM) 	Elapsed: 0.086	Loglikelihood: -400634	(delta): 315651
2 (EM) 	Elapsed: 0.084	Loglikelihood: -382609	(delta): 18025.1
3 (EM) 	Elapsed: 0.083	Loglikelihood: -371344	(delta): 11264.8
4 (EM) 	Elapsed: 0.082	Loglikelihood: -359530	(delta): 11813.7
5 (EM) 	Elapsed: 0.084	Loglikelihood: -347002	(delta): 12528.6
Initial loglikelihood: -347002
Starting main algorithm
1 (QN/Block) 	Elapsed: 0.284	Loglikelihood: -263201	(delta): 83800.6
2 (QN/Block) 	Elapsed: 0.283	Loglikelihood: -239225	(delta): 23976.6
3 (QN/Block) 	Elapsed: 0.329	Loglikelihood: -230024	(delta): 9201.1
4 (QN/Block) 	Elapsed: 0.312	Loglikelihood: -227141	(delta): 2882.14
5 (QN/Block) 	Elapsed: 0.293	Loglikelihood: -225874	(delta): 1267.1
6 (QN/Block) 	Elapsed: 0.312	Loglikelihood: -225381	(delta): 493.393
7 (QN/Block) 	Elapsed: 0.294	Loglikelihood: -225226	(delta): 155.152
8 (QN/Block) 	Elapsed: 0.311	Loglikelihood: -225031	(delta): 195.232
9 (QN/Block) 	Elapsed: 0.292	Loglikelihood: -224744	(delta): 286.954
10 (QN/Block) 	Elapsed: 0.311	Loglikelihood: -224638	(delta): 105.402
11 (QN/Block) 	Elapsed: 0.293	Loglikelihood: -224562	(delta): 75.8692
12 (QN/Block) 	Elapsed: 0.294	Loglikelihood: -224447	(delta): 114.99
13 (QN/Block) 	Elapsed: 0.294	Loglikelihood: -224282	(delta): 165.345
14 (QN/Block) 	Elapsed: 0.299	Loglikelihood: -224123	(delta): 158.963
15 (QN/Block) 	Elapsed: 0.312	Loglikelihood: -224040	(delta): 82.8455
16 (QN/Block) 	Elapsed: 0.313	Loglikelihood: -224006	(delta): 34.3728
17 (QN/Block) 	Elapsed: 0.293	Loglikelihood: -223983	(delta): 22.4875
18 (QN/Block) 	Elapsed: 0.293	Loglikelihood: -223969	(delta): 14.2189
19 (QN/Block) 	Elapsed: 0.312	Loglikelihood: -223960	(delta): 9.48814
20 (QN/Block) 	Elapsed: 0.293	Loglikelihood: -223941	(delta): 18.3281
21 (QN/Block) 	Elapsed: 0.295	Loglikelihood: -223775	(delta): 166.117
22 (QN/Block) 	Elapsed: 0.3	Loglikelihood: -223670	(delta): 105.366
23 (QN/Block) 	Elapsed: 0.293	Loglikelihood: -223622	(delta): 48.0242
24 (QN/Block) 	Elapsed: 0.294	Loglikelihood: -223571	(delta): 51.2584
25 (QN/Block) 	Elapsed: 0.348	Loglikelihood: -223535	(delta): 35.7792
26 (QN/Block) 	Elapsed: 0.295	Loglikelihood: -223515	(delta): 19.512
27 (QN/Block) 	Elapsed: 0.296	Loglikelihood: -223504	(delta): 10.9121
28 (QN/Block) 	Elapsed: 0.295	Loglikelihood: -223499	(delta): 5.47709
29 (QN/Block) 	Elapsed: 0.311	Loglikelihood: -223496	(delta): 2.48145
30 (QN/Block) 	Elapsed: 0.299	Loglikelihood: -223496	(delta): 0.499172
31 (QN/Block) 	Elapsed: 0.312	Loglikelihood: -223496	(delta): 0.155361
32 (QN/Block) 	Elapsed: 0.314	Loglikelihood: -223496	(delta): 0.116384
33 (QN/Block) 	Elapsed: 0.296	Loglikelihood: -223496	(delta): 0.0447815
34 (QN/Block) 	Elapsed: 0.297	Loglikelihood: -223496	(delta): 0.00650924
35 (QN/Block) 	Elapsed: 0.293	Loglikelihood: -223496	(delta): 0.00180319
36 (QN/Block) 	Elapsed: 0.293	Loglikelihood: -223496	(delta): 4.40388e-06
Summary: 
Converged in 36 iterations (11.55 sec)
Loglikelihood: -223495.598512
Fst divergences between estimated populations: 
	Pop0	Pop1	Pop2	Pop3	Pop4	Pop5	Pop6	
Pop0	
Pop1	0.633	
Pop2	0.490	0.473	
Pop3	0.651	0.427	0.489	
Pop4	0.606	0.443	0.461	0.459	
Pop5	0.420	0.493	0.413	0.507	0.479	
Pop6	0.450	0.472	0.391	0.487	0.469	0.182	
Pop7	0.619	0.379	0.448	0.356	0.398	0.464	0.444	
CV error (K=8): 0.31926
Writing output files.
