****                   ADMIXTURE Version 1.3.0                  ****
****                    Copyright 2008-2015                     ****
****           David Alexander, Suyash Shringarpure,            ****
****                John  Novembre, Ken Lange                   ****
****                                                            ****
****                 Please cite our paper!                     ****
****   Information at www.genetics.ucla.edu/software/admixture  ****

Cross-validation will be performed.  Folds=10.
Random seed: 43
Point estimation method: Block relaxation algorithm
Convergence acceleration algorithm: QuasiNewton, 3 secant conditions
Point estimation will terminate when objective function delta < 0.0001
Estimation of standard errors disabled; will compute point estimates only.
Size of G: 99x11067
Performing five EM steps to prime main algorithm
1 (EM) 	Elapsed: 0.298	Loglikelihood: -890037	(delta): 481299
2 (EM) 	Elapsed: 0.312	Loglikelihood: -850687	(delta): 39350.1
3 (EM) 	Elapsed: 0.295	Loglikelihood: -834804	(delta): 15883.4
4 (EM) 	Elapsed: 0.291	Loglikelihood: -818470	(delta): 16334.1
5 (EM) 	Elapsed: 0.304	Loglikelihood: -798864	(delta): 19605.6
Initial loglikelihood: -798864
Starting main algorithm
1 (QN/Block) 	Elapsed: 0.848	Loglikelihood: -466465	(delta): 332399
2 (QN/Block) 	Elapsed: 0.799	Loglikelihood: -405509	(delta): 60956.1
3 (QN/Block) 	Elapsed: 0.855	Loglikelihood: -386004	(delta): 19505.2
4 (QN/Block) 	Elapsed: 0.869	Loglikelihood: -372313	(delta): 13690.8
5 (QN/Block) 	Elapsed: 1.068	Loglikelihood: -365066	(delta): 7247.3
6 (QN/Block) 	Elapsed: 0.976	Loglikelihood: -361118	(delta): 3948.25
7 (QN/Block) 	Elapsed: 0.833	Loglikelihood: -359747	(delta): 1370.26
8 (QN/Block) 	Elapsed: 0.876	Loglikelihood: -359285	(delta): 462.773
9 (QN/Block) 	Elapsed: 0.873	Loglikelihood: -359190	(delta): 94.6676
10 (QN/Block) 	Elapsed: 1.026	Loglikelihood: -359159	(delta): 31.1339
11 (QN/Block) 	Elapsed: 0.816	Loglikelihood: -359134	(delta): 24.9749
12 (QN/Block) 	Elapsed: 0.854	Loglikelihood: -359133	(delta): 1.06809
13 (QN/Block) 	Elapsed: 0.902	Loglikelihood: -359133	(delta): 0.0209061
14 (QN/Block) 	Elapsed: 0.806	Loglikelihood: -359133	(delta): 0.00330392
15 (QN/Block) 	Elapsed: 0.829	Loglikelihood: -359133	(delta): 7.83077e-05
Summary: 
Converged in 15 iterations (15.11 sec)
Loglikelihood: -359132.730277
Fst divergences between estimated populations: 
	Pop0	Pop1	Pop2	Pop3	Pop4	Pop5	Pop6	Pop7	Pop8	Pop9	Pop10	
Pop0	
Pop1	0.430	
Pop2	0.460	0.390	
Pop3	0.439	0.403	0.450	
Pop4	0.498	0.392	0.432	0.469	
Pop5	0.433	0.397	0.439	0.198	0.458	
Pop6	0.506	0.367	0.459	0.469	0.461	0.463	
Pop7	0.732	0.511	0.722	0.693	0.702	0.687	0.678	
Pop8	0.520	0.352	0.492	0.487	0.471	0.478	0.467	0.564	
Pop9	0.356	0.304	0.301	0.347	0.342	0.334	0.356	0.655	0.411	
Pop10	0.741	0.609	0.737	0.703	0.718	0.697	0.710	0.730	0.608	0.675	
Pop11	0.501	0.293	0.476	0.473	0.464	0.465	0.462	0.485	0.381	0.398	0.630	
CV error (K=12): 0.23862
Writing output files.
