****                   ADMIXTURE Version 1.3.0                  ****
****                    Copyright 2008-2015                     ****
****           David Alexander, Suyash Shringarpure,            ****
****                John  Novembre, Ken Lange                   ****
****                                                            ****
****                 Please cite our paper!                     ****
****   Information at www.genetics.ucla.edu/software/admixture  ****

Cross-validation will be performed.  Folds=10.
Random seed: 43
Point estimation method: Block relaxation algorithm
Convergence acceleration algorithm: QuasiNewton, 3 secant conditions
Point estimation will terminate when objective function delta < 0.0001
Estimation of standard errors disabled; will compute point estimates only.
Size of G: 99x11067
Performing five EM steps to prime main algorithm
1 (EM) 	Elapsed: 0.017	Loglikelihood: -855580	(delta): 1.05797e+06
2 (EM) 	Elapsed: 0.021	Loglikelihood: -855580	(delta): 0
3 (EM) 	Elapsed: 0.018	Loglikelihood: -855580	(delta): 0
4 (EM) 	Elapsed: 0.017	Loglikelihood: -855580	(delta): 0
5 (EM) 	Elapsed: 0.017	Loglikelihood: -855580	(delta): 0
Initial loglikelihood: -855580
Starting main algorithm
1 (QN/Block) 	Elapsed: 0.107	Loglikelihood: -855580	(delta): 0
Summary: 
Converged in 1 iterations (0.26 sec)
Loglikelihood: -855579.912941
CV error (K=1): 0.68305
Writing output files.
