****                   ADMIXTURE Version 1.3.0                  ****
****                    Copyright 2008-2015                     ****
****           David Alexander, Suyash Shringarpure,            ****
****                John  Novembre, Ken Lange                   ****
****                                                            ****
****                 Please cite our paper!                     ****
****   Information at www.genetics.ucla.edu/software/admixture  ****

Cross-validation will be performed.  Folds=10.
Random seed: 43
Point estimation method: Block relaxation algorithm
Convergence acceleration algorithm: QuasiNewton, 3 secant conditions
Point estimation will terminate when objective function delta < 0.0001
Estimation of standard errors disabled; will compute point estimates only.
Size of G: 99x11067
Performing five EM steps to prime main algorithm
1 (EM) 	Elapsed: 0.456	Loglikelihood: -888847	(delta): 468059
2 (EM) 	Elapsed: 0.448	Loglikelihood: -848623	(delta): 40223.6
3 (EM) 	Elapsed: 0.45	Loglikelihood: -829940	(delta): 18683.6
4 (EM) 	Elapsed: 0.453	Loglikelihood: -807184	(delta): 22755.5
5 (EM) 	Elapsed: 0.444	Loglikelihood: -778884	(delta): 28300.1
Initial loglikelihood: -778884
Starting main algorithm
1 (QN/Block) 	Elapsed: 1.322	Loglikelihood: -475071	(delta): 303813
2 (QN/Block) 	Elapsed: 1.28	Loglikelihood: -399918	(delta): 75152.6
3 (QN/Block) 	Elapsed: 1.319	Loglikelihood: -369985	(delta): 29932.7
4 (QN/Block) 	Elapsed: 1.342	Loglikelihood: -355144	(delta): 14841.4
5 (QN/Block) 	Elapsed: 1.283	Loglikelihood: -347667	(delta): 7477.04
6 (QN/Block) 	Elapsed: 1.327	Loglikelihood: -344105	(delta): 3561.99
7 (QN/Block) 	Elapsed: 1.362	Loglikelihood: -342834	(delta): 1271.44
8 (QN/Block) 	Elapsed: 1.312	Loglikelihood: -337437	(delta): 5396.62
9 (QN/Block) 	Elapsed: 1.341	Loglikelihood: -333079	(delta): 4357.88
10 (QN/Block) 	Elapsed: 1.339	Loglikelihood: -331850	(delta): 1228.93
11 (QN/Block) 	Elapsed: 1.343	Loglikelihood: -331432	(delta): 418.591
12 (QN/Block) 	Elapsed: 1.339	Loglikelihood: -331266	(delta): 165.231
13 (QN/Block) 	Elapsed: 1.288	Loglikelihood: -331075	(delta): 191.29
14 (QN/Block) 	Elapsed: 1.295	Loglikelihood: -330871	(delta): 203.795
15 (QN/Block) 	Elapsed: 1.289	Loglikelihood: -330752	(delta): 119.105
16 (QN/Block) 	Elapsed: 1.285	Loglikelihood: -330727	(delta): 25.416
17 (QN/Block) 	Elapsed: 1.29	Loglikelihood: -330720	(delta): 6.24071
18 (QN/Block) 	Elapsed: 1.287	Loglikelihood: -330719	(delta): 1.00698
19 (QN/Block) 	Elapsed: 1.287	Loglikelihood: -330719	(delta): 0.212367
20 (QN/Block) 	Elapsed: 1.283	Loglikelihood: -330719	(delta): 0.307657
21 (QN/Block) 	Elapsed: 1.339	Loglikelihood: -330719	(delta): 0.111805
22 (QN/Block) 	Elapsed: 1.323	Loglikelihood: -330719	(delta): 0.00324608
23 (QN/Block) 	Elapsed: 1.292	Loglikelihood: -330719	(delta): 0.00213112
24 (QN/Block) 	Elapsed: 1.284	Loglikelihood: -330719	(delta): 6.9314e-05
Summary: 
Converged in 24 iterations (34.251 sec)
Loglikelihood: -330718.843772
Fst divergences between estimated populations: 
	Pop0	Pop1	Pop2	Pop3	Pop4	Pop5	Pop6	Pop7	Pop8	Pop9	Pop10	Pop11	Pop12	Pop13	Pop14	
Pop0	
Pop1	0.438	
Pop2	0.483	0.494	
Pop3	0.467	0.448	0.491	
Pop4	0.706	0.724	0.514	0.696	
Pop5	0.473	0.465	0.480	0.475	0.679	
Pop6	0.717	0.733	0.649	0.699	0.734	0.702	
Pop7	0.497	0.457	0.519	0.444	0.735	0.508	0.738	
Pop8	0.483	0.463	0.496	0.213	0.700	0.489	0.704	0.455	
Pop9	0.389	0.341	0.453	0.401	0.690	0.412	0.704	0.423	0.418	
Pop10	0.477	0.492	0.399	0.481	0.577	0.465	0.613	0.519	0.491	0.448	
Pop11	0.394	0.389	0.321	0.402	0.514	0.371	0.608	0.428	0.411	0.344	0.360	
Pop12	0.526	0.505	0.530	0.229	0.734	0.532	0.736	0.498	0.277	0.463	0.525	0.448	
Pop13	0.500	0.473	0.514	0.463	0.729	0.499	0.739	0.465	0.473	0.425	0.512	0.413	0.524	
Pop14	0.505	0.515	0.182	0.505	0.481	0.488	0.643	0.537	0.510	0.472	0.420	0.320	0.545	0.530	
Pop15	0.548	0.530	0.548	0.302	0.748	0.550	0.749	0.509	0.322	0.491	0.545	0.466	0.336	0.539	0.562	
CV error (K=16): 0.22751
Writing output files.
