****                   ADMIXTURE Version 1.3.0                  ****
****                    Copyright 2008-2015                     ****
****           David Alexander, Suyash Shringarpure,            ****
****                John  Novembre, Ken Lange                   ****
****                                                            ****
****                 Please cite our paper!                     ****
****   Information at www.genetics.ucla.edu/software/admixture  ****

Cross-validation will be performed.  Folds=10.
Random seed: 43
Point estimation method: Block relaxation algorithm
Convergence acceleration algorithm: QuasiNewton, 3 secant conditions
Point estimation will terminate when objective function delta < 0.0001
Estimation of standard errors disabled; will compute point estimates only.
Size of G: 99x11067
Performing five EM steps to prime main algorithm
1 (EM) 	Elapsed: 0.393	Loglikelihood: -889557	(delta): 472070
2 (EM) 	Elapsed: 0.392	Loglikelihood: -849311	(delta): 40245.3
3 (EM) 	Elapsed: 0.406	Loglikelihood: -830905	(delta): 18406.9
4 (EM) 	Elapsed: 0.396	Loglikelihood: -807748	(delta): 23156.4
5 (EM) 	Elapsed: 0.414	Loglikelihood: -774885	(delta): 32863.6
Initial loglikelihood: -774885
Starting main algorithm
1 (QN/Block) 	Elapsed: 1.174	Loglikelihood: -455553	(delta): 319332
2 (QN/Block) 	Elapsed: 1.254	Loglikelihood: -394737	(delta): 60815.8
3 (QN/Block) 	Elapsed: 1.187	Loglikelihood: -362312	(delta): 32425
4 (QN/Block) 	Elapsed: 1.23	Loglikelihood: -345409	(delta): 16902.6
5 (QN/Block) 	Elapsed: 1.229	Loglikelihood: -338243	(delta): 7165.92
6 (QN/Block) 	Elapsed: 1.229	Loglikelihood: -336077	(delta): 2166.08
7 (QN/Block) 	Elapsed: 1.237	Loglikelihood: -335637	(delta): 440.701
8 (QN/Block) 	Elapsed: 1.159	Loglikelihood: -335537	(delta): 99.856
9 (QN/Block) 	Elapsed: 1.208	Loglikelihood: -335478	(delta): 58.8777
10 (QN/Block) 	Elapsed: 1.211	Loglikelihood: -335468	(delta): 10.2542
11 (QN/Block) 	Elapsed: 1.232	Loglikelihood: -335464	(delta): 3.38402
12 (QN/Block) 	Elapsed: 1.216	Loglikelihood: -335462	(delta): 1.92872
13 (QN/Block) 	Elapsed: 1.169	Loglikelihood: -335462	(delta): 0.270727
14 (QN/Block) 	Elapsed: 1.173	Loglikelihood: -335462	(delta): 0.0160496
15 (QN/Block) 	Elapsed: 1.217	Loglikelihood: -335462	(delta): 0.0133247
16 (QN/Block) 	Elapsed: 1.197	Loglikelihood: -335461	(delta): 1.17526
17 (QN/Block) 	Elapsed: 1.214	Loglikelihood: -335458	(delta): 2.87183
18 (QN/Block) 	Elapsed: 1.178	Loglikelihood: -335457	(delta): 1.4429
19 (QN/Block) 	Elapsed: 1.155	Loglikelihood: -335455	(delta): 1.20687
20 (QN/Block) 	Elapsed: 1.154	Loglikelihood: -335455	(delta): 0.685835
21 (QN/Block) 	Elapsed: 1.208	Loglikelihood: -335454	(delta): 0.359351
22 (QN/Block) 	Elapsed: 1.155	Loglikelihood: -335454	(delta): 0.000230281
23 (QN/Block) 	Elapsed: 1.216	Loglikelihood: -335454	(delta): 4.57291e-06
Summary: 
Converged in 23 iterations (30.123 sec)
Loglikelihood: -335454.360063
Fst divergences between estimated populations: 
	Pop0	Pop1	Pop2	Pop3	Pop4	Pop5	Pop6	Pop7	Pop8	Pop9	Pop10	Pop11	Pop12	Pop13	
Pop0	
Pop1	0.479	
Pop2	0.504	0.479	
Pop3	0.251	0.504	0.523	
Pop4	0.418	0.398	0.460	0.442	
Pop5	0.478	0.461	0.377	0.498	0.433	
Pop6	0.469	0.496	0.524	0.500	0.422	0.495	
Pop7	0.408	0.364	0.362	0.429	0.342	0.294	0.413	
Pop8	0.465	0.448	0.506	0.487	0.344	0.477	0.474	0.388	
Pop9	0.483	0.463	0.490	0.504	0.389	0.466	0.498	0.391	0.441	
Pop10	0.241	0.489	0.514	0.249	0.424	0.490	0.485	0.418	0.473	0.493	
Pop11	0.700	0.678	0.564	0.721	0.690	0.487	0.732	0.511	0.724	0.708	0.712	
Pop12	0.455	0.495	0.530	0.478	0.423	0.501	0.462	0.425	0.461	0.498	0.468	0.735	
Pop13	0.320	0.541	0.555	0.320	0.490	0.529	0.537	0.462	0.532	0.548	0.338	0.749	0.509	
Pop14	0.704	0.702	0.609	0.723	0.704	0.628	0.741	0.606	0.734	0.718	0.715	0.734	0.738	0.749	
CV error (K=15): 0.21898
Writing output files.
