****                   ADMIXTURE Version 1.3.0                  ****
****                    Copyright 2008-2015                     ****
****           David Alexander, Suyash Shringarpure,            ****
****                John  Novembre, Ken Lange                   ****
****                                                            ****
****                 Please cite our paper!                     ****
****   Information at www.genetics.ucla.edu/software/admixture  ****

Cross-validation will be performed.  Folds=10.
Random seed: 43
Point estimation method: Block relaxation algorithm
Convergence acceleration algorithm: QuasiNewton, 3 secant conditions
Point estimation will terminate when objective function delta < 0.0001
Estimation of standard errors disabled; will compute point estimates only.
Size of G: 99x11067
Performing five EM steps to prime main algorithm
1 (EM) 	Elapsed: 0.219	Loglikelihood: -891591	(delta): 492760
2 (EM) 	Elapsed: 0.221	Loglikelihood: -850518	(delta): 41072.9
3 (EM) 	Elapsed: 0.219	Loglikelihood: -829181	(delta): 21336.8
4 (EM) 	Elapsed: 0.221	Loglikelihood: -802928	(delta): 26252.8
5 (EM) 	Elapsed: 0.219	Loglikelihood: -769917	(delta): 33011.3
Initial loglikelihood: -769917
Starting main algorithm
1 (QN/Block) 	Elapsed: 0.607	Loglikelihood: -494062	(delta): 275854
2 (QN/Block) 	Elapsed: 0.601	Loglikelihood: -444295	(delta): 49767.2
3 (QN/Block) 	Elapsed: 0.636	Loglikelihood: -421743	(delta): 22552.3
4 (QN/Block) 	Elapsed: 0.631	Loglikelihood: -404800	(delta): 16943.2
5 (QN/Block) 	Elapsed: 0.626	Loglikelihood: -398154	(delta): 6646.19
6 (QN/Block) 	Elapsed: 0.626	Loglikelihood: -395793	(delta): 2360.47
7 (QN/Block) 	Elapsed: 0.626	Loglikelihood: -394469	(delta): 1324.39
8 (QN/Block) 	Elapsed: 0.665	Loglikelihood: -394202	(delta): 266.637
9 (QN/Block) 	Elapsed: 0.662	Loglikelihood: -394101	(delta): 100.679
10 (QN/Block) 	Elapsed: 0.626	Loglikelihood: -394029	(delta): 72.1171
11 (QN/Block) 	Elapsed: 0.626	Loglikelihood: -394005	(delta): 24.3521
12 (QN/Block) 	Elapsed: 0.65	Loglikelihood: -393992	(delta): 12.4769
13 (QN/Block) 	Elapsed: 0.665	Loglikelihood: -393933	(delta): 59.5958
14 (QN/Block) 	Elapsed: 0.639	Loglikelihood: -393805	(delta): 128.107
15 (QN/Block) 	Elapsed: 0.665	Loglikelihood: -393752	(delta): 52.473
16 (QN/Block) 	Elapsed: 0.628	Loglikelihood: -393737	(delta): 15.0861
17 (QN/Block) 	Elapsed: 0.628	Loglikelihood: -393720	(delta): 17.2951
18 (QN/Block) 	Elapsed: 0.626	Loglikelihood: -393703	(delta): 17.0671
19 (QN/Block) 	Elapsed: 0.626	Loglikelihood: -393692	(delta): 11.2794
20 (QN/Block) 	Elapsed: 0.623	Loglikelihood: -393685	(delta): 6.51273
21 (QN/Block) 	Elapsed: 0.628	Loglikelihood: -393683	(delta): 1.62297
22 (QN/Block) 	Elapsed: 0.629	Loglikelihood: -393683	(delta): 0.0418903
23 (QN/Block) 	Elapsed: 0.627	Loglikelihood: -393683	(delta): 0.0189027
24 (QN/Block) 	Elapsed: 0.626	Loglikelihood: -393683	(delta): 2.40286e-05
Summary: 
Converged in 24 iterations (16.705 sec)
Loglikelihood: -393683.333394
Fst divergences between estimated populations: 
	Pop0	Pop1	Pop2	Pop3	Pop4	Pop5	Pop6	Pop7	Pop8	
Pop0	
Pop1	0.488	
Pop2	0.503	0.634	
Pop3	0.402	0.554	0.367	
Pop4	0.490	0.622	0.436	0.381	
Pop5	0.611	0.665	0.725	0.663	0.709	
Pop6	0.382	0.396	0.487	0.395	0.481	0.623	
Pop7	0.517	0.640	0.478	0.413	0.297	0.727	0.502	
Pop8	0.399	0.565	0.359	0.209	0.365	0.665	0.387	0.398	
Pop9	0.476	0.610	0.428	0.367	0.178	0.695	0.468	0.295	0.349	
CV error (K=10): 0.26488
Writing output files.
