****                   ADMIXTURE Version 1.3.0                  ****
****                    Copyright 2008-2015                     ****
****           David Alexander, Suyash Shringarpure,            ****
****                John  Novembre, Ken Lange                   ****
****                                                            ****
****                 Please cite our paper!                     ****
****   Information at www.genetics.ucla.edu/software/admixture  ****

Cross-validation will be performed.  Folds=10.
Random seed: 43
Point estimation method: Block relaxation algorithm
Convergence acceleration algorithm: QuasiNewton, 3 secant conditions
Point estimation will terminate when objective function delta < 0.0001
Estimation of standard errors disabled; will compute point estimates only.
Size of G: 99x11067
Performing five EM steps to prime main algorithm
1 (EM) 	Elapsed: 0.249	Loglikelihood: -891013	(delta): 486178
2 (EM) 	Elapsed: 0.252	Loglikelihood: -849935	(delta): 41078.2
3 (EM) 	Elapsed: 0.252	Loglikelihood: -828963	(delta): 20971
4 (EM) 	Elapsed: 0.25	Loglikelihood: -801964	(delta): 26999.9
5 (EM) 	Elapsed: 0.261	Loglikelihood: -764959	(delta): 37005
Initial loglikelihood: -764959
Starting main algorithm
1 (QN/Block) 	Elapsed: 0.687	Loglikelihood: -480290	(delta): 284668
2 (QN/Block) 	Elapsed: 0.683	Loglikelihood: -430645	(delta): 49644.9
3 (QN/Block) 	Elapsed: 0.722	Loglikelihood: -406767	(delta): 23878.1
4 (QN/Block) 	Elapsed: 0.752	Loglikelihood: -391967	(delta): 14800.1
5 (QN/Block) 	Elapsed: 0.711	Loglikelihood: -385702	(delta): 6265.08
6 (QN/Block) 	Elapsed: 0.751	Loglikelihood: -381632	(delta): 4069.6
7 (QN/Block) 	Elapsed: 0.751	Loglikelihood: -380477	(delta): 1155.48
8 (QN/Block) 	Elapsed: 0.724	Loglikelihood: -380064	(delta): 413.104
9 (QN/Block) 	Elapsed: 0.713	Loglikelihood: -379904	(delta): 159.894
10 (QN/Block) 	Elapsed: 0.756	Loglikelihood: -379772	(delta): 132.229
11 (QN/Block) 	Elapsed: 0.722	Loglikelihood: -379720	(delta): 51.4672
12 (QN/Block) 	Elapsed: 0.711	Loglikelihood: -379675	(delta): 44.8688
13 (QN/Block) 	Elapsed: 0.752	Loglikelihood: -379667	(delta): 8.55237
14 (QN/Block) 	Elapsed: 0.711	Loglikelihood: -379663	(delta): 3.48151
15 (QN/Block) 	Elapsed: 0.739	Loglikelihood: -379662	(delta): 1.00954
16 (QN/Block) 	Elapsed: 0.749	Loglikelihood: -379662	(delta): 0.19761
17 (QN/Block) 	Elapsed: 0.752	Loglikelihood: -379662	(delta): 0.0749738
18 (QN/Block) 	Elapsed: 0.755	Loglikelihood: -379662	(delta): 0.0096741
19 (QN/Block) 	Elapsed: 0.75	Loglikelihood: -379662	(delta): 0.00289645
20 (QN/Block) 	Elapsed: 0.752	Loglikelihood: -379662	(delta): 0.00478585
21 (QN/Block) 	Elapsed: 0.752	Loglikelihood: -379662	(delta): 0.020448
22 (QN/Block) 	Elapsed: 0.752	Loglikelihood: -379662	(delta): 0.0747427
23 (QN/Block) 	Elapsed: 0.711	Loglikelihood: -379659	(delta): 3.03376
24 (QN/Block) 	Elapsed: 0.714	Loglikelihood: -379657	(delta): 2.06266
25 (QN/Block) 	Elapsed: 0.75	Loglikelihood: -379657	(delta): 0.00238508
26 (QN/Block) 	Elapsed: 0.711	Loglikelihood: -379657	(delta): 3.32132e-05
Summary: 
Converged in 26 iterations (20.752 sec)
Loglikelihood: -379656.797324
Fst divergences between estimated populations: 
	Pop0	Pop1	Pop2	Pop3	Pop4	Pop5	Pop6	Pop7	Pop8	Pop9	
Pop0	
Pop1	0.338	
Pop2	0.595	0.625	
Pop3	0.314	0.456	0.635	
Pop4	0.373	0.459	0.436	0.454	
Pop5	0.205	0.383	0.616	0.358	0.411	
Pop6	0.660	0.704	0.695	0.684	0.624	0.680	
Pop7	0.399	0.478	0.516	0.473	0.378	0.434	0.612	
Pop8	0.421	0.549	0.702	0.285	0.527	0.464	0.749	0.551	
Pop9	0.358	0.505	0.683	0.421	0.496	0.393	0.736	0.524	0.510	
Pop10	0.357	0.492	0.660	0.169	0.481	0.399	0.709	0.502	0.297	0.456	
CV error (K=11): 0.25084
Writing output files.
