****                   ADMIXTURE Version 1.3.0                  ****
****                    Copyright 2008-2015                     ****
****           David Alexander, Suyash Shringarpure,            ****
****                John  Novembre, Ken Lange                   ****
****                                                            ****
****                 Please cite our paper!                     ****
****   Information at www.genetics.ucla.edu/software/admixture  ****

Cross-validation will be performed.  Folds=10.
Random seed: 43
Point estimation method: Block relaxation algorithm
Convergence acceleration algorithm: QuasiNewton, 3 secant conditions
Point estimation will terminate when objective function delta < 0.0001
Estimation of standard errors disabled; will compute point estimates only.
Size of G: 99x11067
Performing five EM steps to prime main algorithm
1 (EM) 	Elapsed: 0.553	Loglikelihood: -887926	(delta): 465810
2 (EM) 	Elapsed: 0.556	Loglikelihood: -847816	(delta): 40110
3 (EM) 	Elapsed: 0.634	Loglikelihood: -830454	(delta): 17361.3
4 (EM) 	Elapsed: 0.579	Loglikelihood: -809408	(delta): 21046.6
5 (EM) 	Elapsed: 0.543	Loglikelihood: -780850	(delta): 28558
Initial loglikelihood: -780850
Starting main algorithm
1 (QN/Block) 	Elapsed: 1.573	Loglikelihood: -448317	(delta): 332533
2 (QN/Block) 	Elapsed: 1.57	Loglikelihood: -380104	(delta): 68213.2
3 (QN/Block) 	Elapsed: 1.648	Loglikelihood: -345428	(delta): 34675.5
4 (QN/Block) 	Elapsed: 1.67	Loglikelihood: -330532	(delta): 14896.5
5 (QN/Block) 	Elapsed: 1.651	Loglikelihood: -324066	(delta): 6465.22
6 (QN/Block) 	Elapsed: 1.591	Loglikelihood: -321525	(delta): 2541.41
7 (QN/Block) 	Elapsed: 1.652	Loglikelihood: -320808	(delta): 716.985
8 (QN/Block) 	Elapsed: 1.641	Loglikelihood: -320643	(delta): 164.746
9 (QN/Block) 	Elapsed: 1.596	Loglikelihood: -320584	(delta): 59.5502
10 (QN/Block) 	Elapsed: 1.591	Loglikelihood: -320566	(delta): 18.1098
11 (QN/Block) 	Elapsed: 1.572	Loglikelihood: -320556	(delta): 9.44666
12 (QN/Block) 	Elapsed: 1.583	Loglikelihood: -320546	(delta): 10.5138
13 (QN/Block) 	Elapsed: 1.588	Loglikelihood: -320530	(delta): 15.9248
14 (QN/Block) 	Elapsed: 1.654	Loglikelihood: -320516	(delta): 13.7916
15 (QN/Block) 	Elapsed: 1.657	Loglikelihood: -320508	(delta): 8.01049
16 (QN/Block) 	Elapsed: 1.685	Loglikelihood: -320499	(delta): 9.32945
17 (QN/Block) 	Elapsed: 1.646	Loglikelihood: -320483	(delta): 15.869
18 (QN/Block) 	Elapsed: 1.627	Loglikelihood: -320461	(delta): 21.7272
19 (QN/Block) 	Elapsed: 1.598	Loglikelihood: -320440	(delta): 20.8425
20 (QN/Block) 	Elapsed: 1.668	Loglikelihood: -320427	(delta): 12.7493
21 (QN/Block) 	Elapsed: 1.614	Loglikelihood: -320407	(delta): 19.943
22 (QN/Block) 	Elapsed: 1.631	Loglikelihood: -320333	(delta): 74.9301
23 (QN/Block) 	Elapsed: 1.645	Loglikelihood: -320264	(delta): 68.6689
24 (QN/Block) 	Elapsed: 1.628	Loglikelihood: -320181	(delta): 82.3706
25 (QN/Block) 	Elapsed: 1.636	Loglikelihood: -319929	(delta): 252.628
26 (QN/Block) 	Elapsed: 1.626	Loglikelihood: -319274	(delta): 654.468
27 (QN/Block) 	Elapsed: 1.59	Loglikelihood: -318429	(delta): 845.038
28 (QN/Block) 	Elapsed: 1.654	Loglikelihood: -318094	(delta): 335.731
29 (QN/Block) 	Elapsed: 1.778	Loglikelihood: -318005	(delta): 88.7401
30 (QN/Block) 	Elapsed: 1.799	Loglikelihood: -317987	(delta): 18.1426
31 (QN/Block) 	Elapsed: 1.696	Loglikelihood: -317985	(delta): 2.10184
32 (QN/Block) 	Elapsed: 1.677	Loglikelihood: -317982	(delta): 2.73441
33 (QN/Block) 	Elapsed: 1.68	Loglikelihood: -317981	(delta): 1.29418
34 (QN/Block) 	Elapsed: 1.811	Loglikelihood: -317980	(delta): 0.943531
35 (QN/Block) 	Elapsed: 1.904	Loglikelihood: -317979	(delta): 0.308101
36 (QN/Block) 	Elapsed: 1.997	Loglikelihood: -317979	(delta): 0.000224863
37 (QN/Block) 	Elapsed: 1.992	Loglikelihood: -317979	(delta): 4.04392e-06
Summary: 
Converged in 37 iterations (65.584 sec)
Loglikelihood: -317979.349995
Fst divergences between estimated populations: 
	Pop0	Pop1	Pop2	Pop3	Pop4	Pop5	Pop6	Pop7	Pop8	Pop9	Pop10	Pop11	Pop12	Pop13	Pop14	Pop15	Pop16	
Pop0	
Pop1	0.444	
Pop2	0.523	0.488	
Pop3	0.509	0.306	0.549	
Pop4	0.771	0.730	0.611	0.784	
Pop5	0.510	0.478	0.466	0.551	0.717	
Pop6	0.519	0.322	0.543	0.406	0.778	0.546	
Pop7	0.516	0.488	0.395	0.547	0.563	0.475	0.539	
Pop8	0.517	0.484	0.387	0.545	0.475	0.486	0.537	0.345	
Pop9	0.455	0.448	0.495	0.528	0.760	0.464	0.514	0.490	0.496	
Pop10	0.491	0.467	0.479	0.543	0.750	0.465	0.530	0.484	0.496	0.425	
Pop11	0.399	0.396	0.460	0.477	0.730	0.433	0.463	0.462	0.462	0.373	0.407	
Pop12	0.531	0.283	0.554	0.385	0.791	0.557	0.405	0.551	0.550	0.538	0.546	0.484	
Pop13	0.482	0.462	0.500	0.549	0.770	0.468	0.537	0.495	0.505	0.405	0.449	0.398	0.554	
Pop14	0.535	0.503	0.420	0.562	0.533	0.491	0.553	0.182	0.335	0.512	0.510	0.482	0.566	0.516	
Pop15	0.738	0.698	0.609	0.749	0.766	0.703	0.743	0.648	0.628	0.732	0.718	0.702	0.754	0.742	0.647	
Pop16	0.432	0.405	0.357	0.468	0.553	0.374	0.460	0.326	0.313	0.391	0.394	0.362	0.471	0.398	0.322	0.609	
Pop17	0.499	0.226	0.533	0.338	0.771	0.534	0.373	0.530	0.529	0.503	0.522	0.455	0.340	0.523	0.546	0.737	0.452	
CV error (K=18): 0.23785
Writing output files.
