****                   ADMIXTURE Version 1.3.0                  ****
****                    Copyright 2008-2015                     ****
****           David Alexander, Suyash Shringarpure,            ****
****                John  Novembre, Ken Lange                   ****
****                                                            ****
****                 Please cite our paper!                     ****
****   Information at www.genetics.ucla.edu/software/admixture  ****

Cross-validation will be performed.  Folds=10.
Random seed: 43
Point estimation method: Block relaxation algorithm
Convergence acceleration algorithm: QuasiNewton, 3 secant conditions
Point estimation will terminate when objective function delta < 0.0001
Estimation of standard errors disabled; will compute point estimates only.
Size of G: 99x11067
Performing five EM steps to prime main algorithm
1 (EM) 	Elapsed: 0.36	Loglikelihood: -890331	(delta): 475216
2 (EM) 	Elapsed: 0.357	Loglikelihood: -850151	(delta): 40180.1
3 (EM) 	Elapsed: 0.356	Loglikelihood: -831576	(delta): 18574.6
4 (EM) 	Elapsed: 0.362	Loglikelihood: -808107	(delta): 23469.5
5 (EM) 	Elapsed: 0.356	Loglikelihood: -775384	(delta): 32722.5
Initial loglikelihood: -775384
Starting main algorithm
1 (QN/Block) 	Elapsed: 1.047	Loglikelihood: -467647	(delta): 307737
2 (QN/Block) 	Elapsed: 1.005	Loglikelihood: -412179	(delta): 55468.2
3 (QN/Block) 	Elapsed: 1.055	Loglikelihood: -392938	(delta): 19241
4 (QN/Block) 	Elapsed: 1.278	Loglikelihood: -381250	(delta): 11687.8
5 (QN/Block) 	Elapsed: 1.031	Loglikelihood: -374470	(delta): 6780.53
6 (QN/Block) 	Elapsed: 1.041	Loglikelihood: -370846	(delta): 3623.47
7 (QN/Block) 	Elapsed: 1.029	Loglikelihood: -364003	(delta): 6842.81
8 (QN/Block) 	Elapsed: 1.028	Loglikelihood: -357006	(delta): 6997.05
9 (QN/Block) 	Elapsed: 1.085	Loglikelihood: -354541	(delta): 2465.69
10 (QN/Block) 	Elapsed: 1.061	Loglikelihood: -353788	(delta): 752.309
11 (QN/Block) 	Elapsed: 1.009	Loglikelihood: -353555	(delta): 233.59
12 (QN/Block) 	Elapsed: 1.06	Loglikelihood: -353347	(delta): 207.932
13 (QN/Block) 	Elapsed: 1.018	Loglikelihood: -353260	(delta): 86.5914
14 (QN/Block) 	Elapsed: 1.04	Loglikelihood: -353200	(delta): 60.1131
15 (QN/Block) 	Elapsed: 1.049	Loglikelihood: -353170	(delta): 30.2199
16 (QN/Block) 	Elapsed: 1.041	Loglikelihood: -353137	(delta): 33.1924
17 (QN/Block) 	Elapsed: 1.024	Loglikelihood: -353123	(delta): 13.2544
18 (QN/Block) 	Elapsed: 1.077	Loglikelihood: -353122	(delta): 1.8999
19 (QN/Block) 	Elapsed: 1.071	Loglikelihood: -353121	(delta): 0.67187
20 (QN/Block) 	Elapsed: 1.06	Loglikelihood: -353120	(delta): 1.12229
21 (QN/Block) 	Elapsed: 1.021	Loglikelihood: -353119	(delta): 1.14456
22 (QN/Block) 	Elapsed: 1.065	Loglikelihood: -353113	(delta): 5.74317
23 (QN/Block) 	Elapsed: 1.104	Loglikelihood: -353104	(delta): 8.39992
24 (QN/Block) 	Elapsed: 1.058	Loglikelihood: -353103	(delta): 1.9075
25 (QN/Block) 	Elapsed: 1.009	Loglikelihood: -353102	(delta): 0.520882
26 (QN/Block) 	Elapsed: 1.032	Loglikelihood: -353102	(delta): 0.0744017
27 (QN/Block) 	Elapsed: 1.024	Loglikelihood: -353102	(delta): 0.0201642
28 (QN/Block) 	Elapsed: 1.044	Loglikelihood: -353102	(delta): 0.00586291
29 (QN/Block) 	Elapsed: 1.012	Loglikelihood: -353102	(delta): 0.000779448
30 (QN/Block) 	Elapsed: 0.997	Loglikelihood: -353102	(delta): 1.0845e-05
Summary: 
Converged in 30 iterations (33.86 sec)
Loglikelihood: -353101.935108
Fst divergences between estimated populations: 
	Pop0	Pop1	Pop2	Pop3	Pop4	Pop5	Pop6	Pop7	Pop8	Pop9	Pop10	Pop11	Pop12	
Pop0	
Pop1	0.398	
Pop2	0.654	0.650	
Pop3	0.324	0.492	0.734	
Pop4	0.378	0.499	0.713	0.471	
Pop5	0.421	0.192	0.652	0.520	0.523	
Pop6	0.372	0.492	0.708	0.454	0.205	0.515	
Pop7	0.422	0.529	0.738	0.518	0.292	0.551	0.269	
Pop8	0.278	0.326	0.611	0.386	0.413	0.332	0.407	0.447	
Pop9	0.375	0.505	0.730	0.450	0.439	0.532	0.435	0.493	0.416	
Pop10	0.622	0.509	0.729	0.717	0.701	0.492	0.695	0.725	0.513	0.716	
Pop11	0.381	0.506	0.717	0.470	0.248	0.526	0.214	0.291	0.417	0.456	0.704	
Pop12	0.332	0.478	0.714	0.412	0.470	0.510	0.460	0.517	0.381	0.465	0.702	0.475	
Pop13	0.404	0.405	0.596	0.506	0.506	0.432	0.499	0.534	0.373	0.518	0.569	0.510	0.488	
CV error (K=14): 0.24011
Writing output files.
