****                   ADMIXTURE Version 1.3.0                  ****
****                    Copyright 2008-2015                     ****
****           David Alexander, Suyash Shringarpure,            ****
****                John  Novembre, Ken Lange                   ****
****                                                            ****
****                 Please cite our paper!                     ****
****   Information at www.genetics.ucla.edu/software/admixture  ****

Cross-validation will be performed.  Folds=10.
Random seed: 43
Point estimation method: Block relaxation algorithm
Convergence acceleration algorithm: QuasiNewton, 3 secant conditions
Point estimation will terminate when objective function delta < 0.0001
Estimation of standard errors disabled; will compute point estimates only.
Size of G: 99x11067
Performing five EM steps to prime main algorithm
1 (EM) 	Elapsed: 0.517	Loglikelihood: -888183	(delta): 467940
2 (EM) 	Elapsed: 0.522	Loglikelihood: -848934	(delta): 39248.8
3 (EM) 	Elapsed: 0.555	Loglikelihood: -832983	(delta): 15951
4 (EM) 	Elapsed: 0.586	Loglikelihood: -813343	(delta): 19640.1
5 (EM) 	Elapsed: 0.505	Loglikelihood: -784471	(delta): 28872.5
Initial loglikelihood: -784471
Starting main algorithm
1 (QN/Block) 	Elapsed: 1.416	Loglikelihood: -449994	(delta): 334476
2 (QN/Block) 	Elapsed: 1.434	Loglikelihood: -392363	(delta): 57631.4
3 (QN/Block) 	Elapsed: 1.5	Loglikelihood: -363721	(delta): 28641.5
4 (QN/Block) 	Elapsed: 1.474	Loglikelihood: -352023	(delta): 11698.8
5 (QN/Block) 	Elapsed: 1.421	Loglikelihood: -343358	(delta): 8665.08
6 (QN/Block) 	Elapsed: 1.477	Loglikelihood: -338855	(delta): 4502.19
7 (QN/Block) 	Elapsed: 1.483	Loglikelihood: -338008	(delta): 847.367
8 (QN/Block) 	Elapsed: 1.479	Loglikelihood: -337758	(delta): 249.729
9 (QN/Block) 	Elapsed: 1.489	Loglikelihood: -337610	(delta): 147.97
10 (QN/Block) 	Elapsed: 1.439	Loglikelihood: -337551	(delta): 59.2786
11 (QN/Block) 	Elapsed: 1.419	Loglikelihood: -337543	(delta): 8.43154
12 (QN/Block) 	Elapsed: 1.431	Loglikelihood: -337542	(delta): 0.397385
13 (QN/Block) 	Elapsed: 1.421	Loglikelihood: -337542	(delta): 0.041846
14 (QN/Block) 	Elapsed: 1.434	Loglikelihood: -337542	(delta): 0.00377563
15 (QN/Block) 	Elapsed: 1.429	Loglikelihood: -337542	(delta): 0.000301663
16 (QN/Block) 	Elapsed: 1.433	Loglikelihood: -337542	(delta): 3.80663e-05
Summary: 
Converged in 16 iterations (26.314 sec)
Loglikelihood: -337542.205677
Fst divergences between estimated populations: 
	Pop0	Pop1	Pop2	Pop3	Pop4	Pop5	Pop6	Pop7	Pop8	Pop9	Pop10	Pop11	Pop12	Pop13	Pop14	Pop15	
Pop0	
Pop1	0.715	
Pop2	0.720	0.680	
Pop3	0.755	0.707	0.494	
Pop4	0.740	0.690	0.478	0.489	
Pop5	0.722	0.682	0.211	0.495	0.476	
Pop6	0.659	0.604	0.367	0.362	0.294	0.364	
Pop7	0.747	0.709	0.297	0.533	0.525	0.293	0.406	
Pop8	0.752	0.713	0.333	0.537	0.526	0.348	0.417	0.383	
Pop9	0.720	0.668	0.492	0.506	0.439	0.489	0.321	0.526	0.534	
Pop10	0.630	0.456	0.486	0.502	0.473	0.488	0.362	0.516	0.521	0.459	
Pop11	0.744	0.694	0.478	0.440	0.449	0.471	0.330	0.521	0.519	0.469	0.489	
Pop12	0.755	0.718	0.300	0.546	0.536	0.340	0.424	0.369	0.406	0.544	0.527	0.528	
Pop13	0.710	0.643	0.496	0.514	0.469	0.494	0.334	0.534	0.544	0.467	0.457	0.480	0.547	
Pop14	0.745	0.703	0.462	0.475	0.462	0.468	0.362	0.510	0.521	0.494	0.498	0.441	0.509	0.507	
Pop15	0.618	0.536	0.507	0.528	0.500	0.508	0.392	0.539	0.547	0.480	0.378	0.512	0.551	0.476	0.527	
Pop16	0.146	0.705	0.705	0.741	0.726	0.707	0.643	0.732	0.739	0.706	0.617	0.731	0.742	0.693	0.731	0.606	
CV error (K=17): 0.26886
Writing output files.
