****                   ADMIXTURE Version 1.3.0                  ****
****                    Copyright 2008-2015                     ****
****           David Alexander, Suyash Shringarpure,            ****
****                John  Novembre, Ken Lange                   ****
****                                                            ****
****                 Please cite our paper!                     ****
****   Information at www.genetics.ucla.edu/software/admixture  ****

Cross-validation will be performed.  Folds=10.
Random seed: 43
Point estimation method: Block relaxation algorithm
Convergence acceleration algorithm: QuasiNewton, 3 secant conditions
Point estimation will terminate when objective function delta < 0.0001
Estimation of standard errors disabled; will compute point estimates only.
Size of G: 99x11067
Performing five EM steps to prime main algorithm
1 (EM) 	Elapsed: 0.034	Loglikelihood: -892603	(delta): 756968
2 (EM) 	Elapsed: 0.033	Loglikelihood: -863641	(delta): 28961.5
3 (EM) 	Elapsed: 0.032	Loglikelihood: -855643	(delta): 7998.46
4 (EM) 	Elapsed: 0.033	Loglikelihood: -851497	(delta): 4145.61
5 (EM) 	Elapsed: 0.033	Loglikelihood: -848809	(delta): 2688.15
Initial loglikelihood: -848809
Starting main algorithm
1 (QN/Block) 	Elapsed: 0.136	Loglikelihood: -766960	(delta): 81849.3
2 (QN/Block) 	Elapsed: 0.144	Loglikelihood: -753960	(delta): 12999.5
3 (QN/Block) 	Elapsed: 0.181	Loglikelihood: -732584	(delta): 21375.9
4 (QN/Block) 	Elapsed: 0.163	Loglikelihood: -689220	(delta): 43364.6
5 (QN/Block) 	Elapsed: 0.191	Loglikelihood: -671173	(delta): 18046.8
6 (QN/Block) 	Elapsed: 0.159	Loglikelihood: -665498	(delta): 5674.75
7 (QN/Block) 	Elapsed: 0.18	Loglikelihood: -663309	(delta): 2189.33
8 (QN/Block) 	Elapsed: 0.154	Loglikelihood: -663035	(delta): 273.939
9 (QN/Block) 	Elapsed: 0.154	Loglikelihood: -662950	(delta): 84.3845
10 (QN/Block) 	Elapsed: 0.154	Loglikelihood: -662933	(delta): 17.8924
11 (QN/Block) 	Elapsed: 0.178	Loglikelihood: -662927	(delta): 5.87834
12 (QN/Block) 	Elapsed: 0.167	Loglikelihood: -662926	(delta): 0.522637
13 (QN/Block) 	Elapsed: 0.165	Loglikelihood: -662926	(delta): 0.000110527
14 (QN/Block) 	Elapsed: 0.169	Loglikelihood: -662926	(delta): 7.15489e-06
Summary: 
Converged in 14 iterations (2.631 sec)
Loglikelihood: -662926.170682
Fst divergences between estimated populations: 
	Pop0	
Pop0	
Pop1	0.435	
CV error (K=2): 0.48952
Writing output files.
