****                   ADMIXTURE Version 1.3.0                  ****
****                    Copyright 2008-2015                     ****
****           David Alexander, Suyash Shringarpure,            ****
****                John  Novembre, Ken Lange                   ****
****                                                            ****
****                 Please cite our paper!                     ****
****   Information at www.genetics.ucla.edu/software/admixture  ****

Cross-validation will be performed.  Folds=10.
Random seed: 43
Point estimation method: Block relaxation algorithm
Convergence acceleration algorithm: QuasiNewton, 3 secant conditions
Point estimation will terminate when objective function delta < 0.0001
Estimation of standard errors disabled; will compute point estimates only.
Size of G: 99x11067
Performing five EM steps to prime main algorithm
1 (EM) 	Elapsed: 0.61	Loglikelihood: -886994	(delta): 466208
2 (EM) 	Elapsed: 0.618	Loglikelihood: -846970	(delta): 40023.5
3 (EM) 	Elapsed: 0.618	Loglikelihood: -830130	(delta): 16840
4 (EM) 	Elapsed: 0.658	Loglikelihood: -809477	(delta): 20653.7
5 (EM) 	Elapsed: 0.612	Loglikelihood: -780525	(delta): 28951.6
Initial loglikelihood: -780525
Starting main algorithm
1 (QN/Block) 	Elapsed: 1.965	Loglikelihood: -435379	(delta): 345146
2 (QN/Block) 	Elapsed: 1.943	Loglikelihood: -363295	(delta): 72083.7
3 (QN/Block) 	Elapsed: 2.444	Loglikelihood: -331957	(delta): 31338.6
4 (QN/Block) 	Elapsed: 2.062	Loglikelihood: -320988	(delta): 10968.5
5 (QN/Block) 	Elapsed: 2.18	Loglikelihood: -315045	(delta): 5943.9
6 (QN/Block) 	Elapsed: 2.053	Loglikelihood: -311992	(delta): 3052.26
7 (QN/Block) 	Elapsed: 2.139	Loglikelihood: -310880	(delta): 1111.9
8 (QN/Block) 	Elapsed: 2.513	Loglikelihood: -310668	(delta): 212.708
9 (QN/Block) 	Elapsed: 2.094	Loglikelihood: -310558	(delta): 109.662
10 (QN/Block) 	Elapsed: 1.945	Loglikelihood: -310464	(delta): 93.9725
11 (QN/Block) 	Elapsed: 1.972	Loglikelihood: -310387	(delta): 77.0066
12 (QN/Block) 	Elapsed: 2.002	Loglikelihood: -310365	(delta): 22.0283
13 (QN/Block) 	Elapsed: 2.276	Loglikelihood: -310345	(delta): 20.301
14 (QN/Block) 	Elapsed: 2.083	Loglikelihood: -310339	(delta): 5.76176
15 (QN/Block) 	Elapsed: 2.057	Loglikelihood: -310337	(delta): 2.37181
16 (QN/Block) 	Elapsed: 1.907	Loglikelihood: -310333	(delta): 3.45948
17 (QN/Block) 	Elapsed: 1.917	Loglikelihood: -310331	(delta): 1.96912
18 (QN/Block) 	Elapsed: 1.977	Loglikelihood: -310331	(delta): 0.481655
19 (QN/Block) 	Elapsed: 1.914	Loglikelihood: -310331	(delta): 0.0113973
20 (QN/Block) 	Elapsed: 1.945	Loglikelihood: -310331	(delta): 0.00514339
21 (QN/Block) 	Elapsed: 1.949	Loglikelihood: -310331	(delta): 0.000511584
22 (QN/Block) 	Elapsed: 1.923	Loglikelihood: -310331	(delta): 0.000560972
23 (QN/Block) 	Elapsed: 1.965	Loglikelihood: -310331	(delta): 1.07097e-05
Summary: 
Converged in 23 iterations (50.985 sec)
Loglikelihood: -310330.626544
Fst divergences between estimated populations: 
	Pop0	Pop1	Pop2	Pop3	Pop4	Pop5	Pop6	Pop7	Pop8	Pop9	Pop10	Pop11	Pop12	Pop13	Pop14	Pop15	Pop16	Pop17	Pop18	
Pop0	
Pop1	0.480	
Pop2	0.718	0.652	
Pop3	0.496	0.518	0.740	
Pop4	0.505	0.182	0.645	0.538	
Pop5	0.466	0.478	0.706	0.504	0.491	
Pop6	0.454	0.495	0.742	0.487	0.514	0.464	
Pop7	0.547	0.547	0.751	0.509	0.563	0.545	0.550	
Pop8	0.707	0.513	0.738	0.736	0.481	0.682	0.731	0.750	
Pop9	0.490	0.508	0.717	0.468	0.521	0.489	0.486	0.341	0.712	
Pop10	0.534	0.540	0.746	0.518	0.553	0.540	0.537	0.406	0.743	0.347	
Pop11	0.476	0.413	0.671	0.518	0.412	0.455	0.482	0.553	0.588	0.506	0.543	
Pop12	0.475	0.401	0.615	0.518	0.420	0.469	0.492	0.542	0.579	0.498	0.536	0.429	
Pop13	0.722	0.655	0.088	0.743	0.648	0.711	0.746	0.754	0.741	0.720	0.749	0.674	0.618	
Pop14	0.414	0.463	0.703	0.404	0.484	0.425	0.403	0.480	0.691	0.420	0.466	0.445	0.456	0.707	
Pop15	0.434	0.353	0.639	0.465	0.350	0.422	0.436	0.503	0.546	0.457	0.495	0.312	0.404	0.644	0.400	
Pop16	0.532	0.532	0.738	0.508	0.547	0.529	0.530	0.367	0.735	0.290	0.397	0.538	0.526	0.741	0.467	0.488	
Pop17	0.530	0.534	0.744	0.504	0.551	0.530	0.529	0.342	0.740	0.262	0.377	0.539	0.529	0.747	0.466	0.491	0.314	
Pop18	0.437	0.494	0.735	0.461	0.517	0.455	0.417	0.532	0.726	0.472	0.519	0.483	0.491	0.739	0.386	0.428	0.519	0.514	
Pop19	0.549	0.551	0.756	0.532	0.567	0.549	0.556	0.387	0.756	0.311	0.406	0.556	0.547	0.760	0.487	0.509	0.380	0.345	0.543	
CV error (K=20): 0.23304
Writing output files.
