****                   ADMIXTURE Version 1.3.0                  ****
****                    Copyright 2008-2015                     ****
****           David Alexander, Suyash Shringarpure,            ****
****                John  Novembre, Ken Lange                   ****
****                                                            ****
****                 Please cite our paper!                     ****
****   Information at www.genetics.ucla.edu/software/admixture  ****

Cross-validation will be performed.  Folds=10.
Random seed: 43
Point estimation method: Block relaxation algorithm
Convergence acceleration algorithm: QuasiNewton, 3 secant conditions
Point estimation will terminate when objective function delta < 0.0001
Estimation of standard errors disabled; will compute point estimates only.
Size of G: 99x11067
Performing five EM steps to prime main algorithm
1 (EM) 	Elapsed: 0.053	Loglikelihood: -897522	(delta): 638035
2 (EM) 	Elapsed: 0.05	Loglikelihood: -860474	(delta): 37048.3
3 (EM) 	Elapsed: 0.049	Loglikelihood: -843223	(delta): 17250.4
4 (EM) 	Elapsed: 0.053	Loglikelihood: -826293	(delta): 16930.5
5 (EM) 	Elapsed: 0.05	Loglikelihood: -808489	(delta): 17804.2
Initial loglikelihood: -808489
Starting main algorithm
1 (QN/Block) 	Elapsed: 0.178	Loglikelihood: -638850	(delta): 169638
2 (QN/Block) 	Elapsed: 0.178	Loglikelihood: -605559	(delta): 33291.7
3 (QN/Block) 	Elapsed: 0.224	Loglikelihood: -591940	(delta): 13618.9
4 (QN/Block) 	Elapsed: 0.225	Loglikelihood: -580412	(delta): 11528.2
5 (QN/Block) 	Elapsed: 0.22	Loglikelihood: -574438	(delta): 5973.75
6 (QN/Block) 	Elapsed: 0.202	Loglikelihood: -572635	(delta): 1802.92
7 (QN/Block) 	Elapsed: 0.199	Loglikelihood: -570606	(delta): 2029.12
8 (QN/Block) 	Elapsed: 0.199	Loglikelihood: -566482	(delta): 4124.18
9 (QN/Block) 	Elapsed: 0.208	Loglikelihood: -562867	(delta): 3614.92
10 (QN/Block) 	Elapsed: 0.199	Loglikelihood: -561680	(delta): 1186.68
11 (QN/Block) 	Elapsed: 0.199	Loglikelihood: -561155	(delta): 524.761
12 (QN/Block) 	Elapsed: 0.222	Loglikelihood: -560943	(delta): 212.141
13 (QN/Block) 	Elapsed: 0.202	Loglikelihood: -560903	(delta): 39.6748
14 (QN/Block) 	Elapsed: 0.221	Loglikelihood: -560895	(delta): 8.19137
15 (QN/Block) 	Elapsed: 0.199	Loglikelihood: -560894	(delta): 0.903587
16 (QN/Block) 	Elapsed: 0.2	Loglikelihood: -560894	(delta): 0.368262
17 (QN/Block) 	Elapsed: 0.197	Loglikelihood: -560894	(delta): 0.0991266
18 (QN/Block) 	Elapsed: 0.198	Loglikelihood: -560894	(delta): 0.0238629
19 (QN/Block) 	Elapsed: 0.199	Loglikelihood: -560894	(delta): 0.0507435
20 (QN/Block) 	Elapsed: 0.201	Loglikelihood: -560894	(delta): 0.00736012
21 (QN/Block) 	Elapsed: 0.207	Loglikelihood: -560894	(delta): 0.000723738
22 (QN/Block) 	Elapsed: 0.195	Loglikelihood: -560894	(delta): 0.00233727
23 (QN/Block) 	Elapsed: 0.2	Loglikelihood: -560894	(delta): 0.000147743
24 (QN/Block) 	Elapsed: 0.218	Loglikelihood: -560894	(delta): 1.16408e-05
Summary: 
Converged in 24 iterations (5.399 sec)
Loglikelihood: -560893.769007
Fst divergences between estimated populations: 
	Pop0	Pop1	
Pop0	
Pop1	0.347	
Pop2	0.622	0.566	
CV error (K=3): 0.38351
Writing output files.
