****                   ADMIXTURE Version 1.3.0                  ****
****                    Copyright 2008-2015                     ****
****           David Alexander, Suyash Shringarpure,            ****
****                John  Novembre, Ken Lange                   ****
****                                                            ****
****                 Please cite our paper!                     ****
****   Information at www.genetics.ucla.edu/software/admixture  ****

Cross-validation will be performed.  Folds=10.
Random seed: 43
Point estimation method: Block relaxation algorithm
Convergence acceleration algorithm: QuasiNewton, 3 secant conditions
Point estimation will terminate when objective function delta < 0.0001
Estimation of standard errors disabled; will compute point estimates only.
Size of G: 99x11067
Performing five EM steps to prime main algorithm
1 (EM) 	Elapsed: 0.089	Loglikelihood: -896982	(delta): 546098
2 (EM) 	Elapsed: 0.088	Loglikelihood: -856325	(delta): 40656.6
3 (EM) 	Elapsed: 0.087	Loglikelihood: -832132	(delta): 24193
4 (EM) 	Elapsed: 0.089	Loglikelihood: -801126	(delta): 31006.6
5 (EM) 	Elapsed: 0.093	Loglikelihood: -764936	(delta): 36189.7
Initial loglikelihood: -764936
Starting main algorithm
1 (QN/Block) 	Elapsed: 0.306	Loglikelihood: -541274	(delta): 223662
2 (QN/Block) 	Elapsed: 0.261	Loglikelihood: -508730	(delta): 32543.7
3 (QN/Block) 	Elapsed: 0.284	Loglikelihood: -493979	(delta): 14751.1
4 (QN/Block) 	Elapsed: 0.284	Loglikelihood: -478298	(delta): 15681.3
5 (QN/Block) 	Elapsed: 0.288	Loglikelihood: -471817	(delta): 6480.3
6 (QN/Block) 	Elapsed: 0.28	Loglikelihood: -470354	(delta): 1463.73
7 (QN/Block) 	Elapsed: 0.282	Loglikelihood: -469900	(delta): 453.685
8 (QN/Block) 	Elapsed: 0.292	Loglikelihood: -469784	(delta): 116.368
9 (QN/Block) 	Elapsed: 0.308	Loglikelihood: -469750	(delta): 33.8996
10 (QN/Block) 	Elapsed: 0.308	Loglikelihood: -469732	(delta): 17.3901
11 (QN/Block) 	Elapsed: 0.31	Loglikelihood: -469726	(delta): 6.11172
12 (QN/Block) 	Elapsed: 0.31	Loglikelihood: -469726	(delta): 0.434272
13 (QN/Block) 	Elapsed: 0.282	Loglikelihood: -469726	(delta): 0.0297921
14 (QN/Block) 	Elapsed: 0.28	Loglikelihood: -469726	(delta): 0.0155137
15 (QN/Block) 	Elapsed: 0.289	Loglikelihood: -469726	(delta): 0.00110044
16 (QN/Block) 	Elapsed: 0.288	Loglikelihood: -469726	(delta): 0.000607341
17 (QN/Block) 	Elapsed: 0.289	Loglikelihood: -469726	(delta): 2.92311e-05
Summary: 
Converged in 17 iterations (5.612 sec)
Loglikelihood: -469725.765219
Fst divergences between estimated populations: 
	Pop0	Pop1	Pop2	Pop3	
Pop0	
Pop1	0.361	
Pop2	0.639	0.575	
Pop3	0.284	0.437	0.678	
Pop4	0.319	0.474	0.725	0.389	
CV error (K=5): 0.30122
Writing output files.
