****                   ADMIXTURE Version 1.3.0                  ****
****                    Copyright 2008-2015                     ****
****           David Alexander, Suyash Shringarpure,            ****
****                John  Novembre, Ken Lange                   ****
****                                                            ****
****                 Please cite our paper!                     ****
****   Information at www.genetics.ucla.edu/software/admixture  ****

Cross-validation will be performed.  Folds=10.
Random seed: 43
Point estimation method: Block relaxation algorithm
Convergence acceleration algorithm: QuasiNewton, 3 secant conditions
Point estimation will terminate when objective function delta < 0.0001
Estimation of standard errors disabled; will compute point estimates only.
Size of G: 99x11067
Performing five EM steps to prime main algorithm
1 (EM) 	Elapsed: 0.114	Loglikelihood: -895369	(delta): 528836
2 (EM) 	Elapsed: 0.11	Loglikelihood: -855653	(delta): 39716.1
3 (EM) 	Elapsed: 0.112	Loglikelihood: -835725	(delta): 19928
4 (EM) 	Elapsed: 0.11	Loglikelihood: -813201	(delta): 22524.2
5 (EM) 	Elapsed: 0.111	Loglikelihood: -785970	(delta): 27230.7
Initial loglikelihood: -785970
Starting main algorithm
1 (QN/Block) 	Elapsed: 0.309	Loglikelihood: -517287	(delta): 268682
2 (QN/Block) 	Elapsed: 0.351	Loglikelihood: -476554	(delta): 40733.2
3 (QN/Block) 	Elapsed: 0.334	Loglikelihood: -460859	(delta): 15695.3
4 (QN/Block) 	Elapsed: 0.331	Loglikelihood: -452574	(delta): 8285.25
5 (QN/Block) 	Elapsed: 0.332	Loglikelihood: -448247	(delta): 4326.84
6 (QN/Block) 	Elapsed: 0.331	Loglikelihood: -447211	(delta): 1035.96
7 (QN/Block) 	Elapsed: 0.33	Loglikelihood: -446987	(delta): 224.145
8 (QN/Block) 	Elapsed: 0.331	Loglikelihood: -446936	(delta): 50.5615
9 (QN/Block) 	Elapsed: 0.358	Loglikelihood: -446914	(delta): 22.2602
10 (QN/Block) 	Elapsed: 0.331	Loglikelihood: -446911	(delta): 3.12567
11 (QN/Block) 	Elapsed: 0.342	Loglikelihood: -446910	(delta): 0.565214
12 (QN/Block) 	Elapsed: 0.331	Loglikelihood: -446910	(delta): 0.6331
13 (QN/Block) 	Elapsed: 0.33	Loglikelihood: -446910	(delta): 0.166007
14 (QN/Block) 	Elapsed: 0.329	Loglikelihood: -446909	(delta): 0.0523297
15 (QN/Block) 	Elapsed: 0.33	Loglikelihood: -446909	(delta): 0.00658924
16 (QN/Block) 	Elapsed: 0.331	Loglikelihood: -446909	(delta): 0.000124945
17 (QN/Block) 	Elapsed: 0.332	Loglikelihood: -446909	(delta): 1.78694e-05
Summary: 
Converged in 17 iterations (6.468 sec)
Loglikelihood: -446909.448197
Fst divergences between estimated populations: 
	Pop0	Pop1	Pop2	Pop3	Pop4	
Pop0	
Pop1	0.588	
Pop2	0.447	0.393	
Pop3	0.678	0.656	0.620	
Pop4	0.296	0.530	0.360	0.640	
Pop5	0.314	0.574	0.412	0.675	0.210	
CV error (K=6): 0.28648
Writing output files.
