****                   ADMIXTURE Version 1.3.0                  ****
****                    Copyright 2008-2015                     ****
****           David Alexander, Suyash Shringarpure,            ****
****                John  Novembre, Ken Lange                   ****
****                                                            ****
****                 Please cite our paper!                     ****
****   Information at www.genetics.ucla.edu/software/admixture  ****

Cross-validation will be performed.  Folds=10.
Random seed: 43
Point estimation method: Block relaxation algorithm
Convergence acceleration algorithm: QuasiNewton, 3 secant conditions
Point estimation will terminate when objective function delta < 0.0001
Estimation of standard errors disabled; will compute point estimates only.
Size of G: 99x11067
Performing five EM steps to prime main algorithm
1 (EM) 	Elapsed: 0.137	Loglikelihood: -893753	(delta): 513534
2 (EM) 	Elapsed: 0.135	Loglikelihood: -852615	(delta): 41137.5
3 (EM) 	Elapsed: 0.133	Loglikelihood: -832313	(delta): 20302.2
4 (EM) 	Elapsed: 0.133	Loglikelihood: -809626	(delta): 22687.4
5 (EM) 	Elapsed: 0.153	Loglikelihood: -782544	(delta): 27081.5
Initial loglikelihood: -782544
Starting main algorithm
1 (QN/Block) 	Elapsed: 0.376	Loglikelihood: -560950	(delta): 221594
2 (QN/Block) 	Elapsed: 0.378	Loglikelihood: -507829	(delta): 53121.5
3 (QN/Block) 	Elapsed: 0.397	Loglikelihood: -475086	(delta): 32742.2
4 (QN/Block) 	Elapsed: 0.399	Loglikelihood: -455637	(delta): 19449.3
5 (QN/Block) 	Elapsed: 0.391	Loglikelihood: -448358	(delta): 7278.54
6 (QN/Block) 	Elapsed: 0.391	Loglikelihood: -445313	(delta): 3045.64
7 (QN/Block) 	Elapsed: 0.391	Loglikelihood: -444578	(delta): 735.199
8 (QN/Block) 	Elapsed: 0.4	Loglikelihood: -444302	(delta): 275.628
9 (QN/Block) 	Elapsed: 0.39	Loglikelihood: -444193	(delta): 108.91
10 (QN/Block) 	Elapsed: 0.412	Loglikelihood: -444125	(delta): 67.9922
11 (QN/Block) 	Elapsed: 0.391	Loglikelihood: -444087	(delta): 38.5034
12 (QN/Block) 	Elapsed: 0.422	Loglikelihood: -444061	(delta): 25.2611
13 (QN/Block) 	Elapsed: 0.39	Loglikelihood: -444031	(delta): 30.4462
14 (QN/Block) 	Elapsed: 0.42	Loglikelihood: -443898	(delta): 132.474
15 (QN/Block) 	Elapsed: 0.411	Loglikelihood: -443851	(delta): 47.2009
16 (QN/Block) 	Elapsed: 0.4	Loglikelihood: -443847	(delta): 3.86841
17 (QN/Block) 	Elapsed: 0.426	Loglikelihood: -443847	(delta): 0.617544
18 (QN/Block) 	Elapsed: 0.388	Loglikelihood: -443847	(delta): 0.0774536
19 (QN/Block) 	Elapsed: 0.421	Loglikelihood: -443847	(delta): 0.00259483
20 (QN/Block) 	Elapsed: 0.389	Loglikelihood: -443847	(delta): 0.000560996
21 (QN/Block) 	Elapsed: 0.389	Loglikelihood: -443847	(delta): 4.15462e-05
Summary: 
Converged in 21 iterations (9.369 sec)
Loglikelihood: -443846.631580
Fst divergences between estimated populations: 
	Pop0	Pop1	Pop2	Pop3	Pop4	Pop5	
Pop0	
Pop1	0.651	
Pop2	0.236	0.656	
Pop3	0.333	0.733	0.302	
Pop4	0.350	0.711	0.362	0.462	
Pop5	0.315	0.682	0.321	0.419	0.170	
Pop6	0.382	0.579	0.389	0.471	0.474	0.445	
CV error (K=7): 0.28730
Writing output files.
