****                   ADMIXTURE Version 1.3.0                  ****
****                    Copyright 2008-2015                     ****
****           David Alexander, Suyash Shringarpure,            ****
****                John  Novembre, Ken Lange                   ****
****                                                            ****
****                 Please cite our paper!                     ****
****   Information at www.genetics.ucla.edu/software/admixture  ****

Cross-validation will be performed.  Folds=10.
Random seed: 43
Point estimation method: Block relaxation algorithm
Convergence acceleration algorithm: QuasiNewton, 3 secant conditions
Point estimation will terminate when objective function delta < 0.0001
Estimation of standard errors disabled; will compute point estimates only.
Size of G: 99x11067
Performing five EM steps to prime main algorithm
1 (EM) 	Elapsed: 0.166	Loglikelihood: -893594	(delta): 502199
2 (EM) 	Elapsed: 0.163	Loglikelihood: -854632	(delta): 38962.6
3 (EM) 	Elapsed: 0.167	Loglikelihood: -837010	(delta): 17621.6
4 (EM) 	Elapsed: 0.164	Loglikelihood: -817480	(delta): 19530.3
5 (EM) 	Elapsed: 0.164	Loglikelihood: -793661	(delta): 23819
Initial loglikelihood: -793661
Starting main algorithm
1 (QN/Block) 	Elapsed: 0.434	Loglikelihood: -542274	(delta): 251386
2 (QN/Block) 	Elapsed: 0.453	Loglikelihood: -460557	(delta): 81717.3
3 (QN/Block) 	Elapsed: 0.462	Loglikelihood: -435604	(delta): 24952.9
4 (QN/Block) 	Elapsed: 0.458	Loglikelihood: -422076	(delta): 13528.5
5 (QN/Block) 	Elapsed: 0.455	Loglikelihood: -415531	(delta): 6544.8
6 (QN/Block) 	Elapsed: 0.455	Loglikelihood: -413009	(delta): 2521.7
7 (QN/Block) 	Elapsed: 0.466	Loglikelihood: -412697	(delta): 312.058
8 (QN/Block) 	Elapsed: 0.455	Loglikelihood: -412634	(delta): 63.3989
9 (QN/Block) 	Elapsed: 0.454	Loglikelihood: -412604	(delta): 29.377
10 (QN/Block) 	Elapsed: 0.456	Loglikelihood: -412589	(delta): 15.1574
11 (QN/Block) 	Elapsed: 0.466	Loglikelihood: -412586	(delta): 2.9812
12 (QN/Block) 	Elapsed: 0.478	Loglikelihood: -412585	(delta): 0.614165
13 (QN/Block) 	Elapsed: 0.455	Loglikelihood: -412585	(delta): 0.294867
14 (QN/Block) 	Elapsed: 0.455	Loglikelihood: -412585	(delta): 0.0811143
15 (QN/Block) 	Elapsed: 0.456	Loglikelihood: -412585	(delta): 0.0126753
16 (QN/Block) 	Elapsed: 0.467	Loglikelihood: -412585	(delta): 0.000860883
17 (QN/Block) 	Elapsed: 0.455	Loglikelihood: -412585	(delta): 0.000269466
18 (QN/Block) 	Elapsed: 0.457	Loglikelihood: -412585	(delta): 4.36059e-05
Summary: 
Converged in 18 iterations (9.358 sec)
Loglikelihood: -412585.074155
Fst divergences between estimated populations: 
	Pop0	Pop1	Pop2	Pop3	Pop4	Pop5	Pop6	
Pop0	
Pop1	0.681	
Pop2	0.661	0.725	
Pop3	0.633	0.699	0.445	
Pop4	0.571	0.652	0.397	0.343	
Pop5	0.423	0.621	0.485	0.450	0.384	
Pop6	0.616	0.678	0.389	0.401	0.361	0.448	
Pop7	0.620	0.694	0.381	0.331	0.296	0.422	0.347	
CV error (K=8): 0.25985
Writing output files.
