****                   ADMIXTURE Version 1.3.0                  ****
****                    Copyright 2008-2015                     ****
****           David Alexander, Suyash Shringarpure,            ****
****                John  Novembre, Ken Lange                   ****
****                                                            ****
****                 Please cite our paper!                     ****
****   Information at www.genetics.ucla.edu/software/admixture  ****

Cross-validation will be performed.  Folds=10.
Random seed: 43
Point estimation method: Block relaxation algorithm
Convergence acceleration algorithm: QuasiNewton, 3 secant conditions
Point estimation will terminate when objective function delta < 0.0001
Estimation of standard errors disabled; will compute point estimates only.
Size of G: 99x11067
Performing five EM steps to prime main algorithm
1 (EM) 	Elapsed: 0.192	Loglikelihood: -893478	(delta): 493701
2 (EM) 	Elapsed: 0.192	Loglikelihood: -854442	(delta): 39036
3 (EM) 	Elapsed: 0.191	Loglikelihood: -836987	(delta): 17454.7
4 (EM) 	Elapsed: 0.193	Loglikelihood: -816086	(delta): 20901
5 (EM) 	Elapsed: 0.192	Loglikelihood: -786376	(delta): 29710
Initial loglikelihood: -786376
Starting main algorithm
1 (QN/Block) 	Elapsed: 0.52	Loglikelihood: -481917	(delta): 304459
2 (QN/Block) 	Elapsed: 0.507	Loglikelihood: -443636	(delta): 38281.4
3 (QN/Block) 	Elapsed: 0.536	Loglikelihood: -424980	(delta): 18656
4 (QN/Block) 	Elapsed: 0.53	Loglikelihood: -414567	(delta): 10413.4
5 (QN/Block) 	Elapsed: 0.567	Loglikelihood: -409713	(delta): 4853.68
6 (QN/Block) 	Elapsed: 0.532	Loglikelihood: -407477	(delta): 2236.34
7 (QN/Block) 	Elapsed: 0.542	Loglikelihood: -406977	(delta): 499.873
8 (QN/Block) 	Elapsed: 0.566	Loglikelihood: -406889	(delta): 87.4326
9 (QN/Block) 	Elapsed: 0.53	Loglikelihood: -406831	(delta): 58.0074
10 (QN/Block) 	Elapsed: 0.53	Loglikelihood: -406784	(delta): 47.1889
11 (QN/Block) 	Elapsed: 0.531	Loglikelihood: -406759	(delta): 24.6819
12 (QN/Block) 	Elapsed: 0.531	Loglikelihood: -406710	(delta): 48.9815
13 (QN/Block) 	Elapsed: 0.553	Loglikelihood: -406574	(delta): 136.108
14 (QN/Block) 	Elapsed: 0.565	Loglikelihood: -406455	(delta): 118.913
15 (QN/Block) 	Elapsed: 0.529	Loglikelihood: -406433	(delta): 22.0903
16 (QN/Block) 	Elapsed: 0.529	Loglikelihood: -406431	(delta): 2.42698
17 (QN/Block) 	Elapsed: 0.531	Loglikelihood: -406430	(delta): 0.934681
18 (QN/Block) 	Elapsed: 0.53	Loglikelihood: -406430	(delta): 0.22464
19 (QN/Block) 	Elapsed: 0.532	Loglikelihood: -406430	(delta): 0.0490787
20 (QN/Block) 	Elapsed: 0.529	Loglikelihood: -406430	(delta): 0.0169202
21 (QN/Block) 	Elapsed: 0.53	Loglikelihood: -406430	(delta): 0.0021836
22 (QN/Block) 	Elapsed: 0.529	Loglikelihood: -406430	(delta): 0.000176643
23 (QN/Block) 	Elapsed: 0.53	Loglikelihood: -406430	(delta): 1.36691e-05
Summary: 
Converged in 23 iterations (13.647 sec)
Loglikelihood: -406429.634086
Fst divergences between estimated populations: 
	Pop0	Pop1	Pop2	Pop3	Pop4	Pop5	Pop6	Pop7	
Pop0	
Pop1	0.209	
Pop2	0.417	0.343	
Pop3	0.274	0.200	0.366	
Pop4	0.443	0.363	0.246	0.390	
Pop5	0.517	0.460	0.379	0.478	0.419	
Pop6	0.487	0.411	0.366	0.429	0.379	0.485	
Pop7	0.651	0.598	0.537	0.612	0.588	0.392	0.629	
Pop8	0.742	0.689	0.649	0.705	0.693	0.620	0.725	0.654	
CV error (K=9): 0.26070
Writing output files.
