PLINK v2.00a3.6 AVX2 (14 Aug 2022)
Options in effect:
  --allow-extra-chr 0
  --double-id
  --make-bed
  --out exi_archi_subset
  --vcf exi_archi_subset.recode.vcf

Hostname: Samanthas-MBP
Working directory: /Users/sam/UBC/PhDThesis/GBS/admixture/exi_Archi
Start time: Tue Aug 30 20:44:46 2022

Random number seed: 1661906686
16384 MiB RAM detected; reserving 8192 MiB for main workspace.
Using up to 4 compute threads.
--vcf: 11067 variants scanned.
--vcf: exi_archi_subset-temporary.pgen + exi_archi_subset-temporary.pvar.zst +
exi_archi_subset-temporary.psam written.
18 samples (0 females, 0 males, 18 ambiguous; 18 founders) loaded from
exi_archi_subset-temporary.psam.
11067 variants loaded from exi_archi_subset-temporary.pvar.zst.
Note: No phenotype data present.
Writing exi_archi_subset.fam ... done.
Writing exi_archi_subset.bim ... done.
Writing exi_archi_subset.bed ... done.

End time: Tue Aug 30 20:44:46 2022
