PLINK v2.00a3.6 AVX2 (14 Aug 2022)
Options in effect:
  --bfile exi_archi_subset
  --geno 0.999
  --make-bed
  --out exi_archi_subset2

Hostname: Samanthas-MBP
Working directory: /Users/sam/UBC/PhDThesis/GBS/admixture/exi_Archi
Start time: Tue Aug 30 20:50:27 2022

Random number seed: 1661907027
16384 MiB RAM detected; reserving 8192 MiB for main workspace.
Using up to 4 compute threads.
18 samples (0 females, 0 males, 18 ambiguous; 18 founders) loaded from
exi_archi_subset.fam.
11067 variants loaded from exi_archi_subset.bim.
Note: No phenotype data present.
Calculating allele frequencies... done.
--geno: 17 variants removed due to missing genotype data.
11050 variants remaining after main filters.
Warning: Variants are not sorted by position.  Consider rerunning with the
--sort-vars flag added to remedy this.
Writing exi_archi_subset2.fam ... done.
Writing exi_archi_subset2.bim ... done.
Writing exi_archi_subset2.bed ... done.

End time: Tue Aug 30 20:50:27 2022
