****                   ADMIXTURE Version 1.3.0                  ****
****                    Copyright 2008-2015                     ****
****           David Alexander, Suyash Shringarpure,            ****
****                John  Novembre, Ken Lange                   ****
****                                                            ****
****                 Please cite our paper!                     ****
****   Information at www.genetics.ucla.edu/software/admixture  ****

Cross-validation will be performed.  Folds=10.
Random seed: 43
Point estimation method: Block relaxation algorithm
Convergence acceleration algorithm: QuasiNewton, 3 secant conditions
Point estimation will terminate when objective function delta < 0.0001
Estimation of standard errors disabled; will compute point estimates only.
Size of G: 18x11050
Performing five EM steps to prime main algorithm
1 (EM) 	Elapsed: 0.044	Loglikelihood: -137714	(delta): 111970
2 (EM) 	Elapsed: 0.041	Loglikelihood: -127140	(delta): 10574.9
3 (EM) 	Elapsed: 0.042	Loglikelihood: -112559	(delta): 14580.1
4 (EM) 	Elapsed: 0.042	Loglikelihood: -93904.6	(delta): 18654.8
5 (EM) 	Elapsed: 0.042	Loglikelihood: -76431	(delta): 17473.6
Initial loglikelihood: -76431
Starting main algorithm
1 (QN/Block) 	Elapsed: 0.249	Loglikelihood: -43254.7	(delta): 33176.3
2 (QN/Block) 	Elapsed: 0.244	Loglikelihood: -40649.8	(delta): 2604.96
3 (QN/Block) 	Elapsed: 0.279	Loglikelihood: -39215.6	(delta): 1434.18
4 (QN/Block) 	Elapsed: 0.258	Loglikelihood: -38426.2	(delta): 789.419
5 (QN/Block) 	Elapsed: 0.249	Loglikelihood: -37945.6	(delta): 480.55
6 (QN/Block) 	Elapsed: 0.256	Loglikelihood: -37872.8	(delta): 72.874
7 (QN/Block) 	Elapsed: 0.252	Loglikelihood: -37864.1	(delta): 8.69128
8 (QN/Block) 	Elapsed: 0.248	Loglikelihood: -37863.1	(delta): 0.994672
9 (QN/Block) 	Elapsed: 0.255	Loglikelihood: -37862.8	(delta): 0.235776
10 (QN/Block) 	Elapsed: 0.255	Loglikelihood: -37862.5	(delta): 0.317197
11 (QN/Block) 	Elapsed: 0.259	Loglikelihood: -37862.3	(delta): 0.217742
12 (QN/Block) 	Elapsed: 0.251	Loglikelihood: -37862.1	(delta): 0.237507
13 (QN/Block) 	Elapsed: 0.25	Loglikelihood: -37861.9	(delta): 0.166074
14 (QN/Block) 	Elapsed: 0.247	Loglikelihood: -37861.9	(delta): 0.0282158
15 (QN/Block) 	Elapsed: 0.254	Loglikelihood: -37861.8	(delta): 0.0229688
16 (QN/Block) 	Elapsed: 0.258	Loglikelihood: -37861.7	(delta): 0.11513
17 (QN/Block) 	Elapsed: 0.253	Loglikelihood: -37860.1	(delta): 1.66533
18 (QN/Block) 	Elapsed: 0.251	Loglikelihood: -37856.6	(delta): 3.46942
19 (QN/Block) 	Elapsed: 0.249	Loglikelihood: -37856.4	(delta): 0.240777
20 (QN/Block) 	Elapsed: 0.245	Loglikelihood: -37856.3	(delta): 0.00485716
21 (QN/Block) 	Elapsed: 0.247	Loglikelihood: -37856.3	(delta): 8.14343e-05
Summary: 
Converged in 21 iterations (5.607 sec)
Loglikelihood: -37856.346237
Fst divergences between estimated populations: 
	Pop0	Pop1	Pop2	Pop3	Pop4	Pop5	Pop6	Pop7	Pop8	Pop9	
Pop0	
Pop1	0.242	
Pop2	0.751	0.753	
Pop3	0.274	0.245	0.737	
Pop4	0.490	0.499	0.733	0.501	
Pop5	0.751	0.751	0.116	0.738	0.732	
Pop6	0.509	0.514	0.746	0.523	0.417	0.744	
Pop7	0.755	0.757	0.104	0.742	0.738	0.121	0.749	
Pop8	0.286	0.242	0.739	0.130	0.505	0.737	0.529	0.743	
Pop9	0.750	0.749	0.180	0.736	0.733	0.167	0.743	0.181	0.736	
Pop10	0.741	0.741	0.165	0.726	0.723	0.149	0.733	0.173	0.726	0.190	
CV error (K=11): 0.29052
Writing output files.
