****                   ADMIXTURE Version 1.3.0                  ****
****                    Copyright 2008-2015                     ****
****           David Alexander, Suyash Shringarpure,            ****
****                John  Novembre, Ken Lange                   ****
****                                                            ****
****                 Please cite our paper!                     ****
****   Information at www.genetics.ucla.edu/software/admixture  ****

Cross-validation will be performed.  Folds=10.
Random seed: 43
Point estimation method: Block relaxation algorithm
Convergence acceleration algorithm: QuasiNewton, 3 secant conditions
Point estimation will terminate when objective function delta < 0.0001
Estimation of standard errors disabled; will compute point estimates only.
Size of G: 18x11050
Performing five EM steps to prime main algorithm
1 (EM) 	Elapsed: 0.056	Loglikelihood: -134863	(delta): 114109
2 (EM) 	Elapsed: 0.047	Loglikelihood: -119692	(delta): 15170.6
3 (EM) 	Elapsed: 0.048	Loglikelihood: -101081	(delta): 18611
4 (EM) 	Elapsed: 0.05	Loglikelihood: -83302.4	(delta): 17778.8
5 (EM) 	Elapsed: 0.049	Loglikelihood: -69982.9	(delta): 13319.5
Initial loglikelihood: -69982.9
Starting main algorithm
1 (QN/Block) 	Elapsed: 0.275	Loglikelihood: -41124.7	(delta): 28858.2
2 (QN/Block) 	Elapsed: 0.27	Loglikelihood: -39339.2	(delta): 1785.54
3 (QN/Block) 	Elapsed: 0.297	Loglikelihood: -38466.9	(delta): 872.267
4 (QN/Block) 	Elapsed: 0.271	Loglikelihood: -38101.8	(delta): 365.051
5 (QN/Block) 	Elapsed: 0.27	Loglikelihood: -37889.7	(delta): 212.192
6 (QN/Block) 	Elapsed: 0.289	Loglikelihood: -37725.9	(delta): 163.734
7 (QN/Block) 	Elapsed: 0.268	Loglikelihood: -37674.7	(delta): 51.2069
8 (QN/Block) 	Elapsed: 0.268	Loglikelihood: -37651.6	(delta): 23.137
9 (QN/Block) 	Elapsed: 0.26	Loglikelihood: -37650	(delta): 1.6145
10 (QN/Block) 	Elapsed: 0.261	Loglikelihood: -37649.7	(delta): 0.300954
11 (QN/Block) 	Elapsed: 0.26	Loglikelihood: -37649.6	(delta): 0.0181181
12 (QN/Block) 	Elapsed: 0.268	Loglikelihood: -37649.6	(delta): 0.00184632
13 (QN/Block) 	Elapsed: 0.259	Loglikelihood: -37649.6	(delta): 0.000350767
14 (QN/Block) 	Elapsed: 0.261	Loglikelihood: -37649.6	(delta): 5.79455e-06
Summary: 
Converged in 14 iterations (4.097 sec)
Loglikelihood: -37649.637848
Fst divergences between estimated populations: 
	Pop0	Pop1	Pop2	Pop3	Pop4	Pop5	Pop6	Pop7	Pop8	Pop9	Pop10	
Pop0	
Pop1	0.136	
Pop2	0.126	0.138	
Pop3	0.749	0.743	0.752	
Pop4	0.745	0.737	0.747	0.419	
Pop5	0.138	0.140	0.117	0.752	0.746	
Pop6	0.760	0.751	0.760	0.483	0.478	0.761	
Pop7	0.742	0.732	0.741	0.501	0.490	0.740	0.199	
Pop8	0.257	0.246	0.263	0.735	0.733	0.264	0.745	0.725	
Pop9	0.758	0.750	0.757	0.510	0.498	0.756	0.227	0.241	0.743	
Pop10	0.745	0.737	0.745	0.506	0.498	0.744	0.209	0.134	0.730	0.226	
Pop11	0.190	0.167	0.181	0.729	0.726	0.188	0.739	0.720	0.254	0.737	0.724	
CV error (K=12): 0.22557
Writing output files.
