****                   ADMIXTURE Version 1.3.0                  ****
****                    Copyright 2008-2015                     ****
****           David Alexander, Suyash Shringarpure,            ****
****                John  Novembre, Ken Lange                   ****
****                                                            ****
****                 Please cite our paper!                     ****
****   Information at www.genetics.ucla.edu/software/admixture  ****

Cross-validation will be performed.  Folds=10.
Random seed: 43
Point estimation method: Block relaxation algorithm
Convergence acceleration algorithm: QuasiNewton, 3 secant conditions
Point estimation will terminate when objective function delta < 0.0001
Estimation of standard errors disabled; will compute point estimates only.
Size of G: 18x11050
Performing five EM steps to prime main algorithm
1 (EM) 	Elapsed: 0.007	Loglikelihood: -145203	(delta): 150222
2 (EM) 	Elapsed: 0.005	Loglikelihood: -140744	(delta): 4459.46
3 (EM) 	Elapsed: 0.006	Loglikelihood: -138172	(delta): 2571.85
4 (EM) 	Elapsed: 0.006	Loglikelihood: -135609	(delta): 2562.89
5 (EM) 	Elapsed: 0.006	Loglikelihood: -131962	(delta): 3646.57
Initial loglikelihood: -131962
Starting main algorithm
1 (QN/Block) 	Elapsed: 0.078	Loglikelihood: -67099.9	(delta): 64862.5
2 (QN/Block) 	Elapsed: 0.077	Loglikelihood: -61765.5	(delta): 5334.34
3 (QN/Block) 	Elapsed: 0.081	Loglikelihood: -58494.8	(delta): 3270.73
4 (QN/Block) 	Elapsed: 0.08	Loglikelihood: -55248	(delta): 3246.82
5 (QN/Block) 	Elapsed: 0.082	Loglikelihood: -53552.2	(delta): 1695.75
6 (QN/Block) 	Elapsed: 0.083	Loglikelihood: -52791.3	(delta): 760.941
7 (QN/Block) 	Elapsed: 0.084	Loglikelihood: -52720.8	(delta): 70.4887
8 (QN/Block) 	Elapsed: 0.084	Loglikelihood: -52712.6	(delta): 8.19817
9 (QN/Block) 	Elapsed: 0.083	Loglikelihood: -52709.7	(delta): 2.91622
10 (QN/Block) 	Elapsed: 0.081	Loglikelihood: -52708.9	(delta): 0.781167
11 (QN/Block) 	Elapsed: 0.083	Loglikelihood: -52708.9	(delta): 0.0156334
12 (QN/Block) 	Elapsed: 0.093	Loglikelihood: -52708.9	(delta): 7.00747e-08
Summary: 
Converged in 12 iterations (1.052 sec)
Loglikelihood: -52708.903830
Fst divergences between estimated populations: 
	Pop0	
Pop0	
Pop1	0.680	
CV error (K=2): 0.23180
Writing output files.
