****                   ADMIXTURE Version 1.3.0                  ****
****                    Copyright 2008-2015                     ****
****           David Alexander, Suyash Shringarpure,            ****
****                John  Novembre, Ken Lange                   ****
****                                                            ****
****                 Please cite our paper!                     ****
****   Information at www.genetics.ucla.edu/software/admixture  ****

Cross-validation will be performed.  Folds=10.
Random seed: 43
Point estimation method: Block relaxation algorithm
Convergence acceleration algorithm: QuasiNewton, 3 secant conditions
Point estimation will terminate when objective function delta < 0.0001
Estimation of standard errors disabled; will compute point estimates only.
Size of G: 18x11050
Performing five EM steps to prime main algorithm
1 (EM) 	Elapsed: 0.013	Loglikelihood: -136448	(delta): 128486
2 (EM) 	Elapsed: 0.013	Loglikelihood: -124019	(delta): 12428.6
3 (EM) 	Elapsed: 0.016	Loglikelihood: -110107	(delta): 13912
4 (EM) 	Elapsed: 0.014	Loglikelihood: -95911.4	(delta): 14196
5 (EM) 	Elapsed: 0.012	Loglikelihood: -83067.1	(delta): 12844.3
Initial loglikelihood: -83067.1
Starting main algorithm
1 (QN/Block) 	Elapsed: 0.1	Loglikelihood: -48627.2	(delta): 34439.9
2 (QN/Block) 	Elapsed: 0.1	Loglikelihood: -44204.5	(delta): 4422.65
3 (QN/Block) 	Elapsed: 0.112	Loglikelihood: -42165.8	(delta): 2038.76
4 (QN/Block) 	Elapsed: 0.108	Loglikelihood: -41137.4	(delta): 1028.34
5 (QN/Block) 	Elapsed: 0.108	Loglikelihood: -40618.3	(delta): 519.18
6 (QN/Block) 	Elapsed: 0.106	Loglikelihood: -40448.1	(delta): 170.144
7 (QN/Block) 	Elapsed: 0.106	Loglikelihood: -40422.6	(delta): 25.4982
8 (QN/Block) 	Elapsed: 0.108	Loglikelihood: -40415	(delta): 7.60899
9 (QN/Block) 	Elapsed: 0.125	Loglikelihood: -40412.1	(delta): 2.90848
10 (QN/Block) 	Elapsed: 0.101	Loglikelihood: -40412.7	(delta): -0.633263
11 (QN/Block) 	Elapsed: 0.1	Loglikelihood: -40413.7	(delta): -0.931213
12 (QN/Block) 	Elapsed: 0.101	Loglikelihood: -40414.2	(delta): -0.519073
13 (QN/Block) 	Elapsed: 0.101	Loglikelihood: -40414.1	(delta): 0.0436505
14 (QN/Block) 	Elapsed: 0.106	Loglikelihood: -40414	(delta): 0.126816
15 (QN/Block) 	Elapsed: 0.106	Loglikelihood: -40414.1	(delta): -0.079984
16 (QN/Block) 	Elapsed: 0.11	Loglikelihood: -40413.9	(delta): 0.17068
17 (QN/Block) 	Elapsed: 0.104	Loglikelihood: -40414.6	(delta): -0.698201
18 (QN/Block) 	Elapsed: 0.108	Loglikelihood: -40416.5	(delta): -1.90637
19 (QN/Block) 	Elapsed: 0.104	Loglikelihood: -40416.7	(delta): -0.128572
20 (QN/Block) 	Elapsed: 0.108	Loglikelihood: -40415.6	(delta): 1.02469
21 (QN/Block) 	Elapsed: 0.106	Loglikelihood: -40415	(delta): 0.628453
22 (QN/Block) 	Elapsed: 0.127	Loglikelihood: -40414.7	(delta): 0.316204
23 (QN/Block) 	Elapsed: 0.115	Loglikelihood: -40413.9	(delta): 0.761246
24 (QN/Block) 	Elapsed: 0.102	Loglikelihood: -40416	(delta): -2.05266
25 (QN/Block) 	Elapsed: 0.109	Loglikelihood: -40415.5	(delta): 0.505902
26 (QN/Block) 	Elapsed: 0.108	Loglikelihood: -40415.8	(delta): -0.329338
27 (QN/Block) 	Elapsed: 0.108	Loglikelihood: -40415.1	(delta): 0.727144
28 (QN/Block) 	Elapsed: 0.11	Loglikelihood: -40413.9	(delta): 1.1848
29 (QN/Block) 	Elapsed: 0.103	Loglikelihood: -40413.8	(delta): 0.0656775
30 (QN/Block) 	Elapsed: 0.107	Loglikelihood: -40413.3	(delta): 0.561343
31 (QN/Block) 	Elapsed: 0.107	Loglikelihood: -40413.3	(delta): -0.00406485
32 (QN/Block) 	Elapsed: 0.109	Loglikelihood: -40413.4	(delta): -0.09478
33 (QN/Block) 	Elapsed: 0.104	Loglikelihood: -40412.9	(delta): 0.504032
34 (QN/Block) 	Elapsed: 0.107	Loglikelihood: -40412.6	(delta): 0.264873
35 (QN/Block) 	Elapsed: 0.106	Loglikelihood: -40412.7	(delta): -0.0849568
36 (QN/Block) 	Elapsed: 0.103	Loglikelihood: -40412.6	(delta): 0.0779885
37 (QN/Block) 	Elapsed: 0.108	Loglikelihood: -40411.7	(delta): 0.945164
38 (QN/Block) 	Elapsed: 0.109	Loglikelihood: -40411.4	(delta): 0.218692
39 (QN/Block) 	Elapsed: 0.109	Loglikelihood: -40417.7	(delta): -6.28442
40 (QN/Block) 	Elapsed: 0.104	Loglikelihood: -40382.6	(delta): 35.1055
41 (QN/Block) 	Elapsed: 0.106	Loglikelihood: -40386.3	(delta): -3.72267
42 (QN/Block) 	Elapsed: 0.104	Loglikelihood: -40392.1	(delta): -5.73173
43 (QN/Block) 	Elapsed: 0.109	Loglikelihood: -40384.3	(delta): 7.75407
44 (QN/Block) 	Elapsed: 0.103	Loglikelihood: -40376.9	(delta): 7.3819
45 (QN/Block) 	Elapsed: 0.103	Loglikelihood: -40376.3	(delta): 0.597349
46 (QN/Block) 	Elapsed: 0.109	Loglikelihood: -40376.3	(delta): 0.0689072
47 (QN/Block) 	Elapsed: 0.106	Loglikelihood: -40376.3	(delta): 4.8597e-05
Summary: 
Converged in 47 iterations (5.195 sec)
Loglikelihood: -40376.264934
Fst divergences between estimated populations: 
	Pop0	Pop1	Pop2	
Pop0	
Pop1	0.728	
Pop2	0.488	0.728	
Pop3	0.468	0.737	0.432	
CV error (K=4): 0.27749
Writing output files.
