****                   ADMIXTURE Version 1.3.0                  ****
****                    Copyright 2008-2015                     ****
****           David Alexander, Suyash Shringarpure,            ****
****                John  Novembre, Ken Lange                   ****
****                                                            ****
****                 Please cite our paper!                     ****
****   Information at www.genetics.ucla.edu/software/admixture  ****

Cross-validation will be performed.  Folds=10.
Random seed: 43
Point estimation method: Block relaxation algorithm
Convergence acceleration algorithm: QuasiNewton, 3 secant conditions
Point estimation will terminate when objective function delta < 0.0001
Estimation of standard errors disabled; will compute point estimates only.
Size of G: 18x11050
Performing five EM steps to prime main algorithm
1 (EM) 	Elapsed: 0.017	Loglikelihood: -142186	(delta): 117159
2 (EM) 	Elapsed: 0.014	Loglikelihood: -136139	(delta): 6046.68
3 (EM) 	Elapsed: 0.015	Loglikelihood: -127890	(delta): 8249.29
4 (EM) 	Elapsed: 0.015	Loglikelihood: -114687	(delta): 13203.4
5 (EM) 	Elapsed: 0.015	Loglikelihood: -98335.9	(delta): 16350.8
Initial loglikelihood: -98335.9
Starting main algorithm
1 (QN/Block) 	Elapsed: 0.116	Loglikelihood: -48470.1	(delta): 49865.8
2 (QN/Block) 	Elapsed: 0.114	Loglikelihood: -43488.7	(delta): 4981.38
3 (QN/Block) 	Elapsed: 0.128	Loglikelihood: -41359.2	(delta): 2129.53
4 (QN/Block) 	Elapsed: 0.124	Loglikelihood: -40300.8	(delta): 1058.37
5 (QN/Block) 	Elapsed: 0.122	Loglikelihood: -39763.2	(delta): 537.587
6 (QN/Block) 	Elapsed: 0.122	Loglikelihood: -39539.5	(delta): 223.669
7 (QN/Block) 	Elapsed: 0.128	Loglikelihood: -39432.7	(delta): 106.8
8 (QN/Block) 	Elapsed: 0.13	Loglikelihood: -39404.8	(delta): 27.9608
9 (QN/Block) 	Elapsed: 0.132	Loglikelihood: -39394.2	(delta): 10.618
10 (QN/Block) 	Elapsed: 0.123	Loglikelihood: -39391.5	(delta): 2.68871
11 (QN/Block) 	Elapsed: 0.116	Loglikelihood: -39390.5	(delta): 1.01112
12 (QN/Block) 	Elapsed: 0.119	Loglikelihood: -39390.4	(delta): 0.0173685
13 (QN/Block) 	Elapsed: 0.124	Loglikelihood: -39390.4	(delta): 3.81182e-05
Summary: 
Converged in 13 iterations (1.717 sec)
Loglikelihood: -39390.445647
Fst divergences between estimated populations: 
	Pop0	Pop1	Pop2	Pop3	
Pop0	
Pop1	0.462	
Pop2	0.485	0.430	
Pop3	0.721	0.731	0.720	
Pop4	0.733	0.742	0.731	0.106	
CV error (K=5): 0.30690
Writing output files.
