****                   ADMIXTURE Version 1.3.0                  ****
****                    Copyright 2008-2015                     ****
****           David Alexander, Suyash Shringarpure,            ****
****                John  Novembre, Ken Lange                   ****
****                                                            ****
****                 Please cite our paper!                     ****
****   Information at www.genetics.ucla.edu/software/admixture  ****

Cross-validation will be performed.  Folds=10.
Random seed: 43
Point estimation method: Block relaxation algorithm
Convergence acceleration algorithm: QuasiNewton, 3 secant conditions
Point estimation will terminate when objective function delta < 0.0001
Estimation of standard errors disabled; will compute point estimates only.
Size of G: 18x11050
Performing five EM steps to prime main algorithm
1 (EM) 	Elapsed: 0.022	Loglikelihood: -142568	(delta): 115329
2 (EM) 	Elapsed: 0.019	Loglikelihood: -136832	(delta): 5735.57
3 (EM) 	Elapsed: 0.018	Loglikelihood: -128747	(delta): 8084.89
4 (EM) 	Elapsed: 0.019	Loglikelihood: -114716	(delta): 14030.9
5 (EM) 	Elapsed: 0.018	Loglikelihood: -95690	(delta): 19026.3
Initial loglikelihood: -95690
Starting main algorithm
1 (QN/Block) 	Elapsed: 0.137	Loglikelihood: -47304.9	(delta): 48385.1
2 (QN/Block) 	Elapsed: 0.132	Loglikelihood: -42749.8	(delta): 4555.16
3 (QN/Block) 	Elapsed: 0.148	Loglikelihood: -40794.8	(delta): 1954.96
4 (QN/Block) 	Elapsed: 0.139	Loglikelihood: -39787.3	(delta): 1007.55
5 (QN/Block) 	Elapsed: 0.139	Loglikelihood: -39241	(delta): 546.241
6 (QN/Block) 	Elapsed: 0.132	Loglikelihood: -39091.4	(delta): 149.57
7 (QN/Block) 	Elapsed: 0.138	Loglikelihood: -39033.7	(delta): 57.79
8 (QN/Block) 	Elapsed: 0.15	Loglikelihood: -38984.2	(delta): 49.4823
9 (QN/Block) 	Elapsed: 0.148	Loglikelihood: -38972.5	(delta): 11.6866
10 (QN/Block) 	Elapsed: 0.136	Loglikelihood: -38970.6	(delta): 1.87665
11 (QN/Block) 	Elapsed: 0.136	Loglikelihood: -38957.8	(delta): 12.81
12 (QN/Block) 	Elapsed: 0.134	Loglikelihood: -38950.3	(delta): 7.52473
13 (QN/Block) 	Elapsed: 0.134	Loglikelihood: -38944.8	(delta): 5.4561
14 (QN/Block) 	Elapsed: 0.133	Loglikelihood: -38942.8	(delta): 2.01282
15 (QN/Block) 	Elapsed: 0.135	Loglikelihood: -38942.5	(delta): 0.281583
16 (QN/Block) 	Elapsed: 0.139	Loglikelihood: -38942.5	(delta): 0.00218326
17 (QN/Block) 	Elapsed: 0.134	Loglikelihood: -38942.5	(delta): 0.000190889
18 (QN/Block) 	Elapsed: 0.138	Loglikelihood: -38942.5	(delta): 1.65052e-05
Summary: 
Converged in 18 iterations (2.637 sec)
Loglikelihood: -38942.526768
Fst divergences between estimated populations: 
	Pop0	Pop1	Pop2	Pop3	Pop4	
Pop0	
Pop1	0.721	
Pop2	0.739	0.474	
Pop3	0.731	0.514	0.453	
Pop4	0.125	0.711	0.730	0.718	
Pop5	0.740	0.250	0.458	0.500	0.731	
CV error (K=6): 0.27155
Writing output files.
