****                   ADMIXTURE Version 1.3.0                  ****
****                    Copyright 2008-2015                     ****
****           David Alexander, Suyash Shringarpure,            ****
****                John  Novembre, Ken Lange                   ****
****                                                            ****
****                 Please cite our paper!                     ****
****   Information at www.genetics.ucla.edu/software/admixture  ****

Cross-validation will be performed.  Folds=10.
Random seed: 43
Point estimation method: Block relaxation algorithm
Convergence acceleration algorithm: QuasiNewton, 3 secant conditions
Point estimation will terminate when objective function delta < 0.0001
Estimation of standard errors disabled; will compute point estimates only.
Size of G: 18x11050
Performing five EM steps to prime main algorithm
1 (EM) 	Elapsed: 0.024	Loglikelihood: -141082	(delta): 113543
2 (EM) 	Elapsed: 0.022	Loglikelihood: -134363	(delta): 6718.94
3 (EM) 	Elapsed: 0.023	Loglikelihood: -125893	(delta): 8470.41
4 (EM) 	Elapsed: 0.022	Loglikelihood: -114018	(delta): 11874.4
5 (EM) 	Elapsed: 0.023	Loglikelihood: -100073	(delta): 13945.2
Initial loglikelihood: -100073
Starting main algorithm
1 (QN/Block) 	Elapsed: 0.147	Loglikelihood: -45354.1	(delta): 54719
2 (QN/Block) 	Elapsed: 0.15	Loglikelihood: -43017.1	(delta): 2336.98
3 (QN/Block) 	Elapsed: 0.166	Loglikelihood: -42017.3	(delta): 999.823
4 (QN/Block) 	Elapsed: 0.151	Loglikelihood: -40033.1	(delta): 1984.17
5 (QN/Block) 	Elapsed: 0.152	Loglikelihood: -39421.7	(delta): 611.413
6 (QN/Block) 	Elapsed: 0.167	Loglikelihood: -39078	(delta): 343.708
7 (QN/Block) 	Elapsed: 0.149	Loglikelihood: -39004.4	(delta): 73.5451
8 (QN/Block) 	Elapsed: 0.148	Loglikelihood: -39001.1	(delta): 3.30842
9 (QN/Block) 	Elapsed: 0.149	Loglikelihood: -39000.7	(delta): 0.460716
10 (QN/Block) 	Elapsed: 0.146	Loglikelihood: -39000.5	(delta): 0.170464
11 (QN/Block) 	Elapsed: 0.151	Loglikelihood: -39000.5	(delta): 0.0190235
12 (QN/Block) 	Elapsed: 0.149	Loglikelihood: -39000.5	(delta): 0.000124547
13 (QN/Block) 	Elapsed: 0.149	Loglikelihood: -39000.5	(delta): 1.01816e-05
Summary: 
Converged in 13 iterations (2.136 sec)
Loglikelihood: -39000.477085
Fst divergences between estimated populations: 
	Pop0	Pop1	Pop2	Pop3	Pop4	Pop5	
Pop0	
Pop1	0.744	
Pop2	0.729	0.133	
Pop3	0.456	0.734	0.722	
Pop4	0.436	0.741	0.724	0.490	
Pop5	0.744	0.095	0.122	0.738	0.741	
Pop6	0.475	0.732	0.714	0.518	0.249	0.730	
CV error (K=7): 0.12394
Writing output files.
