****                   ADMIXTURE Version 1.3.0                  ****
****                    Copyright 2008-2015                     ****
****           David Alexander, Suyash Shringarpure,            ****
****                John  Novembre, Ken Lange                   ****
****                                                            ****
****                 Please cite our paper!                     ****
****   Information at www.genetics.ucla.edu/software/admixture  ****

Cross-validation will be performed.  Folds=10.
Random seed: 43
Point estimation method: Block relaxation algorithm
Convergence acceleration algorithm: QuasiNewton, 3 secant conditions
Point estimation will terminate when objective function delta < 0.0001
Estimation of standard errors disabled; will compute point estimates only.
Size of G: 18x11050
Performing five EM steps to prime main algorithm
1 (EM) 	Elapsed: 0.03	Loglikelihood: -142406	(delta): 110507
2 (EM) 	Elapsed: 0.028	Loglikelihood: -137749	(delta): 4657.18
3 (EM) 	Elapsed: 0.028	Loglikelihood: -132236	(delta): 5512.51
4 (EM) 	Elapsed: 0.028	Loglikelihood: -122914	(delta): 9322.02
5 (EM) 	Elapsed: 0.031	Loglikelihood: -108561	(delta): 14353
Initial loglikelihood: -108561
Starting main algorithm
1 (QN/Block) 	Elapsed: 0.171	Loglikelihood: -45849.7	(delta): 62711.7
2 (QN/Block) 	Elapsed: 0.172	Loglikelihood: -41815.4	(delta): 4034.26
3 (QN/Block) 	Elapsed: 0.186	Loglikelihood: -39947.7	(delta): 1867.69
4 (QN/Block) 	Elapsed: 0.179	Loglikelihood: -38920.8	(delta): 1026.97
5 (QN/Block) 	Elapsed: 0.181	Loglikelihood: -38289.9	(delta): 630.864
6 (QN/Block) 	Elapsed: 0.182	Loglikelihood: -38014.4	(delta): 275.529
7 (QN/Block) 	Elapsed: 0.179	Loglikelihood: -37972.5	(delta): 41.865
8 (QN/Block) 	Elapsed: 0.18	Loglikelihood: -37964.5	(delta): 8.02575
9 (QN/Block) 	Elapsed: 0.18	Loglikelihood: -37954.5	(delta): 10.0049
10 (QN/Block) 	Elapsed: 0.178	Loglikelihood: -37943.4	(delta): 11.0619
11 (QN/Block) 	Elapsed: 0.181	Loglikelihood: -37932.3	(delta): 11.0993
12 (QN/Block) 	Elapsed: 0.181	Loglikelihood: -37930.9	(delta): 1.43034
13 (QN/Block) 	Elapsed: 0.173	Loglikelihood: -37927.1	(delta): 3.74783
14 (QN/Block) 	Elapsed: 0.178	Loglikelihood: -37927.1	(delta): 0.00106759
15 (QN/Block) 	Elapsed: 0.179	Loglikelihood: -37927.1	(delta): 0.000285811
16 (QN/Block) 	Elapsed: 0.172	Loglikelihood: -37927.1	(delta): 0.000111352
17 (QN/Block) 	Elapsed: 0.171	Loglikelihood: -37927.1	(delta): 3.11557e-08
Summary: 
Converged in 17 iterations (3.232 sec)
Loglikelihood: -37927.132688
Fst divergences between estimated populations: 
	Pop0	Pop1	Pop2	Pop3	Pop4	Pop5	Pop6	
Pop0	
Pop1	0.741	
Pop2	0.439	0.748	
Pop3	0.254	0.730	0.497	
Pop4	0.719	0.177	0.727	0.706	
Pop5	0.442	0.746	0.413	0.501	0.727	
Pop6	0.742	0.090	0.748	0.732	0.181	0.747	
Pop7	0.747	0.100	0.755	0.735	0.175	0.755	0.110	
CV error (K=8): 0.40448
Writing output files.
