****                   ADMIXTURE Version 1.3.0                  ****
****                    Copyright 2008-2015                     ****
****           David Alexander, Suyash Shringarpure,            ****
****                John  Novembre, Ken Lange                   ****
****                                                            ****
****                 Please cite our paper!                     ****
****   Information at www.genetics.ucla.edu/software/admixture  ****

Cross-validation will be performed.  Folds=10.
Random seed: 43
Point estimation method: Block relaxation algorithm
Convergence acceleration algorithm: QuasiNewton, 3 secant conditions
Point estimation will terminate when objective function delta < 0.0001
Estimation of standard errors disabled; will compute point estimates only.
Size of G: 18x11050
Performing five EM steps to prime main algorithm
1 (EM) 	Elapsed: 0.034	Loglikelihood: -139758	(delta): 111420
2 (EM) 	Elapsed: 0.032	Loglikelihood: -132244	(delta): 7513.09
3 (EM) 	Elapsed: 0.033	Loglikelihood: -122280	(delta): 9964.07
4 (EM) 	Elapsed: 0.038	Loglikelihood: -107818	(delta): 14462.3
5 (EM) 	Elapsed: 0.034	Loglikelihood: -90737.3	(delta): 17080.9
Initial loglikelihood: -90737.3
Starting main algorithm
1 (QN/Block) 	Elapsed: 0.19	Loglikelihood: -45804	(delta): 44933.3
2 (QN/Block) 	Elapsed: 0.192	Loglikelihood: -41908.8	(delta): 3895.16
3 (QN/Block) 	Elapsed: 0.209	Loglikelihood: -40224.4	(delta): 1684.43
4 (QN/Block) 	Elapsed: 0.207	Loglikelihood: -39277.1	(delta): 947.275
5 (QN/Block) 	Elapsed: 0.207	Loglikelihood: -38647.9	(delta): 629.25
6 (QN/Block) 	Elapsed: 0.208	Loglikelihood: -38361.9	(delta): 285.978
7 (QN/Block) 	Elapsed: 0.196	Loglikelihood: -38251.8	(delta): 110.064
8 (QN/Block) 	Elapsed: 0.203	Loglikelihood: -38212.6	(delta): 39.2626
9 (QN/Block) 	Elapsed: 0.201	Loglikelihood: -38196.6	(delta): 15.9092
10 (QN/Block) 	Elapsed: 0.194	Loglikelihood: -38196.1	(delta): 0.526206
11 (QN/Block) 	Elapsed: 0.199	Loglikelihood: -38196	(delta): 0.111638
12 (QN/Block) 	Elapsed: 0.196	Loglikelihood: -38196	(delta): 0.00117032
13 (QN/Block) 	Elapsed: 0.194	Loglikelihood: -38196	(delta): 4.41943e-05
Summary: 
Converged in 13 iterations (2.827 sec)
Loglikelihood: -38196.008048
Fst divergences between estimated populations: 
	Pop0	Pop1	Pop2	Pop3	Pop4	Pop5	Pop6	Pop7	
Pop0	
Pop1	0.732	
Pop2	0.732	0.522	
Pop3	0.751	0.295	0.492	
Pop4	0.085	0.734	0.731	0.750	
Pop5	0.743	0.311	0.508	0.186	0.743	
Pop6	0.734	0.534	0.406	0.508	0.737	0.520	
Pop7	0.743	0.240	0.486	0.156	0.745	0.176	0.497	
Pop8	0.128	0.718	0.716	0.737	0.144	0.730	0.717	0.730	
CV error (K=9): 0.44377
Writing output files.
