PLINK v2.00a3.6 AVX2 (14 Aug 2022)
Options in effect:
  --allow-extra-chr 0
  --double-id
  --make-bed
  --out f2.scaffolds
  --vcf f2.scaffolds.vcf

Hostname: Samanthas-MBP
Working directory: /Users/sam/UBC/PhDThesis/GBS/filtering/f2
Start time: Mon Aug 22 11:59:45 2022

Random number seed: 1661183985
16384 MiB RAM detected; reserving 8192 MiB for main workspace.
Using up to 4 compute threads.
--vcf: 1351 variants scanned.
--vcf: f2.scaffolds-temporary.pgen + f2.scaffolds-temporary.pvar.zst +
f2.scaffolds-temporary.psam written.
12 samples (0 females, 0 males, 12 ambiguous; 12 founders) loaded from
f2.scaffolds-temporary.psam.
1351 variants loaded from f2.scaffolds-temporary.pvar.zst.
Note: No phenotype data present.
Writing f2.scaffolds.fam ... done.
Writing f2.scaffolds.bim ... done.
Writing f2.scaffolds.bed ... done.

End time: Mon Aug 22 11:59:45 2022
