****                   ADMIXTURE Version 1.3.0                  ****
****                    Copyright 2008-2015                     ****
****           David Alexander, Suyash Shringarpure,            ****
****                John  Novembre, Ken Lange                   ****
****                                                            ****
****                 Please cite our paper!                     ****
****   Information at www.genetics.ucla.edu/software/admixture  ****

Cross-validation will be performed.  Folds=10.
Random seed: 43
Point estimation method: Block relaxation algorithm
Convergence acceleration algorithm: QuasiNewton, 3 secant conditions
Point estimation will terminate when objective function delta < 0.0001
Estimation of standard errors disabled; will compute point estimates only.
Size of G: 12x1351
Performing five EM steps to prime main algorithm
1 (EM) 	Elapsed: 0.006	Loglikelihood: -16927.9	(delta): 6144.14
2 (EM) 	Elapsed: 0.004	Loglikelihood: -14174.4	(delta): 2753.45
3 (EM) 	Elapsed: 0.006	Loglikelihood: -10230.1	(delta): 3944.33
4 (EM) 	Elapsed: 0.004	Loglikelihood: -6589.7	(delta): 3640.41
5 (EM) 	Elapsed: 0.004	Loglikelihood: -4972.47	(delta): 1617.23
Initial loglikelihood: -4972.47
Starting main algorithm
1 (QN/Block) 	Elapsed: 0.039	Loglikelihood: -3326.71	(delta): 1645.75
2 (QN/Block) 	Elapsed: 0.043	Loglikelihood: -3076.64	(delta): 250.069
3 (QN/Block) 	Elapsed: 0.052	Loglikelihood: -3020	(delta): 56.6449
4 (QN/Block) 	Elapsed: 0.036	Loglikelihood: -2872.42	(delta): 147.577
5 (QN/Block) 	Elapsed: 0.035	Loglikelihood: -2776.95	(delta): 95.4749
6 (QN/Block) 	Elapsed: 0.036	Loglikelihood: -2739.1	(delta): 37.8504
7 (QN/Block) 	Elapsed: 0.032	Loglikelihood: -2718.14	(delta): 20.955
8 (QN/Block) 	Elapsed: 0.034	Loglikelihood: -2758.62	(delta): -40.4769
9 (QN/Block) 	Elapsed: 0.034	Loglikelihood: -2705.49	(delta): 53.1321
10 (QN/Block) 	Elapsed: 0.033	Loglikelihood: -2691.76	(delta): 13.7263
11 (QN/Block) 	Elapsed: 0.033	Loglikelihood: -2685.57	(delta): 6.19353
12 (QN/Block) 	Elapsed: 0.034	Loglikelihood: -2683.34	(delta): 2.22965
13 (QN/Block) 	Elapsed: 0.036	Loglikelihood: -2681.65	(delta): 1.68215
14 (QN/Block) 	Elapsed: 0.034	Loglikelihood: -2681.43	(delta): 0.221434
15 (QN/Block) 	Elapsed: 0.037	Loglikelihood: -2680.87	(delta): 0.559668
16 (QN/Block) 	Elapsed: 0.035	Loglikelihood: -2674.7	(delta): 6.17323
17 (QN/Block) 	Elapsed: 0.038	Loglikelihood: -2674.7	(delta): 0.00315412
18 (QN/Block) 	Elapsed: 0.035	Loglikelihood: -2674.7	(delta): 4.9063e-06
Summary: 
Converged in 18 iterations (0.698 sec)
Loglikelihood: -2674.697282
Fst divergences between estimated populations: 
	Pop0	Pop1	Pop2	Pop3	Pop4	Pop5	Pop6	Pop7	Pop8	Pop9	
Pop0	
Pop1	0.937	
Pop2	0.634	0.905	
Pop3	0.614	0.898	0.474	
Pop4	0.612	0.895	0.418	0.444	
Pop5	0.585	0.898	0.444	0.420	0.438	
Pop6	0.615	0.904	0.437	0.455	0.458	0.445	
Pop7	0.646	0.909	0.496	0.519	0.489	0.430	0.507	
Pop8	0.601	0.900	0.468	0.406	0.462	0.409	0.482	0.436	
Pop9	0.609	0.899	0.499	0.480	0.483	0.468	0.474	0.529	0.495	
Pop10	0.939	0.370	0.908	0.901	0.897	0.900	0.906	0.910	0.902	0.901	
CV error (K=11): 0.06743
Writing output files.
