****                   ADMIXTURE Version 1.3.0                  ****
****                    Copyright 2008-2015                     ****
****           David Alexander, Suyash Shringarpure,            ****
****                John  Novembre, Ken Lange                   ****
****                                                            ****
****                 Please cite our paper!                     ****
****   Information at www.genetics.ucla.edu/software/admixture  ****

Cross-validation will be performed.  Folds=10.
Random seed: 43
Point estimation method: Block relaxation algorithm
Convergence acceleration algorithm: QuasiNewton, 3 secant conditions
Point estimation will terminate when objective function delta < 0.0001
Estimation of standard errors disabled; will compute point estimates only.
Size of G: 12x1351
Performing five EM steps to prime main algorithm
1 (EM) 	Elapsed: 0.005	Loglikelihood: -17493	(delta): 5642.18
2 (EM) 	Elapsed: 0.004	Loglikelihood: -15439.3	(delta): 2053.69
3 (EM) 	Elapsed: 0.005	Loglikelihood: -12460.2	(delta): 2979.08
4 (EM) 	Elapsed: 0.004	Loglikelihood: -8958.34	(delta): 3501.84
5 (EM) 	Elapsed: 0.003	Loglikelihood: -6496.54	(delta): 2461.8
Initial loglikelihood: -6496.54
Starting main algorithm
1 (QN/Block) 	Elapsed: 0.03	Loglikelihood: -3818.5	(delta): 2678.04
2 (QN/Block) 	Elapsed: 0.029	Loglikelihood: -3356.87	(delta): 461.636
3 (QN/Block) 	Elapsed: 0.03	Loglikelihood: -3010.89	(delta): 345.977
4 (QN/Block) 	Elapsed: 0.028	Loglikelihood: -2889.81	(delta): 121.077
5 (QN/Block) 	Elapsed: 0.03	Loglikelihood: -2865.19	(delta): 24.6219
6 (QN/Block) 	Elapsed: 0.028	Loglikelihood: -2864.66	(delta): 0.53069
7 (QN/Block) 	Elapsed: 0.029	Loglikelihood: -2864.65	(delta): 0.00768111
8 (QN/Block) 	Elapsed: 0.028	Loglikelihood: -2864.65	(delta): 0.000191359
9 (QN/Block) 	Elapsed: 0.028	Loglikelihood: -2864.65	(delta): 1.93993e-05
Summary: 
Converged in 9 iterations (0.294 sec)
Loglikelihood: -2864.653631
Fst divergences between estimated populations: 
	Pop0	Pop1	Pop2	Pop3	Pop4	Pop5	Pop6	Pop7	Pop8	
Pop0	
Pop1	0.459	
Pop2	0.469	0.434	
Pop3	0.472	0.488	0.456	
Pop4	0.515	0.493	0.477	0.527	
Pop5	0.764	0.781	0.752	0.756	0.773	
Pop6	0.900	0.902	0.890	0.893	0.899	0.918	
Pop7	0.477	0.507	0.476	0.482	0.516	0.753	0.892	
Pop8	0.919	0.922	0.909	0.912	0.919	0.940	0.410	0.913	
Pop9	0.490	0.470	0.449	0.409	0.433	0.756	0.891	0.492	0.912	
CV error (K=10): 0.36671
Writing output files.
