****                   ADMIXTURE Version 1.3.0                  ****
****                    Copyright 2008-2015                     ****
****           David Alexander, Suyash Shringarpure,            ****
****                John  Novembre, Ken Lange                   ****
****                                                            ****
****                 Please cite our paper!                     ****
****   Information at www.genetics.ucla.edu/software/admixture  ****

Cross-validation will be performed.  Folds=10.
Random seed: 43
Point estimation method: Block relaxation algorithm
Convergence acceleration algorithm: QuasiNewton, 3 secant conditions
Point estimation will terminate when objective function delta < 0.0001
Estimation of standard errors disabled; will compute point estimates only.
Size of G: 12x1351
Performing five EM steps to prime main algorithm
1 (EM) 	Elapsed: 0.006	Loglikelihood: -17371.9	(delta): 5565.09
2 (EM) 	Elapsed: 0.005	Loglikelihood: -14880.8	(delta): 2491.17
3 (EM) 	Elapsed: 0.005	Loglikelihood: -10909.1	(delta): 3971.66
4 (EM) 	Elapsed: 0.005	Loglikelihood: -7285.43	(delta): 3623.68
5 (EM) 	Elapsed: 0.005	Loglikelihood: -5543.18	(delta): 1742.25
Initial loglikelihood: -5543.18
Starting main algorithm
1 (QN/Block) 	Elapsed: 0.039	Loglikelihood: -3439.06	(delta): 2104.12
2 (QN/Block) 	Elapsed: 0.035	Loglikelihood: -3126.56	(delta): 312.494
3 (QN/Block) 	Elapsed: 0.033	Loglikelihood: -3089.86	(delta): 36.7057
4 (QN/Block) 	Elapsed: 0.036	Loglikelihood: -3054.68	(delta): 35.173
5 (QN/Block) 	Elapsed: 0.038	Loglikelihood: -3048.72	(delta): 5.96436
6 (QN/Block) 	Elapsed: 0.039	Loglikelihood: -3047.21	(delta): 1.50632
7 (QN/Block) 	Elapsed: 0.043	Loglikelihood: -3043.78	(delta): 3.43024
8 (QN/Block) 	Elapsed: 0.037	Loglikelihood: -3041.71	(delta): 2.06877
9 (QN/Block) 	Elapsed: 0.038	Loglikelihood: -3038.91	(delta): 2.80624
10 (QN/Block) 	Elapsed: 0.046	Loglikelihood: -3038.01	(delta): 0.900718
11 (QN/Block) 	Elapsed: 0.045	Loglikelihood: -3037.88	(delta): 0.122604
12 (QN/Block) 	Elapsed: 0.051	Loglikelihood: -3037.88	(delta): 0.00349515
13 (QN/Block) 	Elapsed: 0.038	Loglikelihood: -3037.88	(delta): 0.000213861
14 (QN/Block) 	Elapsed: 0.036	Loglikelihood: -3037.88	(delta): 4.16968e-05
Summary: 
Converged in 14 iterations (0.597 sec)
Loglikelihood: -3037.880473
Fst divergences between estimated populations: 
	Pop0	Pop1	Pop2	Pop3	Pop4	Pop5	Pop6	Pop7	Pop8	Pop9	Pop10	
Pop0	
Pop1	0.904	
Pop2	0.461	0.907	
Pop3	0.902	0.429	0.907	
Pop4	0.899	0.390	0.903	0.355	
Pop5	0.475	0.896	0.422	0.897	0.893	
Pop6	0.566	0.929	0.554	0.930	0.926	0.543	
Pop7	0.477	0.906	0.417	0.905	0.902	0.432	0.577	
Pop8	0.503	0.909	0.490	0.908	0.903	0.500	0.589	0.455	
Pop9	0.476	0.897	0.432	0.897	0.893	0.433	0.556	0.412	0.478	
Pop10	0.493	0.903	0.555	0.907	0.902	0.608	0.657	0.607	0.629	0.610	
Pop11	0.453	0.900	0.421	0.899	0.895	0.391	0.561	0.403	0.400	0.421	0.605	
CV error (K=12): 0.15545
Writing output files.
