****                   ADMIXTURE Version 1.3.0                  ****
****                    Copyright 2008-2015                     ****
****           David Alexander, Suyash Shringarpure,            ****
****                John  Novembre, Ken Lange                   ****
****                                                            ****
****                 Please cite our paper!                     ****
****   Information at www.genetics.ucla.edu/software/admixture  ****

Cross-validation will be performed.  Folds=10.
Random seed: 43
Point estimation method: Block relaxation algorithm
Convergence acceleration algorithm: QuasiNewton, 3 secant conditions
Point estimation will terminate when objective function delta < 0.0001
Estimation of standard errors disabled; will compute point estimates only.
Size of G: 12x1351
Performing five EM steps to prime main algorithm
1 (EM) 	Elapsed: 0	Loglikelihood: -18112.2	(delta): 9447.01
2 (EM) 	Elapsed: 0	Loglikelihood: -16854.4	(delta): 1257.79
3 (EM) 	Elapsed: 0	Loglikelihood: -15123.8	(delta): 1730.62
4 (EM) 	Elapsed: 0	Loglikelihood: -12948.2	(delta): 2175.61
5 (EM) 	Elapsed: 0	Loglikelihood: -11079.6	(delta): 1868.58
Initial loglikelihood: -11079.6
Starting main algorithm
1 (QN/Block) 	Elapsed: 0.01	Loglikelihood: -6947.14	(delta): 4132.47
2 (QN/Block) 	Elapsed: 0.011	Loglikelihood: -6225.55	(delta): 721.593
3 (QN/Block) 	Elapsed: 0.01	Loglikelihood: -5696.39	(delta): 529.157
4 (QN/Block) 	Elapsed: 0.012	Loglikelihood: -5415.42	(delta): 280.966
5 (QN/Block) 	Elapsed: 0.011	Loglikelihood: -5273.18	(delta): 142.239
6 (QN/Block) 	Elapsed: 0.014	Loglikelihood: -5250.43	(delta): 22.7532
7 (QN/Block) 	Elapsed: 0.011	Loglikelihood: -5248.87	(delta): 1.56505
8 (QN/Block) 	Elapsed: 0.011	Loglikelihood: -5248.6	(delta): 0.268664
9 (QN/Block) 	Elapsed: 0.013	Loglikelihood: -5248.6	(delta): 0.000400152
10 (QN/Block) 	Elapsed: 0.011	Loglikelihood: -5248.6	(delta): 9.09495e-13
Summary: 
Converged in 10 iterations (0.122 sec)
Loglikelihood: -5248.597216
Fst divergences between estimated populations: 
	Pop0	
Pop0	
Pop1	0.833	
CV error (K=2): 0.40360
Writing output files.
