****                   ADMIXTURE Version 1.3.0                  ****
****                    Copyright 2008-2015                     ****
****           David Alexander, Suyash Shringarpure,            ****
****                John  Novembre, Ken Lange                   ****
****                                                            ****
****                 Please cite our paper!                     ****
****   Information at www.genetics.ucla.edu/software/admixture  ****

Cross-validation will be performed.  Folds=10.
Random seed: 43
Point estimation method: Block relaxation algorithm
Convergence acceleration algorithm: QuasiNewton, 3 secant conditions
Point estimation will terminate when objective function delta < 0.0001
Estimation of standard errors disabled; will compute point estimates only.
Size of G: 12x1351
Performing five EM steps to prime main algorithm
1 (EM) 	Elapsed: 0	Loglikelihood: -16903.5	(delta): 8336.8
2 (EM) 	Elapsed: 0	Loglikelihood: -13649.8	(delta): 3253.73
3 (EM) 	Elapsed: 0	Loglikelihood: -9568.78	(delta): 4080.97
4 (EM) 	Elapsed: 0	Loglikelihood: -6623.05	(delta): 2945.73
5 (EM) 	Elapsed: 0	Loglikelihood: -5478.67	(delta): 1144.38
Initial loglikelihood: -5478.67
Starting main algorithm
1 (QN/Block) 	Elapsed: 0.011	Loglikelihood: -4977.35	(delta): 501.323
2 (QN/Block) 	Elapsed: 0.012	Loglikelihood: -4860.98	(delta): 116.369
3 (QN/Block) 	Elapsed: 0.014	Loglikelihood: -4811.3	(delta): 49.6742
4 (QN/Block) 	Elapsed: 0.012	Loglikelihood: -4797.91	(delta): 13.3987
5 (QN/Block) 	Elapsed: 0.012	Loglikelihood: -4791.68	(delta): 6.22202
6 (QN/Block) 	Elapsed: 0.011	Loglikelihood: -4790.02	(delta): 1.6601
7 (QN/Block) 	Elapsed: 0.012	Loglikelihood: -4789.22	(delta): 0.804696
8 (QN/Block) 	Elapsed: 0.012	Loglikelihood: -4787.62	(delta): 1.59876
9 (QN/Block) 	Elapsed: 0.012	Loglikelihood: -4785.51	(delta): 2.10915
10 (QN/Block) 	Elapsed: 0.012	Loglikelihood: -4783.26	(delta): 2.2528
11 (QN/Block) 	Elapsed: 0.013	Loglikelihood: -4783.03	(delta): 0.223056
12 (QN/Block) 	Elapsed: 0.014	Loglikelihood: -4783.03	(delta): 0.000679588
13 (QN/Block) 	Elapsed: 0.011	Loglikelihood: -4783.03	(delta): 9.88918e-05
Summary: 
Converged in 13 iterations (0.173 sec)
Loglikelihood: -4783.033931
Fst divergences between estimated populations: 
	Pop0	Pop1	
Pop0	
Pop1	0.851	
Pop2	0.193	0.843	
CV error (K=3): 0.52945
Writing output files.
