****                   ADMIXTURE Version 1.3.0                  ****
****                    Copyright 2008-2015                     ****
****           David Alexander, Suyash Shringarpure,            ****
****                John  Novembre, Ken Lange                   ****
****                                                            ****
****                 Please cite our paper!                     ****
****   Information at www.genetics.ucla.edu/software/admixture  ****

Cross-validation will be performed.  Folds=10.
Random seed: 43
Point estimation method: Block relaxation algorithm
Convergence acceleration algorithm: QuasiNewton, 3 secant conditions
Point estimation will terminate when objective function delta < 0.0001
Estimation of standard errors disabled; will compute point estimates only.
Size of G: 12x1351
Performing five EM steps to prime main algorithm
1 (EM) 	Elapsed: 0.001	Loglikelihood: -18122.9	(delta): 6439.27
2 (EM) 	Elapsed: 0.001	Loglikelihood: -17109	(delta): 1013.81
3 (EM) 	Elapsed: 0.001	Loglikelihood: -15573.8	(delta): 1535.21
4 (EM) 	Elapsed: 0.001	Loglikelihood: -12508	(delta): 3065.83
5 (EM) 	Elapsed: 0.001	Loglikelihood: -8405.3	(delta): 4102.7
Initial loglikelihood: -8405.3
Starting main algorithm
1 (QN/Block) 	Elapsed: 0.014	Loglikelihood: -4860.51	(delta): 3544.8
2 (QN/Block) 	Elapsed: 0.016	Loglikelihood: -4688.82	(delta): 171.688
3 (QN/Block) 	Elapsed: 0.014	Loglikelihood: -4544.63	(delta): 144.186
4 (QN/Block) 	Elapsed: 0.015	Loglikelihood: -4459.86	(delta): 84.7739
5 (QN/Block) 	Elapsed: 0.015	Loglikelihood: -4436.54	(delta): 23.3152
6 (QN/Block) 	Elapsed: 0.013	Loglikelihood: -4428.03	(delta): 8.51388
7 (QN/Block) 	Elapsed: 0.014	Loglikelihood: -4422.29	(delta): 5.74161
8 (QN/Block) 	Elapsed: 0.013	Loglikelihood: -4420.63	(delta): 1.66393
9 (QN/Block) 	Elapsed: 0.013	Loglikelihood: -4419.96	(delta): 0.667484
10 (QN/Block) 	Elapsed: 0.013	Loglikelihood: -4419.76	(delta): 0.195971
11 (QN/Block) 	Elapsed: 0.014	Loglikelihood: -4419.55	(delta): 0.212323
12 (QN/Block) 	Elapsed: 0.014	Loglikelihood: -4419.4	(delta): 0.14846
13 (QN/Block) 	Elapsed: 0.016	Loglikelihood: -4419.34	(delta): 0.0600135
14 (QN/Block) 	Elapsed: 0.014	Loglikelihood: -4419.34	(delta): 0.00510962
15 (QN/Block) 	Elapsed: 0.013	Loglikelihood: -4419.34	(delta): 4.08134e-05
Summary: 
Converged in 15 iterations (0.227 sec)
Loglikelihood: -4419.335659
Fst divergences between estimated populations: 
	Pop0	Pop1	Pop2	
Pop0	
Pop1	0.859	
Pop2	0.290	0.869	
Pop3	0.286	0.857	0.297	
CV error (K=4): 0.75653
Writing output files.
