****                   ADMIXTURE Version 1.3.0                  ****
****                    Copyright 2008-2015                     ****
****           David Alexander, Suyash Shringarpure,            ****
****                John  Novembre, Ken Lange                   ****
****                                                            ****
****                 Please cite our paper!                     ****
****   Information at www.genetics.ucla.edu/software/admixture  ****

Cross-validation will be performed.  Folds=10.
Random seed: 43
Point estimation method: Block relaxation algorithm
Convergence acceleration algorithm: QuasiNewton, 3 secant conditions
Point estimation will terminate when objective function delta < 0.0001
Estimation of standard errors disabled; will compute point estimates only.
Size of G: 12x1351
Performing five EM steps to prime main algorithm
1 (EM) 	Elapsed: 0.002	Loglikelihood: -17455.4	(delta): 6730.57
2 (EM) 	Elapsed: 0.002	Loglikelihood: -15463.5	(delta): 1991.88
3 (EM) 	Elapsed: 0.002	Loglikelihood: -13179.4	(delta): 2284.16
4 (EM) 	Elapsed: 0.001	Loglikelihood: -10446.6	(delta): 2732.81
5 (EM) 	Elapsed: 0.002	Loglikelihood: -7678.46	(delta): 2768.11
Initial loglikelihood: -7678.46
Starting main algorithm
1 (QN/Block) 	Elapsed: 0.02	Loglikelihood: -4873.53	(delta): 2804.94
2 (QN/Block) 	Elapsed: 0.014	Loglikelihood: -4582.57	(delta): 290.951
3 (QN/Block) 	Elapsed: 0.016	Loglikelihood: -4450.4	(delta): 132.172
4 (QN/Block) 	Elapsed: 0.017	Loglikelihood: -4383.43	(delta): 66.9708
5 (QN/Block) 	Elapsed: 0.015	Loglikelihood: -4340.53	(delta): 42.9023
6 (QN/Block) 	Elapsed: 0.015	Loglikelihood: -4334.29	(delta): 6.23648
7 (QN/Block) 	Elapsed: 0.019	Loglikelihood: -4328.96	(delta): 5.33197
8 (QN/Block) 	Elapsed: 0.015	Loglikelihood: -4324.65	(delta): 4.31165
9 (QN/Block) 	Elapsed: 0.015	Loglikelihood: -4313.49	(delta): 11.163
10 (QN/Block) 	Elapsed: 0.018	Loglikelihood: -4304.24	(delta): 9.25106
11 (QN/Block) 	Elapsed: 0.016	Loglikelihood: -4303.82	(delta): 0.420537
12 (QN/Block) 	Elapsed: 0.014	Loglikelihood: -4303.51	(delta): 0.307897
13 (QN/Block) 	Elapsed: 0.021	Loglikelihood: -4303.3	(delta): 0.205045
14 (QN/Block) 	Elapsed: 0.015	Loglikelihood: -4303.16	(delta): 0.138437
15 (QN/Block) 	Elapsed: 0.016	Loglikelihood: -4303.16	(delta): 0.00160279
16 (QN/Block) 	Elapsed: 0.019	Loglikelihood: -4303.16	(delta): 8.96299e-05
Summary: 
Converged in 16 iterations (0.289 sec)
Loglikelihood: -4303.162296
Fst divergences between estimated populations: 
	Pop0	Pop1	Pop2	Pop3	
Pop0	
Pop1	0.873	
Pop2	0.850	0.346	
Pop3	0.199	0.879	0.855	
Pop4	0.298	0.895	0.872	0.273	
CV error (K=5): 0.70947
Writing output files.
