****                   ADMIXTURE Version 1.3.0                  ****
****                    Copyright 2008-2015                     ****
****           David Alexander, Suyash Shringarpure,            ****
****                John  Novembre, Ken Lange                   ****
****                                                            ****
****                 Please cite our paper!                     ****
****   Information at www.genetics.ucla.edu/software/admixture  ****

Cross-validation will be performed.  Folds=10.
Random seed: 43
Point estimation method: Block relaxation algorithm
Convergence acceleration algorithm: QuasiNewton, 3 secant conditions
Point estimation will terminate when objective function delta < 0.0001
Estimation of standard errors disabled; will compute point estimates only.
Size of G: 12x1351
Performing five EM steps to prime main algorithm
1 (EM) 	Elapsed: 0.003	Loglikelihood: -16524.9	(delta): 7134.51
2 (EM) 	Elapsed: 0.003	Loglikelihood: -12543.7	(delta): 3981.28
3 (EM) 	Elapsed: 0.003	Loglikelihood: -8117.13	(delta): 4426.53
4 (EM) 	Elapsed: 0.003	Loglikelihood: -5841.96	(delta): 2275.17
5 (EM) 	Elapsed: 0.003	Loglikelihood: -5102.36	(delta): 739.599
Initial loglikelihood: -5102.36
Starting main algorithm
1 (QN/Block) 	Elapsed: 0.03	Loglikelihood: -4280.38	(delta): 821.986
2 (QN/Block) 	Elapsed: 0.028	Loglikelihood: -4092.42	(delta): 187.961
3 (QN/Block) 	Elapsed: 0.019	Loglikelihood: -3944.99	(delta): 147.428
4 (QN/Block) 	Elapsed: 0.018	Loglikelihood: -3870.41	(delta): 74.5837
5 (QN/Block) 	Elapsed: 0.019	Loglikelihood: -3828.99	(delta): 41.4125
6 (QN/Block) 	Elapsed: 0.018	Loglikelihood: -3823.7	(delta): 5.29414
7 (QN/Block) 	Elapsed: 0.019	Loglikelihood: -3821.2	(delta): 2.49916
8 (QN/Block) 	Elapsed: 0.018	Loglikelihood: -3818.81	(delta): 2.38744
9 (QN/Block) 	Elapsed: 0.019	Loglikelihood: -3818.78	(delta): 0.0311227
10 (QN/Block) 	Elapsed: 0.017	Loglikelihood: -3818.77	(delta): 0.0135245
11 (QN/Block) 	Elapsed: 0.021	Loglikelihood: -3818.76	(delta): 0.00583474
12 (QN/Block) 	Elapsed: 0.026	Loglikelihood: -3818.76	(delta): 4.94439e-06
Summary: 
Converged in 12 iterations (0.28 sec)
Loglikelihood: -3818.762338
Fst divergences between estimated populations: 
	Pop0	Pop1	Pop2	Pop3	Pop4	
Pop0	
Pop1	0.860	
Pop2	0.331	0.897	
Pop3	0.349	0.893	0.505	
Pop4	0.211	0.853	0.372	0.327	
Pop5	0.309	0.867	0.463	0.391	0.286	
CV error (K=6): 0.98756
Writing output files.
