****                   ADMIXTURE Version 1.3.0                  ****
****                    Copyright 2008-2015                     ****
****           David Alexander, Suyash Shringarpure,            ****
****                John  Novembre, Ken Lange                   ****
****                                                            ****
****                 Please cite our paper!                     ****
****   Information at www.genetics.ucla.edu/software/admixture  ****

Cross-validation will be performed.  Folds=10.
Random seed: 43
Point estimation method: Block relaxation algorithm
Convergence acceleration algorithm: QuasiNewton, 3 secant conditions
Point estimation will terminate when objective function delta < 0.0001
Estimation of standard errors disabled; will compute point estimates only.
Size of G: 12x1351
Performing five EM steps to prime main algorithm
1 (EM) 	Elapsed: 0.002	Loglikelihood: -16743.7	(delta): 6608.61
2 (EM) 	Elapsed: 0.002	Loglikelihood: -14049.9	(delta): 2693.8
3 (EM) 	Elapsed: 0.002	Loglikelihood: -10573.6	(delta): 3476.29
4 (EM) 	Elapsed: 0.002	Loglikelihood: -7371.24	(delta): 3202.37
5 (EM) 	Elapsed: 0.002	Loglikelihood: -5745.56	(delta): 1625.68
Initial loglikelihood: -5745.56
Starting main algorithm
1 (QN/Block) 	Elapsed: 0.023	Loglikelihood: -3944.2	(delta): 1801.36
2 (QN/Block) 	Elapsed: 0.022	Loglikelihood: -3763.69	(delta): 180.504
3 (QN/Block) 	Elapsed: 0.025	Loglikelihood: -3689.99	(delta): 73.704
4 (QN/Block) 	Elapsed: 0.023	Loglikelihood: -3647.88	(delta): 42.1105
5 (QN/Block) 	Elapsed: 0.023	Loglikelihood: -3599.03	(delta): 48.8457
6 (QN/Block) 	Elapsed: 0.021	Loglikelihood: -3566.65	(delta): 32.3851
7 (QN/Block) 	Elapsed: 0.022	Loglikelihood: -3545.05	(delta): 21.6006
8 (QN/Block) 	Elapsed: 0.021	Loglikelihood: -3532.69	(delta): 12.36
9 (QN/Block) 	Elapsed: 0.022	Loglikelihood: -3531.01	(delta): 1.67175
10 (QN/Block) 	Elapsed: 0.025	Loglikelihood: -3525.92	(delta): 5.09712
11 (QN/Block) 	Elapsed: 0.025	Loglikelihood: -3519.54	(delta): 6.37906
12 (QN/Block) 	Elapsed: 0.03	Loglikelihood: -3510.64	(delta): 8.89563
13 (QN/Block) 	Elapsed: 0.024	Loglikelihood: -3508.03	(delta): 2.61652
14 (QN/Block) 	Elapsed: 0.022	Loglikelihood: -3508.02	(delta): 0.000938014
15 (QN/Block) 	Elapsed: 0.024	Loglikelihood: -3508.02	(delta): 8.04563e-05
Summary: 
Converged in 15 iterations (0.378 sec)
Loglikelihood: -3508.024281
Fst divergences between estimated populations: 
	Pop0	Pop1	Pop2	Pop3	Pop4	Pop5	Pop6	
Pop0	
Pop1	0.902	
Pop2	0.891	0.467	
Pop3	0.588	0.949	0.939	
Pop4	0.333	0.883	0.870	0.493	
Pop5	0.490	0.917	0.907	0.613	0.398	
Pop6	0.320	0.888	0.877	0.530	0.259	0.374	
Pop7	0.892	0.426	0.376	0.939	0.872	0.906	0.878	
CV error (K=8): 0.65475
Writing output files.
