****                   ADMIXTURE Version 1.3.0                  ****
****                    Copyright 2008-2015                     ****
****           David Alexander, Suyash Shringarpure,            ****
****                John  Novembre, Ken Lange                   ****
****                                                            ****
****                 Please cite our paper!                     ****
****   Information at www.genetics.ucla.edu/software/admixture  ****

Cross-validation will be performed.  Folds=10.
Random seed: 43
Point estimation method: Block relaxation algorithm
Convergence acceleration algorithm: QuasiNewton, 3 secant conditions
Point estimation will terminate when objective function delta < 0.0001
Estimation of standard errors disabled; will compute point estimates only.
Size of G: 12x1351
Performing five EM steps to prime main algorithm
1 (EM) 	Elapsed: 0.003	Loglikelihood: -16616.4	(delta): 6584.38
2 (EM) 	Elapsed: 0.003	Loglikelihood: -12962.7	(delta): 3653.63
3 (EM) 	Elapsed: 0.003	Loglikelihood: -8716.03	(delta): 4246.7
4 (EM) 	Elapsed: 0.003	Loglikelihood: -6241.22	(delta): 2474.81
5 (EM) 	Elapsed: 0.003	Loglikelihood: -5326.02	(delta): 915.196
Initial loglikelihood: -5326.02
Starting main algorithm
1 (QN/Block) 	Elapsed: 0.022	Loglikelihood: -4246.65	(delta): 1079.37
2 (QN/Block) 	Elapsed: 0.026	Loglikelihood: -3516.87	(delta): 729.78
3 (QN/Block) 	Elapsed: 0.026	Loglikelihood: -3140.6	(delta): 376.274
4 (QN/Block) 	Elapsed: 0.024	Loglikelihood: -3043.8	(delta): 96.7982
5 (QN/Block) 	Elapsed: 0.024	Loglikelihood: -3031.24	(delta): 12.5623
6 (QN/Block) 	Elapsed: 0.024	Loglikelihood: -3029.33	(delta): 1.90679
7 (QN/Block) 	Elapsed: 0.025	Loglikelihood: -3028.02	(delta): 1.31093
8 (QN/Block) 	Elapsed: 0.026	Loglikelihood: -3026.97	(delta): 1.05091
9 (QN/Block) 	Elapsed: 0.026	Loglikelihood: -3026.66	(delta): 0.308135
10 (QN/Block) 	Elapsed: 0.029	Loglikelihood: -3026.66	(delta): 0.000540493
11 (QN/Block) 	Elapsed: 0.026	Loglikelihood: -3026.66	(delta): 0.000107904
12 (QN/Block) 	Elapsed: 0.026	Loglikelihood: -3026.66	(delta): 0.000430038
13 (QN/Block) 	Elapsed: 0.025	Loglikelihood: -3026.66	(delta): 8.27938e-05
Summary: 
Converged in 13 iterations (0.358 sec)
Loglikelihood: -3026.658599
Fst divergences between estimated populations: 
	Pop0	Pop1	Pop2	Pop3	Pop4	Pop5	Pop6	Pop7	
Pop0	
Pop1	0.898	
Pop2	0.482	0.884	
Pop3	0.530	0.888	0.473	
Pop4	0.515	0.887	0.436	0.470	
Pop5	0.764	0.903	0.730	0.731	0.730	
Pop6	0.415	0.874	0.414	0.425	0.399	0.690	
Pop7	0.430	0.888	0.451	0.489	0.393	0.733	0.395	
Pop8	0.496	0.894	0.414	0.488	0.458	0.749	0.417	0.456	
CV error (K=9): 0.49874
Writing output files.
