PLINK v2.00a3.6 AVX2 (14 Aug 2022)
Options in effect:
  --allow-extra-chr 0
  --double-id
  --geno 0.999
  --make-bed
  --out f1_js_subset
  --vcf f1_js_subset.recode.vcf

Hostname: Samanthas-MBP
Working directory: /Users/sam/UBC/PhDThesis/GBS/admixture/f1_js
Start time: Tue Aug 30 21:14:52 2022

Random number seed: 1661908492
16384 MiB RAM detected; reserving 8192 MiB for main workspace.
Using up to 4 compute threads.
--vcf: 7379 variants scanned.
--vcf: f1_js_subset-temporary.pgen + f1_js_subset-temporary.pvar.zst +
f1_js_subset-temporary.psam written.
9 samples (0 females, 0 males, 9 ambiguous; 9 founders) loaded from
f1_js_subset-temporary.psam.
7379 variants loaded from f1_js_subset-temporary.pvar.zst.
Note: No phenotype data present.
Calculating allele frequencies... done.
--geno: 2 variants removed due to missing genotype data.
7377 variants remaining after main filters.
Writing f1_js_subset.fam ... done.
Writing f1_js_subset.bim ... done.
Writing f1_js_subset.bed ... done.

End time: Tue Aug 30 21:14:52 2022
