****                   ADMIXTURE Version 1.3.0                  ****
****                    Copyright 2008-2015                     ****
****           David Alexander, Suyash Shringarpure,            ****
****                John  Novembre, Ken Lange                   ****
****                                                            ****
****                 Please cite our paper!                     ****
****   Information at www.genetics.ucla.edu/software/admixture  ****

Cross-validation will be performed.  Folds=10.
Random seed: 43
Point estimation method: Block relaxation algorithm
Convergence acceleration algorithm: QuasiNewton, 3 secant conditions
Point estimation will terminate when objective function delta < 0.0001
Estimation of standard errors disabled; will compute point estimates only.
Size of G: 9x7377
Performing five EM steps to prime main algorithm
1 (EM) 	Elapsed: 0.001	Loglikelihood: -40561.1	(delta): 55891.1
2 (EM) 	Elapsed: 0.001	Loglikelihood: -40561.1	(delta): 0
3 (EM) 	Elapsed: 0.001	Loglikelihood: -40561.1	(delta): 0
4 (EM) 	Elapsed: 0.001	Loglikelihood: -40561.1	(delta): 0
5 (EM) 	Elapsed: 0.001	Loglikelihood: -40561.1	(delta): 0
Initial loglikelihood: -40561.1
Starting main algorithm
1 (QN/Block) 	Elapsed: 0.046	Loglikelihood: -40561.1	(delta): 0
Summary: 
Converged in 1 iterations (0.058 sec)
Loglikelihood: -40561.097102
CV error (K=1): 1.38981
Writing output files.
