****                   ADMIXTURE Version 1.3.0                  ****
****                    Copyright 2008-2015                     ****
****           David Alexander, Suyash Shringarpure,            ****
****                John  Novembre, Ken Lange                   ****
****                                                            ****
****                 Please cite our paper!                     ****
****   Information at www.genetics.ucla.edu/software/admixture  ****

Cross-validation will be performed.  Folds=10.
Random seed: 43
Point estimation method: Block relaxation algorithm
Convergence acceleration algorithm: QuasiNewton, 3 secant conditions
Point estimation will terminate when objective function delta < 0.0001
Estimation of standard errors disabled; will compute point estimates only.
Size of G: 9x7377
Performing five EM steps to prime main algorithm
1 (EM) 	Elapsed: 0.014	Loglikelihood: -38457.5	(delta): 30937.7
2 (EM) 	Elapsed: 0.015	Loglikelihood: -34512.7	(delta): 3944.89
3 (EM) 	Elapsed: 0.013	Loglikelihood: -31874.6	(delta): 2638.08
4 (EM) 	Elapsed: 0.015	Loglikelihood: -29689.2	(delta): 2185.35
5 (EM) 	Elapsed: 0.014	Loglikelihood: -27833.5	(delta): 1855.71
Initial loglikelihood: -27833.5
Starting main algorithm
1 (QN/Block) 	Elapsed: 0.095	Loglikelihood: -23173.5	(delta): 4659.98
2 (QN/Block) 	Elapsed: 0.091	Loglikelihood: -23166.9	(delta): 6.66254
3 (QN/Block) 	Elapsed: 0.116	Loglikelihood: -23166.8	(delta): 0.0737426
4 (QN/Block) 	Elapsed: 0.111	Loglikelihood: -23166.8	(delta): 9.82254e-11
Summary: 
Converged in 4 iterations (0.502 sec)
Loglikelihood: -23166.791332
Fst divergences between estimated populations: 
	Pop0	Pop1	Pop2	Pop3	Pop4	Pop5	Pop6	Pop7	Pop8	Pop9	
Pop0	
Pop1	0.451	
Pop2	0.492	0.482	
Pop3	0.439	0.461	0.512	
Pop4	0.454	0.427	0.327	0.426	
Pop5	0.526	0.441	0.529	0.552	0.513	
Pop6	0.585	0.570	0.564	0.552	0.586	0.610	
Pop7	0.501	0.509	0.486	0.531	0.508	0.440	0.547	
Pop8	0.503	0.443	0.486	0.500	0.487	0.370	0.528	0.332	
Pop9	0.500	0.514	0.506	0.523	0.507	0.581	0.550	0.453	0.498	
Pop10	0.480	0.485	0.378	0.525	0.416	0.539	0.533	0.494	0.512	0.428	
CV error (K=11): 0.17451
Writing output files.
