****                   ADMIXTURE Version 1.3.0                  ****
****                    Copyright 2008-2015                     ****
****           David Alexander, Suyash Shringarpure,            ****
****                John  Novembre, Ken Lange                   ****
****                                                            ****
****                 Please cite our paper!                     ****
****   Information at www.genetics.ucla.edu/software/admixture  ****

Cross-validation will be performed.  Folds=10.
Random seed: 43
Point estimation method: Block relaxation algorithm
Convergence acceleration algorithm: QuasiNewton, 3 secant conditions
Point estimation will terminate when objective function delta < 0.0001
Estimation of standard errors disabled; will compute point estimates only.
Size of G: 9x7377
Performing five EM steps to prime main algorithm
1 (EM) 	Elapsed: 0.001	Loglikelihood: -40713.3	(delta): 41190.8
2 (EM) 	Elapsed: 0.001	Loglikelihood: -38436.5	(delta): 2276.75
3 (EM) 	Elapsed: 0.002	Loglikelihood: -37517.1	(delta): 919.423
4 (EM) 	Elapsed: 0.001	Loglikelihood: -37011.6	(delta): 505.459
5 (EM) 	Elapsed: 0.001	Loglikelihood: -36712.6	(delta): 299.06
Initial loglikelihood: -36712.6
Starting main algorithm
1 (QN/Block) 	Elapsed: 0.057	Loglikelihood: -35790.4	(delta): 922.16
2 (QN/Block) 	Elapsed: 0.052	Loglikelihood: -35552.1	(delta): 238.344
3 (QN/Block) 	Elapsed: 0.056	Loglikelihood: -35411.3	(delta): 140.795
4 (QN/Block) 	Elapsed: 0.055	Loglikelihood: -35274.2	(delta): 137.047
5 (QN/Block) 	Elapsed: 0.059	Loglikelihood: -35186.2	(delta): 88.0817
6 (QN/Block) 	Elapsed: 0.058	Loglikelihood: -35176.1	(delta): 10.0227
7 (QN/Block) 	Elapsed: 0.055	Loglikelihood: -35176	(delta): 0.0966944
8 (QN/Block) 	Elapsed: 0.054	Loglikelihood: -35176	(delta): 5.26052e-09
Summary: 
Converged in 8 iterations (0.468 sec)
Loglikelihood: -35176.037066
Fst divergences between estimated populations: 
	Pop0	
Pop0	
Pop1	0.205	
CV error (K=2): 2.32612
Writing output files.
