****                   ADMIXTURE Version 1.3.0                  ****
****                    Copyright 2008-2015                     ****
****           David Alexander, Suyash Shringarpure,            ****
****                John  Novembre, Ken Lange                   ****
****                                                            ****
****                 Please cite our paper!                     ****
****   Information at www.genetics.ucla.edu/software/admixture  ****

Cross-validation will be performed.  Folds=10.
Random seed: 43
Point estimation method: Block relaxation algorithm
Convergence acceleration algorithm: QuasiNewton, 3 secant conditions
Point estimation will terminate when objective function delta < 0.0001
Estimation of standard errors disabled; will compute point estimates only.
Size of G: 9x7377
Performing five EM steps to prime main algorithm
1 (EM) 	Elapsed: 0.002	Loglikelihood: -40491.4	(delta): 36108.2
2 (EM) 	Elapsed: 0.002	Loglikelihood: -37735.4	(delta): 2756.02
3 (EM) 	Elapsed: 0.002	Loglikelihood: -36253.4	(delta): 1482.03
4 (EM) 	Elapsed: 0.002	Loglikelihood: -35224.4	(delta): 1028.94
5 (EM) 	Elapsed: 0.003	Loglikelihood: -34490.7	(delta): 733.671
Initial loglikelihood: -34490.7
Starting main algorithm
1 (QN/Block) 	Elapsed: 0.06	Loglikelihood: -32403.2	(delta): 2087.54
2 (QN/Block) 	Elapsed: 0.058	Loglikelihood: -31805.3	(delta): 597.883
3 (QN/Block) 	Elapsed: 0.062	Loglikelihood: -31362.4	(delta): 442.888
4 (QN/Block) 	Elapsed: 0.058	Loglikelihood: -31106.1	(delta): 256.288
5 (QN/Block) 	Elapsed: 0.059	Loglikelihood: -31015.6	(delta): 90.512
6 (QN/Block) 	Elapsed: 0.058	Loglikelihood: -30974.6	(delta): 41.0025
7 (QN/Block) 	Elapsed: 0.063	Loglikelihood: -30970.1	(delta): 4.49659
8 (QN/Block) 	Elapsed: 0.06	Loglikelihood: -30961.2	(delta): 8.89434
9 (QN/Block) 	Elapsed: 0.061	Loglikelihood: -30936.6	(delta): 24.6564
10 (QN/Block) 	Elapsed: 0.06	Loglikelihood: -30866.7	(delta): 69.849
11 (QN/Block) 	Elapsed: 0.061	Loglikelihood: -30764.2	(delta): 102.494
12 (QN/Block) 	Elapsed: 0.062	Loglikelihood: -30590.4	(delta): 173.789
13 (QN/Block) 	Elapsed: 0.064	Loglikelihood: -30543.7	(delta): 46.7639
14 (QN/Block) 	Elapsed: 0.063	Loglikelihood: -30543	(delta): 0.685047
15 (QN/Block) 	Elapsed: 0.058	Loglikelihood: -30543	(delta): 3.43834e-05
Summary: 
Converged in 15 iterations (0.943 sec)
Loglikelihood: -30542.989465
Fst divergences between estimated populations: 
	Pop0	Pop1	
Pop0	
Pop1	0.294	
Pop2	0.286	0.273	
CV error (K=3): 3.10977
Writing output files.
