****                   ADMIXTURE Version 1.3.0                  ****
****                    Copyright 2008-2015                     ****
****           David Alexander, Suyash Shringarpure,            ****
****                John  Novembre, Ken Lange                   ****
****                                                            ****
****                 Please cite our paper!                     ****
****   Information at www.genetics.ucla.edu/software/admixture  ****

Cross-validation will be performed.  Folds=10.
Random seed: 43
Point estimation method: Block relaxation algorithm
Convergence acceleration algorithm: QuasiNewton, 3 secant conditions
Point estimation will terminate when objective function delta < 0.0001
Estimation of standard errors disabled; will compute point estimates only.
Size of G: 9x7377
Performing five EM steps to prime main algorithm
1 (EM) 	Elapsed: 0.003	Loglikelihood: -40152.1	(delta): 33704.4
2 (EM) 	Elapsed: 0.003	Loglikelihood: -37484.2	(delta): 2667.93
3 (EM) 	Elapsed: 0.003	Loglikelihood: -36083.9	(delta): 1400.3
4 (EM) 	Elapsed: 0.004	Loglikelihood: -35059.8	(delta): 1024.08
5 (EM) 	Elapsed: 0.003	Loglikelihood: -34241.3	(delta): 818.556
Initial loglikelihood: -34241.3
Starting main algorithm
1 (QN/Block) 	Elapsed: 0.067	Loglikelihood: -29767.1	(delta): 4474.12
2 (QN/Block) 	Elapsed: 0.063	Loglikelihood: -28357.6	(delta): 1409.53
3 (QN/Block) 	Elapsed: 0.068	Loglikelihood: -27718.1	(delta): 639.532
4 (QN/Block) 	Elapsed: 0.068	Loglikelihood: -27462.7	(delta): 255.393
5 (QN/Block) 	Elapsed: 0.068	Loglikelihood: -27253.9	(delta): 208.78
6 (QN/Block) 	Elapsed: 0.066	Loglikelihood: -27226.4	(delta): 27.5389
7 (QN/Block) 	Elapsed: 0.067	Loglikelihood: -27226.1	(delta): 0.270804
8 (QN/Block) 	Elapsed: 0.068	Loglikelihood: -27226.1	(delta): 0.0011948
9 (QN/Block) 	Elapsed: 0.068	Loglikelihood: -27226.1	(delta): 1.265e-05
Summary: 
Converged in 9 iterations (0.639 sec)
Loglikelihood: -27226.092966
Fst divergences between estimated populations: 
	Pop0	Pop1	Pop2	
Pop0	
Pop1	0.359	
Pop2	0.453	0.392	
Pop3	0.407	0.342	0.432	
CV error (K=4): 2.28763
Writing output files.
