****                   ADMIXTURE Version 1.3.0                  ****
****                    Copyright 2008-2015                     ****
****           David Alexander, Suyash Shringarpure,            ****
****                John  Novembre, Ken Lange                   ****
****                                                            ****
****                 Please cite our paper!                     ****
****   Information at www.genetics.ucla.edu/software/admixture  ****

Cross-validation will be performed.  Folds=10.
Random seed: 43
Point estimation method: Block relaxation algorithm
Convergence acceleration algorithm: QuasiNewton, 3 secant conditions
Point estimation will terminate when objective function delta < 0.0001
Estimation of standard errors disabled; will compute point estimates only.
Size of G: 9x7377
Performing five EM steps to prime main algorithm
1 (EM) 	Elapsed: 0.005	Loglikelihood: -39709.5	(delta): 32428.2
2 (EM) 	Elapsed: 0.005	Loglikelihood: -36658.7	(delta): 3050.79
3 (EM) 	Elapsed: 0.006	Loglikelihood: -34890	(delta): 1768.73
4 (EM) 	Elapsed: 0.004	Loglikelihood: -33511.6	(delta): 1378.38
5 (EM) 	Elapsed: 0.004	Loglikelihood: -32368.9	(delta): 1142.73
Initial loglikelihood: -32368.9
Starting main algorithm
1 (QN/Block) 	Elapsed: 0.073	Loglikelihood: -26779.2	(delta): 5589.66
2 (QN/Block) 	Elapsed: 0.074	Loglikelihood: -25138.7	(delta): 1640.56
3 (QN/Block) 	Elapsed: 0.082	Loglikelihood: -24678.4	(delta): 460.284
4 (QN/Block) 	Elapsed: 0.08	Loglikelihood: -24533.5	(delta): 144.936
5 (QN/Block) 	Elapsed: 0.075	Loglikelihood: -24487.8	(delta): 45.6952
6 (QN/Block) 	Elapsed: 0.08	Loglikelihood: -24478.5	(delta): 9.249
7 (QN/Block) 	Elapsed: 0.074	Loglikelihood: -24478	(delta): 0.516948
8 (QN/Block) 	Elapsed: 0.074	Loglikelihood: -24477.9	(delta): 0.0561366
9 (QN/Block) 	Elapsed: 0.076	Loglikelihood: -24477	(delta): 0.945163
10 (QN/Block) 	Elapsed: 0.08	Loglikelihood: -24477	(delta): 6.81201e-05
Summary: 
Converged in 10 iterations (0.812 sec)
Loglikelihood: -24476.987991
Fst divergences between estimated populations: 
	Pop0	Pop1	Pop2	Pop3	
Pop0	
Pop1	0.505	
Pop2	0.372	0.502	
Pop3	0.392	0.527	0.403	
Pop4	0.424	0.524	0.417	0.460	
CV error (K=5): 1.99042
Writing output files.
