****                   ADMIXTURE Version 1.3.0                  ****
****                    Copyright 2008-2015                     ****
****           David Alexander, Suyash Shringarpure,            ****
****                John  Novembre, Ken Lange                   ****
****                                                            ****
****                 Please cite our paper!                     ****
****   Information at www.genetics.ucla.edu/software/admixture  ****

Cross-validation will be performed.  Folds=10.
Random seed: 43
Point estimation method: Block relaxation algorithm
Convergence acceleration algorithm: QuasiNewton, 3 secant conditions
Point estimation will terminate when objective function delta < 0.0001
Estimation of standard errors disabled; will compute point estimates only.
Size of G: 9x7377
Performing five EM steps to prime main algorithm
1 (EM) 	Elapsed: 0.006	Loglikelihood: -39986.6	(delta): 31012.8
2 (EM) 	Elapsed: 0.007	Loglikelihood: -37086.1	(delta): 2900.51
3 (EM) 	Elapsed: 0.005	Loglikelihood: -35317.2	(delta): 1768.97
4 (EM) 	Elapsed: 0.006	Loglikelihood: -33802.1	(delta): 1515.09
5 (EM) 	Elapsed: 0.006	Loglikelihood: -32437.8	(delta): 1364.26
Initial loglikelihood: -32437.8
Starting main algorithm
1 (QN/Block) 	Elapsed: 0.084	Loglikelihood: -24337.3	(delta): 8100.51
2 (QN/Block) 	Elapsed: 0.087	Loglikelihood: -22266.3	(delta): 2071.06
3 (QN/Block) 	Elapsed: 0.089	Loglikelihood: -21963.1	(delta): 303.17
4 (QN/Block) 	Elapsed: 0.082	Loglikelihood: -21887.7	(delta): 75.3781
5 (QN/Block) 	Elapsed: 0.083	Loglikelihood: -21864.4	(delta): 23.2631
6 (QN/Block) 	Elapsed: 0.085	Loglikelihood: -21855.8	(delta): 8.62077
7 (QN/Block) 	Elapsed: 0.089	Loglikelihood: -21850	(delta): 5.86636
8 (QN/Block) 	Elapsed: 0.084	Loglikelihood: -21849.8	(delta): 0.162409
9 (QN/Block) 	Elapsed: 0.079	Loglikelihood: -21849.8	(delta): 0.00014067
10 (QN/Block) 	Elapsed: 0.082	Loglikelihood: -21849.8	(delta): 2.87415e-07
Summary: 
Converged in 10 iterations (0.896 sec)
Loglikelihood: -21849.793007
Fst divergences between estimated populations: 
	Pop0	Pop1	Pop2	Pop3	Pop4	
Pop0	
Pop1	0.410	
Pop2	0.509	0.487	
Pop3	0.499	0.479	0.577	
Pop4	0.424	0.409	0.489	0.478	
Pop5	0.507	0.474	0.565	0.570	0.488	
CV error (K=6): 1.81415
Writing output files.
