****                   ADMIXTURE Version 1.3.0                  ****
****                    Copyright 2008-2015                     ****
****           David Alexander, Suyash Shringarpure,            ****
****                John  Novembre, Ken Lange                   ****
****                                                            ****
****                 Please cite our paper!                     ****
****   Information at www.genetics.ucla.edu/software/admixture  ****

Cross-validation will be performed.  Folds=10.
Random seed: 43
Point estimation method: Block relaxation algorithm
Convergence acceleration algorithm: QuasiNewton, 3 secant conditions
Point estimation will terminate when objective function delta < 0.0001
Estimation of standard errors disabled; will compute point estimates only.
Size of G: 9x7377
Performing five EM steps to prime main algorithm
1 (EM) 	Elapsed: 0.007	Loglikelihood: -38928.4	(delta): 31941.9
2 (EM) 	Elapsed: 0.007	Loglikelihood: -35395	(delta): 3533.4
3 (EM) 	Elapsed: 0.007	Loglikelihood: -33217.9	(delta): 2177.08
4 (EM) 	Elapsed: 0.006	Loglikelihood: -31491.8	(delta): 1726.09
5 (EM) 	Elapsed: 0.007	Loglikelihood: -30054.1	(delta): 1437.75
Initial loglikelihood: -30054.1
Starting main algorithm
1 (QN/Block) 	Elapsed: 0.081	Loglikelihood: -23657.8	(delta): 6396.31
2 (QN/Block) 	Elapsed: 0.077	Loglikelihood: -23043	(delta): 614.764
3 (QN/Block) 	Elapsed: 0.089	Loglikelihood: -22846.6	(delta): 196.367
4 (QN/Block) 	Elapsed: 0.093	Loglikelihood: -22720.3	(delta): 126.33
5 (QN/Block) 	Elapsed: 0.094	Loglikelihood: -22627.6	(delta): 92.7533
6 (QN/Block) 	Elapsed: 0.09	Loglikelihood: -22591.7	(delta): 35.8553
7 (QN/Block) 	Elapsed: 0.086	Loglikelihood: -22572.4	(delta): 19.3001
8 (QN/Block) 	Elapsed: 0.084	Loglikelihood: -22594	(delta): -21.598
9 (QN/Block) 	Elapsed: 0.086	Loglikelihood: -22586.7	(delta): 7.3248
10 (QN/Block) 	Elapsed: 0.084	Loglikelihood: -22548.1	(delta): 38.533
11 (QN/Block) 	Elapsed: 0.087	Loglikelihood: -22465.1	(delta): 83.0414
12 (QN/Block) 	Elapsed: 0.085	Loglikelihood: -22445.7	(delta): 19.4435
13 (QN/Block) 	Elapsed: 0.094	Loglikelihood: -22400.7	(delta): 45.0039
14 (QN/Block) 	Elapsed: 0.094	Loglikelihood: -22353.6	(delta): 47.0259
15 (QN/Block) 	Elapsed: 0.083	Loglikelihood: -22326.8	(delta): 26.8498
16 (QN/Block) 	Elapsed: 0.083	Loglikelihood: -22303.1	(delta): 23.7206
17 (QN/Block) 	Elapsed: 0.099	Loglikelihood: -22308.8	(delta): -5.6924
18 (QN/Block) 	Elapsed: 0.086	Loglikelihood: -22296.3	(delta): 12.4882
19 (QN/Block) 	Elapsed: 0.099	Loglikelihood: -22284.6	(delta): 11.6431
20 (QN/Block) 	Elapsed: 0.09	Loglikelihood: -22293.9	(delta): -9.26198
21 (QN/Block) 	Elapsed: 0.082	Loglikelihood: -22281.7	(delta): 12.173
22 (QN/Block) 	Elapsed: 0.086	Loglikelihood: -22267	(delta): 14.6995
23 (QN/Block) 	Elapsed: 0.085	Loglikelihood: -22254.3	(delta): 12.699
24 (QN/Block) 	Elapsed: 0.094	Loglikelihood: -22251.4	(delta): 2.95274
25 (QN/Block) 	Elapsed: 0.086	Loglikelihood: -22243.9	(delta): 7.4202
26 (QN/Block) 	Elapsed: 0.087	Loglikelihood: -22236.5	(delta): 7.39742
27 (QN/Block) 	Elapsed: 0.092	Loglikelihood: -22237.1	(delta): -0.538448
28 (QN/Block) 	Elapsed: 0.085	Loglikelihood: -22239.1	(delta): -1.97789
29 (QN/Block) 	Elapsed: 0.085	Loglikelihood: -22237.5	(delta): 1.56601
30 (QN/Block) 	Elapsed: 0.091	Loglikelihood: -22232.7	(delta): 4.74573
31 (QN/Block) 	Elapsed: 0.085	Loglikelihood: -22229.2	(delta): 3.50825
32 (QN/Block) 	Elapsed: 0.083	Loglikelihood: -22234	(delta): -4.73297
33 (QN/Block) 	Elapsed: 0.094	Loglikelihood: -22241	(delta): -7.0061
34 (QN/Block) 	Elapsed: 0.083	Loglikelihood: -22236.8	(delta): 4.1873
35 (QN/Block) 	Elapsed: 0.087	Loglikelihood: -22234.4	(delta): 2.36361
36 (QN/Block) 	Elapsed: 0.083	Loglikelihood: -22233.4	(delta): 1.06271
37 (QN/Block) 	Elapsed: 0.081	Loglikelihood: -22230.6	(delta): 2.7965
38 (QN/Block) 	Elapsed: 0.081	Loglikelihood: -22233.9	(delta): -3.29261
39 (QN/Block) 	Elapsed: 0.083	Loglikelihood: -22234.1	(delta): -0.191947
40 (QN/Block) 	Elapsed: 0.102	Loglikelihood: -22233.1	(delta): 0.923886
41 (QN/Block) 	Elapsed: 0.113	Loglikelihood: -22227.8	(delta): 5.35978
42 (QN/Block) 	Elapsed: 0.113	Loglikelihood: -22227.3	(delta): 0.477804
43 (QN/Block) 	Elapsed: 0.086	Loglikelihood: -22226.7	(delta): 0.594201
44 (QN/Block) 	Elapsed: 0.092	Loglikelihood: -22244.6	(delta): -17.9125
45 (QN/Block) 	Elapsed: 0.085	Loglikelihood: -22248.5	(delta): -3.8973
46 (QN/Block) 	Elapsed: 0.084	Loglikelihood: -22249.1	(delta): -0.577736
47 (QN/Block) 	Elapsed: 0.131	Loglikelihood: -22262.7	(delta): -13.6007
48 (QN/Block) 	Elapsed: 0.129	Loglikelihood: -22263.6	(delta): -0.8984
49 (QN/Block) 	Elapsed: 0.114	Loglikelihood: -22256.5	(delta): 7.09071
50 (QN/Block) 	Elapsed: 0.09	Loglikelihood: -22251.9	(delta): 4.57151
51 (QN/Block) 	Elapsed: 0.087	Loglikelihood: -22252.7	(delta): -0.803447
52 (QN/Block) 	Elapsed: 0.083	Loglikelihood: -22250.2	(delta): 2.48487
53 (QN/Block) 	Elapsed: 0.12	Loglikelihood: -22257.9	(delta): -7.69643
54 (QN/Block) 	Elapsed: 0.165	Loglikelihood: -22254.9	(delta): 2.99231
55 (QN/Block) 	Elapsed: 0.269	Loglikelihood: -22251.7	(delta): 3.22469
56 (QN/Block) 	Elapsed: 0.15	Loglikelihood: -22248.2	(delta): 3.55584
57 (QN/Block) 	Elapsed: 0.117	Loglikelihood: -22252.2	(delta): -4.05781
58 (QN/Block) 	Elapsed: 0.097	Loglikelihood: -22257.3	(delta): -5.06271
59 (QN/Block) 	Elapsed: 0.083	Loglikelihood: -22262.1	(delta): -4.82236
60 (QN/Block) 	Elapsed: 0.084	Loglikelihood: -22212.6	(delta): 49.4731
61 (QN/Block) 	Elapsed: 0.109	Loglikelihood: -22128	(delta): 84.6451
62 (QN/Block) 	Elapsed: 0.101	Loglikelihood: -22097.1	(delta): 30.8435
63 (QN/Block) 	Elapsed: 0.087	Loglikelihood: -22083.7	(delta): 13.4853
64 (QN/Block) 	Elapsed: 0.087	Loglikelihood: -22069.2	(delta): 14.4995
65 (QN/Block) 	Elapsed: 0.098	Loglikelihood: -22055.5	(delta): 13.6948
66 (QN/Block) 	Elapsed: 0.13	Loglikelihood: -22046.8	(delta): 8.66112
67 (QN/Block) 	Elapsed: 0.169	Loglikelihood: -22044.5	(delta): 2.2698
68 (QN/Block) 	Elapsed: 0.161	Loglikelihood: -22042.6	(delta): 1.96464
69 (QN/Block) 	Elapsed: 0.102	Loglikelihood: -22037.8	(delta): 4.77215
70 (QN/Block) 	Elapsed: 0.144	Loglikelihood: -22037.8	(delta): 0.00133051
71 (QN/Block) 	Elapsed: 0.132	Loglikelihood: -22035.3	(delta): 2.53895
72 (QN/Block) 	Elapsed: 0.085	Loglikelihood: -22034.8	(delta): 0.433717
73 (QN/Block) 	Elapsed: 0.087	Loglikelihood: -22031.1	(delta): 3.68033
74 (QN/Block) 	Elapsed: 0.088	Loglikelihood: -22028.6	(delta): 2.5327
75 (QN/Block) 	Elapsed: 0.092	Loglikelihood: -22026.7	(delta): 1.93295
76 (QN/Block) 	Elapsed: 0.083	Loglikelihood: -22026.4	(delta): 0.29295
77 (QN/Block) 	Elapsed: 0.095	Loglikelihood: -22025.8	(delta): 0.612844
78 (QN/Block) 	Elapsed: 0.109	Loglikelihood: -22024.4	(delta): 1.40962
79 (QN/Block) 	Elapsed: 0.11	Loglikelihood: -22017.1	(delta): 7.24366
80 (QN/Block) 	Elapsed: 0.142	Loglikelihood: -22015.9	(delta): 1.20096
81 (QN/Block) 	Elapsed: 0.136	Loglikelihood: -22012.8	(delta): 3.12558
82 (QN/Block) 	Elapsed: 0.146	Loglikelihood: -22011.2	(delta): 1.60427
83 (QN/Block) 	Elapsed: 0.115	Loglikelihood: -22009.7	(delta): 1.47424
84 (QN/Block) 	Elapsed: 0.085	Loglikelihood: -22008	(delta): 1.74113
85 (QN/Block) 	Elapsed: 0.085	Loglikelihood: -22008	(delta): 0.000170589
86 (QN/Block) 	Elapsed: 0.082	Loglikelihood: -22008	(delta): 3.88336e-06
Summary: 
Converged in 86 iterations (8.807 sec)
Loglikelihood: -22007.969456
Fst divergences between estimated populations: 
	Pop0	Pop1	Pop2	Pop3	Pop4	Pop5	
Pop0	
Pop1	0.511	
Pop2	0.511	0.496	
Pop3	0.607	0.513	0.565	
Pop4	0.604	0.519	0.589	0.567	
Pop5	0.583	0.496	0.567	0.519	0.563	
Pop6	0.543	0.477	0.519	0.510	0.548	0.519	
CV error (K=7): 1.12062
Writing output files.
