****                   ADMIXTURE Version 1.3.0                  ****
****                    Copyright 2008-2015                     ****
****           David Alexander, Suyash Shringarpure,            ****
****                John  Novembre, Ken Lange                   ****
****                                                            ****
****                 Please cite our paper!                     ****
****   Information at www.genetics.ucla.edu/software/admixture  ****

Cross-validation will be performed.  Folds=10.
Random seed: 43
Point estimation method: Block relaxation algorithm
Convergence acceleration algorithm: QuasiNewton, 3 secant conditions
Point estimation will terminate when objective function delta < 0.0001
Estimation of standard errors disabled; will compute point estimates only.
Size of G: 9x7377
Performing five EM steps to prime main algorithm
1 (EM) 	Elapsed: 0.008	Loglikelihood: -38946.8	(delta): 31193.9
2 (EM) 	Elapsed: 0.01	Loglikelihood: -35390.6	(delta): 3556.22
3 (EM) 	Elapsed: 0.008	Loglikelihood: -33207.6	(delta): 2183.03
4 (EM) 	Elapsed: 0.008	Loglikelihood: -31513.1	(delta): 1694.51
5 (EM) 	Elapsed: 0.008	Loglikelihood: -30120.7	(delta): 1392.34
Initial loglikelihood: -30120.7
Starting main algorithm
1 (QN/Block) 	Elapsed: 0.085	Loglikelihood: -25033.2	(delta): 5087.55
2 (QN/Block) 	Elapsed: 0.083	Loglikelihood: -24452.3	(delta): 580.909
3 (QN/Block) 	Elapsed: 0.092	Loglikelihood: -24120.1	(delta): 332.133
4 (QN/Block) 	Elapsed: 0.1	Loglikelihood: -24065.2	(delta): 54.9419
5 (QN/Block) 	Elapsed: 0.091	Loglikelihood: -24034.6	(delta): 30.5928
6 (QN/Block) 	Elapsed: 0.086	Loglikelihood: -24030.5	(delta): 4.06657
7 (QN/Block) 	Elapsed: 0.09	Loglikelihood: -24029.9	(delta): 0.583098
8 (QN/Block) 	Elapsed: 0.09	Loglikelihood: -24016.3	(delta): 13.6735
9 (QN/Block) 	Elapsed: 0.089	Loglikelihood: -24014.2	(delta): 2.04806
10 (QN/Block) 	Elapsed: 0.092	Loglikelihood: -24012.9	(delta): 1.3431
11 (QN/Block) 	Elapsed: 0.089	Loglikelihood: -24012.7	(delta): 0.129288
12 (QN/Block) 	Elapsed: 0.088	Loglikelihood: -24012.6	(delta): 0.180224
13 (QN/Block) 	Elapsed: 0.089	Loglikelihood: -24012.6	(delta): 3.97953e-05
Summary: 
Converged in 13 iterations (1.234 sec)
Loglikelihood: -24012.564892
Fst divergences between estimated populations: 
	Pop0	Pop1	Pop2	Pop3	Pop4	Pop5	Pop6	
Pop0	
Pop1	0.525	
Pop2	0.407	0.537	
Pop3	0.456	0.532	0.483	
Pop4	0.462	0.506	0.413	0.479	
Pop5	0.484	0.505	0.525	0.513	0.502	
Pop6	0.531	0.557	0.486	0.506	0.405	0.549	
Pop7	0.540	0.557	0.512	0.557	0.507	0.574	0.574	
CV error (K=8): 0.77272
Writing output files.
