****                   ADMIXTURE Version 1.3.0                  ****
****                    Copyright 2008-2015                     ****
****           David Alexander, Suyash Shringarpure,            ****
****                John  Novembre, Ken Lange                   ****
****                                                            ****
****                 Please cite our paper!                     ****
****   Information at www.genetics.ucla.edu/software/admixture  ****

Cross-validation will be performed.  Folds=10.
Random seed: 43
Point estimation method: Block relaxation algorithm
Convergence acceleration algorithm: QuasiNewton, 3 secant conditions
Point estimation will terminate when objective function delta < 0.0001
Estimation of standard errors disabled; will compute point estimates only.
Size of G: 9x7377
Performing five EM steps to prime main algorithm
1 (EM) 	Elapsed: 0.01	Loglikelihood: -39176.4	(delta): 30302.9
2 (EM) 	Elapsed: 0.012	Loglikelihood: -35875.9	(delta): 3300.58
3 (EM) 	Elapsed: 0.01	Loglikelihood: -33836.7	(delta): 2039.12
4 (EM) 	Elapsed: 0.01	Loglikelihood: -32181.1	(delta): 1655.63
5 (EM) 	Elapsed: 0.012	Loglikelihood: -30770.7	(delta): 1410.42
Initial loglikelihood: -30770.7
Starting main algorithm
1 (QN/Block) 	Elapsed: 0.095	Loglikelihood: -24959.5	(delta): 5811.2
2 (QN/Block) 	Elapsed: 0.092	Loglikelihood: -24287.1	(delta): 672.414
3 (QN/Block) 	Elapsed: 0.106	Loglikelihood: -24236	(delta): 51.1086
4 (QN/Block) 	Elapsed: 0.092	Loglikelihood: -24218.1	(delta): 17.8585
5 (QN/Block) 	Elapsed: 0.101	Loglikelihood: -24206.9	(delta): 11.1748
6 (QN/Block) 	Elapsed: 0.095	Loglikelihood: -24202.9	(delta): 3.99906
7 (QN/Block) 	Elapsed: 0.1	Loglikelihood: -24202.5	(delta): 0.452769
8 (QN/Block) 	Elapsed: 0.117	Loglikelihood: -24202.5	(delta): 0.00095245
9 (QN/Block) 	Elapsed: 0.097	Loglikelihood: -24202.5	(delta): 1.78297e-08
Summary: 
Converged in 9 iterations (0.971 sec)
Loglikelihood: -24202.489922
Fst divergences between estimated populations: 
	Pop0	Pop1	Pop2	Pop3	Pop4	Pop5	Pop6	Pop7	
Pop0	
Pop1	0.450	
Pop2	0.499	0.460	
Pop3	0.531	0.539	0.539	
Pop4	0.454	0.461	0.446	0.497	
Pop5	0.442	0.455	0.492	0.491	0.455	
Pop6	0.527	0.544	0.527	0.553	0.406	0.541	
Pop7	0.508	0.503	0.562	0.515	0.477	0.467	0.504	
Pop8	0.490	0.513	0.492	0.497	0.456	0.468	0.525	0.544	
CV error (K=9): 0.19948
Writing output files.
