PLINK v2.00a3.6 AVX2 (14 Aug 2022)
Options in effect:
  --bfile exi_vl_subset
  --geno 0.999
  --make-bed
  --out exi_vl_subset2

Hostname: Samanthas-MBP
Working directory: /Users/sam/UBC/PhDThesis/GBS/admixture/exi_vl
Start time: Tue Aug 30 21:03:25 2022

Random number seed: 1661907805
16384 MiB RAM detected; reserving 8192 MiB for main workspace.
Using up to 4 compute threads.
30 samples (0 females, 0 males, 30 ambiguous; 30 founders) loaded from
exi_vl_subset.fam.
11067 variants loaded from exi_vl_subset.bim.
Note: No phenotype data present.
Calculating allele frequencies... done.
--geno: 6 variants removed due to missing genotype data.
11061 variants remaining after main filters.
Warning: Variants are not sorted by position.  Consider rerunning with the
--sort-vars flag added to remedy this.
Writing exi_vl_subset2.fam ... done.
Writing exi_vl_subset2.bim ... done.
Writing exi_vl_subset2.bed ... done.

End time: Tue Aug 30 21:03:25 2022
