****                   ADMIXTURE Version 1.3.0                  ****
****                    Copyright 2008-2015                     ****
****           David Alexander, Suyash Shringarpure,            ****
****                John  Novembre, Ken Lange                   ****
****                                                            ****
****                 Please cite our paper!                     ****
****   Information at www.genetics.ucla.edu/software/admixture  ****

Cross-validation will be performed.  Folds=10.
Random seed: 43
Point estimation method: Block relaxation algorithm
Convergence acceleration algorithm: QuasiNewton, 3 secant conditions
Point estimation will terminate when objective function delta < 0.0001
Estimation of standard errors disabled; will compute point estimates only.
Size of G: 30x11061
Performing five EM steps to prime main algorithm
1 (EM) 	Elapsed: 0.06	Loglikelihood: -108973	(delta): 313206
2 (EM) 	Elapsed: 0.059	Loglikelihood: -104891	(delta): 4082.25
3 (EM) 	Elapsed: 0.058	Loglikelihood: -102800	(delta): 2091.17
4 (EM) 	Elapsed: 0.059	Loglikelihood: -101102	(delta): 1698.12
5 (EM) 	Elapsed: 0.059	Loglikelihood: -99588.2	(delta): 1513.5
Initial loglikelihood: -99588.2
Starting main algorithm
1 (QN/Block) 	Elapsed: 0.264	Loglikelihood: -68518.5	(delta): 31069.7
2 (QN/Block) 	Elapsed: 0.261	Loglikelihood: -61940.6	(delta): 6577.88
3 (QN/Block) 	Elapsed: 0.29	Loglikelihood: -60168	(delta): 1772.57
4 (QN/Block) 	Elapsed: 0.297	Loglikelihood: -59338.9	(delta): 829.157
5 (QN/Block) 	Elapsed: 0.256	Loglikelihood: -59001.5	(delta): 337.368
6 (QN/Block) 	Elapsed: 0.255	Loglikelihood: -58878.3	(delta): 123.209
7 (QN/Block) 	Elapsed: 0.267	Loglikelihood: -58829.1	(delta): 49.249
8 (QN/Block) 	Elapsed: 0.255	Loglikelihood: -58814.5	(delta): 14.5195
9 (QN/Block) 	Elapsed: 0.263	Loglikelihood: -58809	(delta): 5.55504
10 (QN/Block) 	Elapsed: 0.268	Loglikelihood: -58808.7	(delta): 0.28731
11 (QN/Block) 	Elapsed: 0.259	Loglikelihood: -58808.7	(delta): 0.00698114
12 (QN/Block) 	Elapsed: 0.267	Loglikelihood: -58808.7	(delta): 0.000280591
13 (QN/Block) 	Elapsed: 0.255	Loglikelihood: -58808.7	(delta): 3.99122e-06
Summary: 
Converged in 13 iterations (3.841 sec)
Loglikelihood: -58808.691389
Fst divergences between estimated populations: 
	Pop0	Pop1	Pop2	Pop3	Pop4	Pop5	Pop6	Pop7	Pop8	
Pop0	
Pop1	0.389	
Pop2	0.387	0.337	
Pop3	0.351	0.304	0.325	
Pop4	0.399	0.347	0.391	0.347	
Pop5	0.444	0.394	0.428	0.396	0.429	
Pop6	0.367	0.152	0.317	0.281	0.331	0.381	
Pop7	0.089	0.396	0.396	0.365	0.407	0.449	0.378	
Pop8	0.446	0.401	0.434	0.401	0.432	0.135	0.388	0.446	
Pop9	0.399	0.322	0.344	0.291	0.371	0.403	0.311	0.403	0.404	
CV error (K=10): 0.13341
Writing output files.
