****                   ADMIXTURE Version 1.3.0                  ****
****                    Copyright 2008-2015                     ****
****           David Alexander, Suyash Shringarpure,            ****
****                John  Novembre, Ken Lange                   ****
****                                                            ****
****                 Please cite our paper!                     ****
****   Information at www.genetics.ucla.edu/software/admixture  ****

Cross-validation will be performed.  Folds=10.
Random seed: 43
Point estimation method: Block relaxation algorithm
Convergence acceleration algorithm: QuasiNewton, 3 secant conditions
Point estimation will terminate when objective function delta < 0.0001
Estimation of standard errors disabled; will compute point estimates only.
Size of G: 30x11061
Performing five EM steps to prime main algorithm
1 (EM) 	Elapsed: 0.071	Loglikelihood: -108902	(delta): 311549
2 (EM) 	Elapsed: 0.067	Loglikelihood: -104761	(delta): 4141.44
3 (EM) 	Elapsed: 0.067	Loglikelihood: -102625	(delta): 2136.2
4 (EM) 	Elapsed: 0.067	Loglikelihood: -100937	(delta): 1687.67
5 (EM) 	Elapsed: 0.066	Loglikelihood: -99492.1	(delta): 1444.81
Initial loglikelihood: -99492.1
Starting main algorithm
1 (QN/Block) 	Elapsed: 0.295	Loglikelihood: -71227	(delta): 28265.1
2 (QN/Block) 	Elapsed: 0.295	Loglikelihood: -61927.2	(delta): 9299.86
3 (QN/Block) 	Elapsed: 0.339	Loglikelihood: -59124.6	(delta): 2802.58
4 (QN/Block) 	Elapsed: 0.324	Loglikelihood: -58053.6	(delta): 1071.04
5 (QN/Block) 	Elapsed: 0.305	Loglikelihood: -57579.5	(delta): 474.076
6 (QN/Block) 	Elapsed: 0.318	Loglikelihood: -57329.7	(delta): 249.816
7 (QN/Block) 	Elapsed: 0.319	Loglikelihood: -57235.1	(delta): 94.6031
8 (QN/Block) 	Elapsed: 0.324	Loglikelihood: -57213.4	(delta): 21.6232
9 (QN/Block) 	Elapsed: 0.308	Loglikelihood: -57207.7	(delta): 5.69562
10 (QN/Block) 	Elapsed: 0.305	Loglikelihood: -57205.7	(delta): 2.01272
11 (QN/Block) 	Elapsed: 0.318	Loglikelihood: -57205.4	(delta): 0.307288
12 (QN/Block) 	Elapsed: 0.32	Loglikelihood: -57205.4	(delta): 0.0021923
13 (QN/Block) 	Elapsed: 0.304	Loglikelihood: -57205.4	(delta): 0.000683115
14 (QN/Block) 	Elapsed: 0.305	Loglikelihood: -57205.4	(delta): 3.932e-05
Summary: 
Converged in 14 iterations (4.816 sec)
Loglikelihood: -57205.417621
Fst divergences between estimated populations: 
	Pop0	Pop1	Pop2	Pop3	Pop4	Pop5	Pop6	Pop7	Pop8	Pop9	
Pop0	
Pop1	0.415	
Pop2	0.410	0.380	
Pop3	0.413	0.420	0.385	
Pop4	0.401	0.361	0.361	0.352	
Pop5	0.383	0.359	0.362	0.381	0.305	
Pop6	0.383	0.347	0.352	0.354	0.102	0.296	
Pop7	0.417	0.370	0.390	0.376	0.343	0.342	0.323	
Pop8	0.225	0.418	0.417	0.411	0.391	0.387	0.372	0.411	
Pop9	0.422	0.240	0.384	0.405	0.359	0.363	0.343	0.376	0.409	
Pop10	0.372	0.201	0.329	0.362	0.308	0.311	0.282	0.318	0.375	0.197	
CV error (K=11): 0.20123
Writing output files.
