****                   ADMIXTURE Version 1.3.0                  ****
****                    Copyright 2008-2015                     ****
****           David Alexander, Suyash Shringarpure,            ****
****                John  Novembre, Ken Lange                   ****
****                                                            ****
****                 Please cite our paper!                     ****
****   Information at www.genetics.ucla.edu/software/admixture  ****

Cross-validation will be performed.  Folds=10.
Random seed: 43
Point estimation method: Block relaxation algorithm
Convergence acceleration algorithm: QuasiNewton, 3 secant conditions
Point estimation will terminate when objective function delta < 0.0001
Estimation of standard errors disabled; will compute point estimates only.
Size of G: 30x11061
Performing five EM steps to prime main algorithm
1 (EM) 	Elapsed: 0.081	Loglikelihood: -109086	(delta): 309866
2 (EM) 	Elapsed: 0.076	Loglikelihood: -105159	(delta): 3926.31
3 (EM) 	Elapsed: 0.075	Loglikelihood: -103103	(delta): 2056.18
4 (EM) 	Elapsed: 0.075	Loglikelihood: -101373	(delta): 1729.86
5 (EM) 	Elapsed: 0.075	Loglikelihood: -99798.8	(delta): 1574.42
Initial loglikelihood: -99798.8
Starting main algorithm
1 (QN/Block) 	Elapsed: 0.338	Loglikelihood: -68553.1	(delta): 31245.7
2 (QN/Block) 	Elapsed: 0.335	Loglikelihood: -61314.8	(delta): 7238.26
3 (QN/Block) 	Elapsed: 0.392	Loglikelihood: -59102.6	(delta): 2212.21
4 (QN/Block) 	Elapsed: 0.359	Loglikelihood: -58109.8	(delta): 992.829
5 (QN/Block) 	Elapsed: 0.343	Loglikelihood: -57619.2	(delta): 490.545
6 (QN/Block) 	Elapsed: 0.357	Loglikelihood: -57368.9	(delta): 250.292
7 (QN/Block) 	Elapsed: 0.338	Loglikelihood: -57310.9	(delta): 58.0222
8 (QN/Block) 	Elapsed: 0.34	Loglikelihood: -57289.8	(delta): 21.0953
9 (QN/Block) 	Elapsed: 0.348	Loglikelihood: -57286.3	(delta): 3.49028
10 (QN/Block) 	Elapsed: 0.352	Loglikelihood: -57285.8	(delta): 0.528289
11 (QN/Block) 	Elapsed: 0.352	Loglikelihood: -57285.2	(delta): 0.565557
12 (QN/Block) 	Elapsed: 0.34	Loglikelihood: -57283.5	(delta): 1.72035
13 (QN/Block) 	Elapsed: 0.347	Loglikelihood: -57282.4	(delta): 1.0838
14 (QN/Block) 	Elapsed: 0.346	Loglikelihood: -57282.4	(delta): 0.000340548
15 (QN/Block) 	Elapsed: 0.339	Loglikelihood: -57282.3	(delta): 0.129885
16 (QN/Block) 	Elapsed: 0.337	Loglikelihood: -57282.3	(delta): 0.00751545
17 (QN/Block) 	Elapsed: 0.342	Loglikelihood: -57282.3	(delta): 0.00347687
18 (QN/Block) 	Elapsed: 0.347	Loglikelihood: -57282.3	(delta): 0.000308532
19 (QN/Block) 	Elapsed: 0.35	Loglikelihood: -57282.3	(delta): 0.000127751
20 (QN/Block) 	Elapsed: 0.35	Loglikelihood: -57282.3	(delta): 6.76109e-05
Summary: 
Converged in 20 iterations (7.464 sec)
Loglikelihood: -57282.271891
Fst divergences between estimated populations: 
	Pop0	Pop1	Pop2	Pop3	Pop4	Pop5	Pop6	Pop7	Pop8	Pop9	Pop10	
Pop0	
Pop1	0.424	
Pop2	0.394	0.348	
Pop3	0.435	0.384	0.343	
Pop4	0.124	0.423	0.397	0.437	
Pop5	0.419	0.361	0.096	0.362	0.418	
Pop6	0.431	0.374	0.345	0.239	0.431	0.364	
Pop7	0.430	0.384	0.323	0.375	0.430	0.340	0.370	
Pop8	0.397	0.365	0.296	0.370	0.397	0.316	0.363	0.342	
Pop9	0.425	0.383	0.352	0.405	0.432	0.356	0.422	0.377	0.384	
Pop10	0.393	0.331	0.287	0.207	0.391	0.314	0.211	0.318	0.319	0.366	
Pop11	0.461	0.119	0.392	0.422	0.461	0.401	0.417	0.424	0.401	0.425	0.374	
CV error (K=12): 0.17858
Writing output files.
