****                   ADMIXTURE Version 1.3.0                  ****
****                    Copyright 2008-2015                     ****
****           David Alexander, Suyash Shringarpure,            ****
****                John  Novembre, Ken Lange                   ****
****                                                            ****
****                 Please cite our paper!                     ****
****   Information at www.genetics.ucla.edu/software/admixture  ****

Cross-validation will be performed.  Folds=10.
Random seed: 43
Point estimation method: Block relaxation algorithm
Convergence acceleration algorithm: QuasiNewton, 3 secant conditions
Point estimation will terminate when objective function delta < 0.0001
Estimation of standard errors disabled; will compute point estimates only.
Size of G: 30x11061
Performing five EM steps to prime main algorithm
1 (EM) 	Elapsed: 0.01	Loglikelihood: -112402	(delta): 387941
2 (EM) 	Elapsed: 0.012	Loglikelihood: -109136	(delta): 3266.1
3 (EM) 	Elapsed: 0.012	Loglikelihood: -108005	(delta): 1130.94
4 (EM) 	Elapsed: 0.012	Loglikelihood: -107439	(delta): 566.389
5 (EM) 	Elapsed: 0.011	Loglikelihood: -107134	(delta): 305.062
Initial loglikelihood: -107134
Starting main algorithm
1 (QN/Block) 	Elapsed: 0.089	Loglikelihood: -100251	(delta): 6882.64
2 (QN/Block) 	Elapsed: 0.087	Loglikelihood: -98377.6	(delta): 1873.36
3 (QN/Block) 	Elapsed: 0.092	Loglikelihood: -97355.6	(delta): 1021.92
4 (QN/Block) 	Elapsed: 0.092	Loglikelihood: -97010.4	(delta): 345.209
5 (QN/Block) 	Elapsed: 0.088	Loglikelihood: -96909.5	(delta): 100.968
6 (QN/Block) 	Elapsed: 0.088	Loglikelihood: -96876.4	(delta): 33.0147
7 (QN/Block) 	Elapsed: 0.091	Loglikelihood: -96871.1	(delta): 5.30349
8 (QN/Block) 	Elapsed: 0.094	Loglikelihood: -96870.7	(delta): 0.460112
9 (QN/Block) 	Elapsed: 0.085	Loglikelihood: -96870.7	(delta): 0.000505258
10 (QN/Block) 	Elapsed: 0.085	Loglikelihood: -96870.7	(delta): 1.08907e-07
Summary: 
Converged in 10 iterations (0.994 sec)
Loglikelihood: -96870.676357
Fst divergences between estimated populations: 
	Pop0	
Pop0	
Pop1	0.182	
CV error (K=2): 0.22118
Writing output files.
