****                   ADMIXTURE Version 1.3.0                  ****
****                    Copyright 2008-2015                     ****
****           David Alexander, Suyash Shringarpure,            ****
****                John  Novembre, Ken Lange                   ****
****                                                            ****
****                 Please cite our paper!                     ****
****   Information at www.genetics.ucla.edu/software/admixture  ****

Cross-validation will be performed.  Folds=10.
Random seed: 43
Point estimation method: Block relaxation algorithm
Convergence acceleration algorithm: QuasiNewton, 3 secant conditions
Point estimation will terminate when objective function delta < 0.0001
Estimation of standard errors disabled; will compute point estimates only.
Size of G: 30x11061
Performing five EM steps to prime main algorithm
1 (EM) 	Elapsed: 0.019	Loglikelihood: -111399	(delta): 337445
2 (EM) 	Elapsed: 0.018	Loglikelihood: -108101	(delta): 3297.41
3 (EM) 	Elapsed: 0.02	Loglikelihood: -106695	(delta): 1405.96
4 (EM) 	Elapsed: 0.018	Loglikelihood: -105702	(delta): 993.382
5 (EM) 	Elapsed: 0.018	Loglikelihood: -104915	(delta): 787.276
Initial loglikelihood: -104915
Starting main algorithm
1 (QN/Block) 	Elapsed: 0.109	Loglikelihood: -90924.3	(delta): 13990.3
2 (QN/Block) 	Elapsed: 0.11	Loglikelihood: -84791.3	(delta): 6133.09
3 (QN/Block) 	Elapsed: 0.118	Loglikelihood: -81994.1	(delta): 2797.2
4 (QN/Block) 	Elapsed: 0.115	Loglikelihood: -81205.1	(delta): 788.929
5 (QN/Block) 	Elapsed: 0.121	Loglikelihood: -80844.4	(delta): 360.734
6 (QN/Block) 	Elapsed: 0.114	Loglikelihood: -80743.3	(delta): 101.063
7 (QN/Block) 	Elapsed: 0.114	Loglikelihood: -80692.5	(delta): 50.8243
8 (QN/Block) 	Elapsed: 0.115	Loglikelihood: -80661.1	(delta): 31.3687
9 (QN/Block) 	Elapsed: 0.136	Loglikelihood: -80657.5	(delta): 3.63672
10 (QN/Block) 	Elapsed: 0.117	Loglikelihood: -80656.5	(delta): 1.01084
11 (QN/Block) 	Elapsed: 0.118	Loglikelihood: -80654.8	(delta): 1.67577
12 (QN/Block) 	Elapsed: 0.119	Loglikelihood: -80652.9	(delta): 1.90823
13 (QN/Block) 	Elapsed: 0.121	Loglikelihood: -80651.8	(delta): 1.07599
14 (QN/Block) 	Elapsed: 0.116	Loglikelihood: -80650.1	(delta): 1.77737
15 (QN/Block) 	Elapsed: 0.119	Loglikelihood: -80646.8	(delta): 3.23271
16 (QN/Block) 	Elapsed: 0.125	Loglikelihood: -80634.5	(delta): 12.314
17 (QN/Block) 	Elapsed: 0.133	Loglikelihood: -80628.8	(delta): 5.69633
18 (QN/Block) 	Elapsed: 0.126	Loglikelihood: -80620.5	(delta): 8.28908
19 (QN/Block) 	Elapsed: 0.127	Loglikelihood: -80610.6	(delta): 9.88089
20 (QN/Block) 	Elapsed: 0.124	Loglikelihood: -80600.7	(delta): 9.96633
21 (QN/Block) 	Elapsed: 0.145	Loglikelihood: -80594.2	(delta): 6.45543
22 (QN/Block) 	Elapsed: 0.125	Loglikelihood: -80591.3	(delta): 2.88909
23 (QN/Block) 	Elapsed: 0.126	Loglikelihood: -80591.1	(delta): 0.190152
24 (QN/Block) 	Elapsed: 0.117	Loglikelihood: -80591.1	(delta): 0.00187826
25 (QN/Block) 	Elapsed: 0.114	Loglikelihood: -80591.1	(delta): 6.88375e-05
Summary: 
Converged in 25 iterations (3.211 sec)
Loglikelihood: -80591.135616
Fst divergences between estimated populations: 
	Pop0	Pop1	Pop2	
Pop0	
Pop1	0.248	
Pop2	0.301	0.395	
Pop3	0.167	0.272	0.325	
CV error (K=4): 0.19978
Writing output files.
