****                   ADMIXTURE Version 1.3.0                  ****
****                    Copyright 2008-2015                     ****
****           David Alexander, Suyash Shringarpure,            ****
****                John  Novembre, Ken Lange                   ****
****                                                            ****
****                 Please cite our paper!                     ****
****   Information at www.genetics.ucla.edu/software/admixture  ****

Cross-validation will be performed.  Folds=10.
Random seed: 43
Point estimation method: Block relaxation algorithm
Convergence acceleration algorithm: QuasiNewton, 3 secant conditions
Point estimation will terminate when objective function delta < 0.0001
Estimation of standard errors disabled; will compute point estimates only.
Size of G: 30x11061
Performing five EM steps to prime main algorithm
1 (EM) 	Elapsed: 0.033	Loglikelihood: -110911	(delta): 320537
2 (EM) 	Elapsed: 0.031	Loglikelihood: -107753	(delta): 3158.29
3 (EM) 	Elapsed: 0.031	Loglikelihood: -106427	(delta): 1326.12
4 (EM) 	Elapsed: 0.029	Loglikelihood: -105425	(delta): 1002.04
5 (EM) 	Elapsed: 0.029	Loglikelihood: -104568	(delta): 856.958
Initial loglikelihood: -104568
Starting main algorithm
1 (QN/Block) 	Elapsed: 0.153	Loglikelihood: -80760.5	(delta): 23807.3
2 (QN/Block) 	Elapsed: 0.185	Loglikelihood: -73088.6	(delta): 7671.92
3 (QN/Block) 	Elapsed: 0.174	Loglikelihood: -70919.1	(delta): 2169.45
4 (QN/Block) 	Elapsed: 0.166	Loglikelihood: -69738.6	(delta): 1180.58
5 (QN/Block) 	Elapsed: 0.175	Loglikelihood: -69136.5	(delta): 602.042
6 (QN/Block) 	Elapsed: 0.162	Loglikelihood: -68894.4	(delta): 242.093
7 (QN/Block) 	Elapsed: 0.158	Loglikelihood: -68821.7	(delta): 72.674
8 (QN/Block) 	Elapsed: 0.155	Loglikelihood: -68810	(delta): 11.7695
9 (QN/Block) 	Elapsed: 0.164	Loglikelihood: -68807	(delta): 2.95417
10 (QN/Block) 	Elapsed: 0.157	Loglikelihood: -68805.9	(delta): 1.08059
11 (QN/Block) 	Elapsed: 0.162	Loglikelihood: -68805.9	(delta): 0.0861536
12 (QN/Block) 	Elapsed: 0.167	Loglikelihood: -68805.8	(delta): 0.065698
13 (QN/Block) 	Elapsed: 0.159	Loglikelihood: -68805.8	(delta): 0.036274
14 (QN/Block) 	Elapsed: 0.176	Loglikelihood: -68805.7	(delta): 0.00328432
15 (QN/Block) 	Elapsed: 0.169	Loglikelihood: -68805.7	(delta): 0.00298606
16 (QN/Block) 	Elapsed: 0.167	Loglikelihood: -68805.7	(delta): 0.00255722
17 (QN/Block) 	Elapsed: 0.167	Loglikelihood: -68805.7	(delta): 0.00218614
18 (QN/Block) 	Elapsed: 0.168	Loglikelihood: -68805.7	(delta): 0.00186753
19 (QN/Block) 	Elapsed: 0.171	Loglikelihood: -68805.7	(delta): 0.00395914
20 (QN/Block) 	Elapsed: 0.221	Loglikelihood: -68805.7	(delta): 0.00171651
21 (QN/Block) 	Elapsed: 0.237	Loglikelihood: -68805.7	(delta): 1.1918e-08
Summary: 
Converged in 21 iterations (3.875 sec)
Loglikelihood: -68805.732570
Fst divergences between estimated populations: 
	Pop0	Pop1	Pop2	Pop3	Pop4	
Pop0	
Pop1	0.297	
Pop2	0.339	0.287	
Pop3	0.385	0.309	0.362	
Pop4	0.319	0.261	0.286	0.345	
Pop5	0.308	0.260	0.297	0.314	0.273	
CV error (K=6): 0.19372
Writing output files.
