****                   ADMIXTURE Version 1.3.0                  ****
****                    Copyright 2008-2015                     ****
****           David Alexander, Suyash Shringarpure,            ****
****                John  Novembre, Ken Lange                   ****
****                                                            ****
****                 Please cite our paper!                     ****
****   Information at www.genetics.ucla.edu/software/admixture  ****

Cross-validation will be performed.  Folds=10.
Random seed: 43
Point estimation method: Block relaxation algorithm
Convergence acceleration algorithm: QuasiNewton, 3 secant conditions
Point estimation will terminate when objective function delta < 0.0001
Estimation of standard errors disabled; will compute point estimates only.
Size of G: 30x11061
Performing five EM steps to prime main algorithm
1 (EM) 	Elapsed: 0.036	Loglikelihood: -109301	(delta): 319235
2 (EM) 	Elapsed: 0.035	Loglikelihood: -105098	(delta): 4203.17
3 (EM) 	Elapsed: 0.034	Loglikelihood: -103025	(delta): 2073.12
4 (EM) 	Elapsed: 0.038	Loglikelihood: -101494	(delta): 1530.99
5 (EM) 	Elapsed: 0.035	Loglikelihood: -100248	(delta): 1246.45
Initial loglikelihood: -100248
Starting main algorithm
1 (QN/Block) 	Elapsed: 0.169	Loglikelihood: -77855.8	(delta): 22391.8
2 (QN/Block) 	Elapsed: 0.171	Loglikelihood: -70787	(delta): 7068.88
3 (QN/Block) 	Elapsed: 0.184	Loglikelihood: -63846	(delta): 6940.95
4 (QN/Block) 	Elapsed: 0.187	Loglikelihood: -61283.7	(delta): 2562.31
5 (QN/Block) 	Elapsed: 0.176	Loglikelihood: -60490.9	(delta): 792.791
6 (QN/Block) 	Elapsed: 0.195	Loglikelihood: -60109	(delta): 381.873
7 (QN/Block) 	Elapsed: 0.177	Loglikelihood: -59985	(delta): 124.079
8 (QN/Block) 	Elapsed: 0.194	Loglikelihood: -59952.1	(delta): 32.9001
9 (QN/Block) 	Elapsed: 0.184	Loglikelihood: -59946.8	(delta): 5.28011
10 (QN/Block) 	Elapsed: 0.212	Loglikelihood: -59945.6	(delta): 1.19944
11 (QN/Block) 	Elapsed: 0.205	Loglikelihood: -59945.6	(delta): 1.17143e-09
Summary: 
Converged in 11 iterations (2.3 sec)
Loglikelihood: -59945.577226
Fst divergences between estimated populations: 
	Pop0	Pop1	Pop2	Pop3	Pop4	Pop5	
Pop0	
Pop1	0.341	
Pop2	0.383	0.309	
Pop3	0.339	0.262	0.343	
Pop4	0.371	0.296	0.384	0.320	
Pop5	0.401	0.344	0.402	0.370	0.406	
Pop6	0.380	0.289	0.361	0.284	0.337	0.373	
CV error (K=7): 0.16375
Writing output files.
