****                   ADMIXTURE Version 1.3.0                  ****
****                    Copyright 2008-2015                     ****
****           David Alexander, Suyash Shringarpure,            ****
****                John  Novembre, Ken Lange                   ****
****                                                            ****
****                 Please cite our paper!                     ****
****   Information at www.genetics.ucla.edu/software/admixture  ****

Cross-validation will be performed.  Folds=10.
Random seed: 43
Point estimation method: Block relaxation algorithm
Convergence acceleration algorithm: QuasiNewton, 3 secant conditions
Point estimation will terminate when objective function delta < 0.0001
Estimation of standard errors disabled; will compute point estimates only.
Size of G: 30x11061
Performing five EM steps to prime main algorithm
1 (EM) 	Elapsed: 0.051	Loglikelihood: -109636	(delta): 316638
2 (EM) 	Elapsed: 0.062	Loglikelihood: -105774	(delta): 3861.45
3 (EM) 	Elapsed: 0.049	Loglikelihood: -103910	(delta): 1864.45
4 (EM) 	Elapsed: 0.044	Loglikelihood: -102468	(delta): 1442.03
5 (EM) 	Elapsed: 0.06	Loglikelihood: -101229	(delta): 1238.25
Initial loglikelihood: -101229
Starting main algorithm
1 (QN/Block) 	Elapsed: 0.309	Loglikelihood: -74469.1	(delta): 26760.3
2 (QN/Block) 	Elapsed: 0.23	Loglikelihood: -66207.3	(delta): 8261.75
3 (QN/Block) 	Elapsed: 0.253	Loglikelihood: -63195.4	(delta): 3011.92
4 (QN/Block) 	Elapsed: 0.257	Loglikelihood: -60695.2	(delta): 2500.17
5 (QN/Block) 	Elapsed: 0.24	Loglikelihood: -60033.7	(delta): 661.458
6 (QN/Block) 	Elapsed: 0.276	Loglikelihood: -59829.8	(delta): 203.952
7 (QN/Block) 	Elapsed: 0.236	Loglikelihood: -59779.5	(delta): 50.3252
8 (QN/Block) 	Elapsed: 0.258	Loglikelihood: -59758.1	(delta): 21.3952
9 (QN/Block) 	Elapsed: 0.219	Loglikelihood: -59751	(delta): 7.08389
10 (QN/Block) 	Elapsed: 0.213	Loglikelihood: -59745.6	(delta): 5.36723
11 (QN/Block) 	Elapsed: 0.214	Loglikelihood: -59744.7	(delta): 0.956193
12 (QN/Block) 	Elapsed: 0.204	Loglikelihood: -59744.5	(delta): 0.150855
13 (QN/Block) 	Elapsed: 0.204	Loglikelihood: -59744.5	(delta): 0.018648
14 (QN/Block) 	Elapsed: 0.201	Loglikelihood: -59744.5	(delta): 0.000157252
15 (QN/Block) 	Elapsed: 0.211	Loglikelihood: -59744.5	(delta): 1.04212e-06
Summary: 
Converged in 15 iterations (3.89 sec)
Loglikelihood: -59744.497822
Fst divergences between estimated populations: 
	Pop0	Pop1	Pop2	Pop3	Pop4	Pop5	Pop6	
Pop0	
Pop1	0.414	
Pop2	0.387	0.404	
Pop3	0.300	0.351	0.309	
Pop4	0.337	0.376	0.361	0.288	
Pop5	0.416	0.222	0.426	0.349	0.389	
Pop6	0.319	0.374	0.343	0.263	0.287	0.348	
Pop7	0.374	0.408	0.384	0.341	0.380	0.413	0.339	
CV error (K=8): 0.15624
Writing output files.
