****                   ADMIXTURE Version 1.3.0                  ****
****                    Copyright 2008-2015                     ****
****           David Alexander, Suyash Shringarpure,            ****
****                John  Novembre, Ken Lange                   ****
****                                                            ****
****                 Please cite our paper!                     ****
****   Information at www.genetics.ucla.edu/software/admixture  ****

Cross-validation will be performed.  Folds=10.
Random seed: 43
Point estimation method: Block relaxation algorithm
Convergence acceleration algorithm: QuasiNewton, 3 secant conditions
Point estimation will terminate when objective function delta < 0.0001
Estimation of standard errors disabled; will compute point estimates only.
Size of G: 30x11061
Performing five EM steps to prime main algorithm
1 (EM) 	Elapsed: 0.053	Loglikelihood: -109624	(delta): 315191
2 (EM) 	Elapsed: 0.052	Loglikelihood: -105768	(delta): 3855.95
3 (EM) 	Elapsed: 0.051	Loglikelihood: -103797	(delta): 1970.99
4 (EM) 	Elapsed: 0.051	Loglikelihood: -102179	(delta): 1617.51
5 (EM) 	Elapsed: 0.052	Loglikelihood: -100729	(delta): 1450.14
Initial loglikelihood: -100729
Starting main algorithm
1 (QN/Block) 	Elapsed: 0.225	Loglikelihood: -71585.2	(delta): 29143.8
2 (QN/Block) 	Elapsed: 0.224	Loglikelihood: -64334.5	(delta): 7250.71
3 (QN/Block) 	Elapsed: 0.241	Loglikelihood: -60562.8	(delta): 3771.73
4 (QN/Block) 	Elapsed: 0.26	Loglikelihood: -59202	(delta): 1360.74
5 (QN/Block) 	Elapsed: 0.244	Loglikelihood: -58780.7	(delta): 421.285
6 (QN/Block) 	Elapsed: 0.234	Loglikelihood: -58572.8	(delta): 207.94
7 (QN/Block) 	Elapsed: 0.238	Loglikelihood: -58521.9	(delta): 50.842
8 (QN/Block) 	Elapsed: 0.237	Loglikelihood: -58507.5	(delta): 14.4381
9 (QN/Block) 	Elapsed: 0.318	Loglikelihood: -58502	(delta): 5.47858
10 (QN/Block) 	Elapsed: 0.245	Loglikelihood: -58501.6	(delta): 0.400819
11 (QN/Block) 	Elapsed: 0.244	Loglikelihood: -58501.6	(delta): 0.00677762
12 (QN/Block) 	Elapsed: 0.233	Loglikelihood: -58501.6	(delta): 0.00373543
13 (QN/Block) 	Elapsed: 0.234	Loglikelihood: -58501.6	(delta): 1.90623e-06
Summary: 
Converged in 13 iterations (3.519 sec)
Loglikelihood: -58501.621153
Fst divergences between estimated populations: 
	Pop0	Pop1	Pop2	Pop3	Pop4	Pop5	Pop6	Pop7	
Pop0	
Pop1	0.176	
Pop2	0.359	0.312	
Pop3	0.341	0.305	0.346	
Pop4	0.340	0.306	0.343	0.310	
Pop5	0.391	0.367	0.411	0.377	0.397	
Pop6	0.323	0.282	0.329	0.296	0.098	0.377	
Pop7	0.380	0.365	0.375	0.383	0.355	0.407	0.354	
Pop8	0.366	0.326	0.389	0.365	0.363	0.403	0.355	0.385	
CV error (K=9): 0.15302
Writing output files.
